#
# There is insufficient memory for the Java Runtime Environment to continue.
# Native memory allocation (mmap) failed to map 123731968 bytes for G1 virtual space
# Possible reasons:
#   The system is out of physical RAM or swap space
#   The process is running with CompressedOops enabled, and the Java Heap may be blocking the growth of the native heap
# Possible solutions:
#   Reduce memory load on the system
#   Increase physical memory or swap space
#   Check if swap backing store is full
#   Decrease Java heap size (-Xmx/-Xms)
#   Decrease number of Java threads
#   Decrease Java thread stack sizes (-Xss)
#   Set larger code cache with -XX:ReservedCodeCacheSize=
#   JVM is running with Unscaled Compressed Oops mode in which the Java heap is
#     placed in the first 4GB address space. The Java Heap base address is the
#     maximum limit for the native heap growth. Please use -XX:HeapBaseMinAddress
#     to set the Java Heap base and to place the Java Heap above 4GB virtual address.
# This output file may be truncated or incomplete.
#
#  Out of Memory Error (os_windows.cpp:3548), pid=19552, tid=9360
#
# JRE version:  (17.0.11+7) (build )
# Java VM: Java HotSpot(TM) 64-Bit Server VM (17.0.11+7-LTS-207, mixed mode, sharing, tiered, compressed oops, compressed class ptrs, g1 gc, windows-amd64)
# No core dump will be written. Minidumps are not enabled by default on client versions of Windows
#

---------------  S U M M A R Y ------------

Command Line: -Dfile.encoding=UTF-8 --module-path=C:\Users\lalita\OneDrive\Documents\NetBeansProjects\Airline Management System\build\classes airline.management.system.Login

Host: AMD Ryzen 5 5500U with Radeon Graphics         , 12 cores, 7G,  Windows 11 , 64 bit Build 22621 (10.0.22621.3958)
Time: Thu Oct 10 08:34:22 2024 India Standard Time elapsed time: 0.023436 seconds (0d 0h 0m 0s)

---------------  T H R E A D  ---------------

Current thread (0x000002367304e5f0):  JavaThread "Unknown thread" [_thread_in_vm, id=9360, stack(0x0000004802100000,0x0000004802200000)]

Stack: [0x0000004802100000,0x0000004802200000]
Native frames: (J=compiled Java code, j=interpreted, Vv=VM code, C=native code)
V  [jvm.dll+0x679cca]
V  [jvm.dll+0x7da13d]
V  [jvm.dll+0x7dba83]
V  [jvm.dll+0x7dc0f3]
V  [jvm.dll+0x2449af]
V  [jvm.dll+0x676ce9]
V  [jvm.dll+0x66b852]
V  [jvm.dll+0x3018d6]
V  [jvm.dll+0x308e76]
V  [jvm.dll+0x3596ee]
V  [jvm.dll+0x35991f]
V  [jvm.dll+0x2d89a8]
V  [jvm.dll+0x2d9914]
V  [jvm.dll+0x7ac6b1]
V  [jvm.dll+0x366f61]
V  [jvm.dll+0x78b609]
V  [jvm.dll+0x3ec22f]
V  [jvm.dll+0x3ede61]
C  [jli.dll+0x5297]
C  [ucrtbase.dll+0x29333]
C  [KERNEL32.DLL+0x1257d]
C  [ntdll.dll+0x5af28]


---------------  P R O C E S S  ---------------

Threads class SMR info:
_java_thread_list=0x00007ff9dcb07a18, length=0, elements={
}

Java Threads: ( => current thread )

Other Threads:
  0x00000236730a3a50 GCTaskThread "GC Thread#0" [stack: 0x0000004802200000,0x0000004802300000] [id=20048]
  0x00000236730b3460 ConcurrentGCThread "G1 Main Marker" [stack: 0x0000004802300000,0x0000004802400000] [id=10924]
  0x00000236730b4610 ConcurrentGCThread "G1 Conc#0" [stack: 0x0000004802400000,0x0000004802500000] [id=8488]

[error occurred during error reporting (printing all threads), id 0xc0000005, EXCEPTION_ACCESS_VIOLATION (0xc0000005) at pc=0x00007ff9dc339497]

VM state: not at safepoint (not fully initialized)

VM Mutex/Monitor currently owned by a thread:  ([mutex/lock_event])
[0x0000023673049fc0] Heap_lock - owner thread: 0x000002367304e5f0

Heap address: 0x000000008aa00000, size: 1878 MB, Compressed Oops mode: 32-bit

CDS archive(s) mapped at: [0x0000000000000000-0x0000000000000000-0x0000000000000000), size 0, SharedBaseAddress: 0x0000000800000000, ArchiveRelocationMode: 1.
Narrow klass base: 0x0000000000000000, Narrow klass shift: 0, Narrow klass range: 0x0

GC Precious Log:
<Empty>

Heap:
 garbage-first heap   total 0K, used 0K [0x000000008aa00000, 0x0000000100000000)
  region size 1024K, 0 young (0K), 0 survivors (0K)

[error occurred during error reporting (printing heap information), id 0xc0000005, EXCEPTION_ACCESS_VIOLATION (0xc0000005) at pc=0x00007ff9dc723559]

GC Heap History (0 events):
No events

Deoptimization events (0 events):
No events

Classes unloaded (0 events):
No events

Classes redefined (0 events):
No events

Internal exceptions (0 events):
No events

VM Operations (0 events):
No events

Events (1 events):
Event: 0.013 Loaded shared library C:\Program Files\Java\jdk-17\bin\java.dll


Dynamic libraries:
0x00007ff7b0b00000 - 0x00007ff7b0b10000 	C:\Program Files\Java\jdk-17\bin\java.exe
0x00007ffa7eff0000 - 0x00007ffa7f207000 	C:\WINDOWS\SYSTEM32\ntdll.dll
0x00007ffa7d040000 - 0x00007ffa7d104000 	C:\WINDOWS\System32\KERNEL32.DLL
0x00007ffa7c800000 - 0x00007ffa7cbad000 	C:\WINDOWS\System32\KERNELBASE.dll
0x00007ffa7c430000 - 0x00007ffa7c541000 	C:\WINDOWS\System32\ucrtbase.dll
0x00007ffa77ab0000 - 0x00007ffa77ac9000 	C:\Program Files\Java\jdk-17\bin\jli.dll
0x00007ffa77a00000 - 0x00007ffa77a1b000 	C:\Program Files\Java\jdk-17\bin\VCRUNTIME140.dll
0x00007ffa7cf20000 - 0x00007ffa7cfd2000 	C:\WINDOWS\System32\ADVAPI32.dll
0x00007ffa7d560000 - 0x00007ffa7d607000 	C:\WINDOWS\System32\msvcrt.dll
0x00007ffa7d110000 - 0x00007ffa7d1b9000 	C:\WINDOWS\System32\sechost.dll
0x00007ffa7c620000 - 0x00007ffa7c648000 	C:\WINDOWS\System32\bcrypt.dll
0x00007ffa7ed30000 - 0x00007ffa7ee44000 	C:\WINDOWS\System32\RPCRT4.dll
0x00007ffa7d8e0000 - 0x00007ffa7da8e000 	C:\WINDOWS\System32\USER32.dll
0x00007ffa7c5f0000 - 0x00007ffa7c616000 	C:\WINDOWS\System32\win32u.dll
0x00007ffa62da0000 - 0x00007ffa63033000 	C:\WINDOWS\WinSxS\amd64_microsoft.windows.common-controls_6595b64144ccf1df_6.0.22621.3672_none_2713b9d173822955\COMCTL32.dll
0x00007ffa7ee50000 - 0x00007ffa7ee79000 	C:\WINDOWS\System32\GDI32.dll
0x00007ffa7c310000 - 0x00007ffa7c429000 	C:\WINDOWS\System32\gdi32full.dll
0x00007ffa7c550000 - 0x00007ffa7c5ea000 	C:\WINDOWS\System32\msvcp_win.dll
0x00007ffa74da0000 - 0x00007ffa74daa000 	C:\WINDOWS\SYSTEM32\VERSION.dll
0x00007ffa7d8a0000 - 0x00007ffa7d8d1000 	C:\WINDOWS\System32\IMM32.DLL
0x00007ffa77280000 - 0x00007ffa7728c000 	C:\Program Files\Java\jdk-17\bin\vcruntime140_1.dll
0x00007ffa45b30000 - 0x00007ffa45bbe000 	C:\Program Files\Java\jdk-17\bin\msvcp140.dll
0x00007ff9dc050000 - 0x00007ff9dcc30000 	C:\Program Files\Java\jdk-17\bin\server\jvm.dll
0x00007ffa7e2e0000 - 0x00007ffa7e2e8000 	C:\WINDOWS\System32\PSAPI.DLL
0x00007ffa77470000 - 0x00007ffa774a4000 	C:\WINDOWS\SYSTEM32\WINMM.dll
0x00007ffa787e0000 - 0x00007ffa787e9000 	C:\WINDOWS\SYSTEM32\WSOCK32.dll
0x00007ffa7d820000 - 0x00007ffa7d891000 	C:\WINDOWS\System32\WS2_32.dll
0x00007ffa7b360000 - 0x00007ffa7b378000 	C:\WINDOWS\SYSTEM32\kernel.appcore.dll
0x00007ffa69530000 - 0x00007ffa6953a000 	C:\Program Files\Java\jdk-17\bin\jimage.dll
0x00007ffa73420000 - 0x00007ffa73652000 	C:\WINDOWS\SYSTEM32\DBGHELP.DLL
0x00007ffa7d1d0000 - 0x00007ffa7d55e000 	C:\WINDOWS\System32\combase.dll
0x00007ffa7dfa0000 - 0x00007ffa7e077000 	C:\WINDOWS\System32\OLEAUT32.dll
0x00007ffa60850000 - 0x00007ffa60882000 	C:\WINDOWS\SYSTEM32\dbgcore.DLL
0x00007ffa7c780000 - 0x00007ffa7c7fb000 	C:\WINDOWS\System32\bcryptPrimitives.dll
0x00007ffa69450000 - 0x00007ffa69475000 	C:\Program Files\Java\jdk-17\bin\java.dll

dbghelp: loaded successfully - version: 4.0.5 - missing functions: none
symbol engine: initialized successfully - sym options: 0x614 - pdb path: .;C:\Program Files\Java\jdk-17\bin;C:\WINDOWS\SYSTEM32;C:\WINDOWS\WinSxS\amd64_microsoft.windows.common-controls_6595b64144ccf1df_6.0.22621.3672_none_2713b9d173822955;C:\Program Files\Java\jdk-17\bin\server

VM Arguments:
jvm_args: -Dfile.encoding=UTF-8 --module-path=C:\Users\lalita\OneDrive\Documents\NetBeansProjects\Airline Management System\build\classes 
java_command: airline.management.system.Login
java_class_path (initial): C:\Users\lalita\OneDrive\Documents\NetBeansProjects\Airline Management System\build\classes
Launcher Type: SUN_STANDARD

[Global flags]
     intx CICompilerCount                          = 4                                         {product} {ergonomic}
     uint ConcGCThreads                            = 3                                         {product} {ergonomic}
     uint G1ConcRefinementThreads                  = 10                                        {product} {ergonomic}
   size_t G1HeapRegionSize                         = 1048576                                   {product} {ergonomic}
    uintx GCDrainStackTargetSize                   = 64                                        {product} {ergonomic}
   size_t InitialHeapSize                          = 123731968                                 {product} {ergonomic}
   size_t MarkStackSize                            = 4194304                                   {product} {ergonomic}
   size_t MaxHeapSize                              = 1969225728                                {product} {ergonomic}
   size_t MinHeapDeltaBytes                        = 1048576                                   {product} {ergonomic}
   size_t MinHeapSize                              = 8388608                                   {product} {ergonomic}
    uintx NonNMethodCodeHeapSize                   = 5839372                                {pd product} {ergonomic}
    uintx NonProfiledCodeHeapSize                  = 122909434                              {pd product} {ergonomic}
    uintx ProfiledCodeHeapSize                     = 122909434                              {pd product} {ergonomic}
    uintx ReservedCodeCacheSize                    = 251658240                              {pd product} {ergonomic}
     bool SegmentedCodeCache                       = true                                      {product} {ergonomic}
   size_t SoftMaxHeapSize                          = 1969225728                             {manageable} {ergonomic}
     bool UseCompressedClassPointers               = true                           {product lp64_product} {ergonomic}
     bool UseCompressedOops                        = true                           {product lp64_product} {ergonomic}
     bool UseG1GC                                  = true                                      {product} {ergonomic}
     bool UseLargePagesIndividualAllocation        = false                                  {pd product} {ergonomic}

Logging:
Log output configuration:
 #0: stdout all=warning uptime,level,tags
 #1: stderr all=off uptime,level,tags

Environment Variables:
PATH=C:\Program Files\Common Files\Oracle\Java\javapath;C:\Program Files (x86)\Common Files\Oracle\Java\javapath;C:\WINDOWS\system32;C:\WINDOWS;C:\WINDOWS\System32\Wbem;C:\WINDOWS\System32\WindowsPowerShell\v1.0\;C:\WINDOWS\System32\OpenSSH\;C:\MinGW\bin;D:\Git\cmd;C:\Program Files\Java\jdk-17\bin;C:\Program Files\MySQL\MySQL Shell 8.0\bin\;C:\Program Files\nodejs\;C:\Users\lalita\AppData\Local\Programs\Microsoft VS Code\bin;
USERNAME=lalita
OS=Windows_NT
PROCESSOR_IDENTIFIER=AMD64 Family 23 Model 104 Stepping 1, AuthenticAMD



---------------  S Y S T E M  ---------------

OS:
 Windows 11 , 64 bit Build 22621 (10.0.22621.3958)
OS uptime: 0 days 2:21 hours

CPU: total 12 (initial active 12) (12 cores per cpu, 2 threads per core) family 23 model 104 stepping 1 microcode 0x0, cx8, cmov, fxsr, ht, mmx, 3dnowpref, sse, sse2, sse3, ssse3, sse4a, sse4.1, sse4.2, popcnt, lzcnt, tsc, tscinvbit, avx, avx2, aes, clmul, bmi1, bmi2, adx, sha, fma, vzeroupper, clflush, clflushopt

Memory: 4k page, system-wide physical 7504M (541M free)
TotalPageFile size 22778M (AvailPageFile size 86M)
current process WorkingSet (physical memory assigned to process): 11M, peak: 11M
current process commit charge ("private bytes"): 64M, peak: 182M

vm_info: Java HotSpot(TM) 64-Bit Server VM (17.0.11+7-LTS-207) for windows-amd64 JRE (17.0.11+7-LTS-207), built on Mar 11 2024 19:01:50 by "mach5one" with MS VC++ 17.6 (VS2022)

END.
