#
# There is insufficient memory for the Java Runtime Environment to continue.
# Native memory allocation (malloc) failed to allocate 407136 bytes for Chunk::new
# Possible reasons:
#   The system is out of physical RAM or swap space
#   The process is running with CompressedOops enabled, and the Java Heap may be blocking the growth of the native heap
# Possible solutions:
#   Reduce memory load on the system
#   Increase physical memory or swap space
#   Check if swap backing store is full
#   Decrease Java heap size (-Xmx/-Xms)
#   Decrease number of Java threads
#   Decrease Java thread stack sizes (-Xss)
#   Set larger code cache with -XX:ReservedCodeCacheSize=
#   JVM is running with Unscaled Compressed Oops mode in which the Java heap is
#     placed in the first 4GB address space. The Java Heap base address is the
#     maximum limit for the native heap growth. Please use -XX:HeapBaseMinAddress
#     to set the Java Heap base and to place the Java Heap above 4GB virtual address.
# This output file may be truncated or incomplete.
#
#  Out of Memory Error (arena.cpp:189), pid=22768, tid=11972
#
# JRE version: Java(TM) SE Runtime Environment (17.0.11+7) (build 17.0.11+7-LTS-207)
# Java VM: Java HotSpot(TM) 64-Bit Server VM (17.0.11+7-LTS-207, mixed mode, sharing, tiered, compressed oops, compressed class ptrs, g1 gc, windows-amd64)
# No core dump will be written. Minidumps are not enabled by default on client versions of Windows
#

---------------  S U M M A R Y ------------

Command Line: -Dfile.encoding=UTF-8 --module-path=C:\Users\lalita\OneDrive\Documents\NetBeansProjects\Airline Management System\build\classes airlinemanagementsystem.BoardingPass

Host: AMD Ryzen 5 5500U with Radeon Graphics         , 12 cores, 7G,  Windows 11 , 64 bit Build 22621 (10.0.22621.3958)
Time: Mon Oct 21 12:56:47 2024 India Standard Time elapsed time: 1.391366 seconds (0d 0h 0m 1s)

---------------  T H R E A D  ---------------

Current thread (0x000001c349680d90):  JavaThread "C2 CompilerThread0" daemon [_thread_in_native, id=11972, stack(0x000000067d400000,0x000000067d500000)]


Current CompileTask:
C2:   1391  748   !   4       sun.awt.image.PNGImageDecoder::produceImage (1917 bytes)

Stack: [0x000000067d400000,0x000000067d500000]
Native frames: (J=compiled Java code, j=interpreted, Vv=VM code, C=native code)
V  [jvm.dll+0x679cca]
V  [jvm.dll+0x7da13d]
V  [jvm.dll+0x7dba83]
V  [jvm.dll+0x7dc0f3]
V  [jvm.dll+0x2449af]
V  [jvm.dll+0xab83b]
V  [jvm.dll+0xabe1c]
V  [jvm.dll+0x2a9e6f]
V  [jvm.dll+0x5818d9]
V  [jvm.dll+0x21ed62]
V  [jvm.dll+0x217cf6]
V  [jvm.dll+0x215505]
V  [jvm.dll+0x1a2040]
V  [jvm.dll+0x225a2b]
V  [jvm.dll+0x223bcb]
V  [jvm.dll+0x7903ec]
V  [jvm.dll+0x78a85a]
V  [jvm.dll+0x678bb5]
C  [ucrtbase.dll+0x29333]
C  [KERNEL32.DLL+0x1257d]
C  [ntdll.dll+0x5af28]


---------------  P R O C E S S  ---------------

Threads class SMR info:
_java_thread_list=0x000001c38ffd96d0, length=15, elements={
0x000001c32b660be0, 0x000001c349667ca0, 0x000001c349668830, 0x000001c34967d050,
0x000001c34967d920, 0x000001c34967e1f0, 0x000001c34967fad0, 0x000001c349680d90,
0x000001c349681750, 0x000001c349684070, 0x000001c34964f860, 0x000001c3499266d0,
0x000001c349aa3bb0, 0x000001c349b2de30, 0x000001c38fdddfb0
}

Java Threads: ( => current thread )
  0x000001c32b660be0 JavaThread "main" [_thread_in_vm, id=9332, stack(0x000000067c700000,0x000000067c800000)]
  0x000001c349667ca0 JavaThread "Reference Handler" daemon [_thread_blocked, id=6148, stack(0x000000067ce00000,0x000000067cf00000)]
  0x000001c349668830 JavaThread "Finalizer" daemon [_thread_blocked, id=24556, stack(0x000000067cf00000,0x000000067d000000)]
  0x000001c34967d050 JavaThread "Signal Dispatcher" daemon [_thread_blocked, id=10304, stack(0x000000067d000000,0x000000067d100000)]
  0x000001c34967d920 JavaThread "Attach Listener" daemon [_thread_blocked, id=17364, stack(0x000000067d100000,0x000000067d200000)]
  0x000001c34967e1f0 JavaThread "Service Thread" daemon [_thread_blocked, id=21364, stack(0x000000067d200000,0x000000067d300000)]
  0x000001c34967fad0 JavaThread "Monitor Deflation Thread" daemon [_thread_blocked, id=23736, stack(0x000000067d300000,0x000000067d400000)]
=>0x000001c349680d90 JavaThread "C2 CompilerThread0" daemon [_thread_in_native, id=11972, stack(0x000000067d400000,0x000000067d500000)]
  0x000001c349681750 JavaThread "C1 CompilerThread0" daemon [_thread_blocked, id=12580, stack(0x000000067d500000,0x000000067d600000)]
  0x000001c349684070 JavaThread "Sweeper thread" daemon [_thread_blocked, id=10412, stack(0x000000067d600000,0x000000067d700000)]
  0x000001c34964f860 JavaThread "Common-Cleaner" daemon [_thread_blocked, id=21208, stack(0x000000067d700000,0x000000067d800000)]
  0x000001c3499266d0 JavaThread "Notification Thread" daemon [_thread_blocked, id=16608, stack(0x000000067d800000,0x000000067d900000)]
  0x000001c349aa3bb0 JavaThread "Java2D Disposer" daemon [_thread_blocked, id=14800, stack(0x000000067db00000,0x000000067dc00000)]
  0x000001c349b2de30 JavaThread "AWT-Windows" daemon [_thread_in_native, id=20356, stack(0x000000067dd00000,0x000000067de00000)]
  0x000001c38fdddfb0 JavaThread "Image Fetcher 0" daemon [_thread_blocked, id=24092, stack(0x000000067e800000,0x000000067e900000)]

Other Threads:
  0x000001c349661e80 VMThread "VM Thread" [stack: 0x000000067cd00000,0x000000067ce00000] [id=23468]
  0x000001c34993bcd0 WatcherThread [stack: 0x000000067d900000,0x000000067da00000] [id=24428]
  0x000001c32b6b7280 GCTaskThread "GC Thread#0" [stack: 0x000000067c800000,0x000000067c900000] [id=3808]
  0x000001c38fe85ce0 GCTaskThread "GC Thread#1" [stack: 0x000000067e900000,0x000000067ea00000] [id=7956]
  0x000001c38fe747e0 GCTaskThread "GC Thread#2" [stack: 0x000000067ea00000,0x000000067eb00000] [id=23588]
  0x000001c38fe74aa0 GCTaskThread "GC Thread#3" [stack: 0x000000067eb00000,0x000000067ec00000] [id=3348]
  0x000001c390285ca0 GCTaskThread "GC Thread#4" [stack: 0x000000067ec00000,0x000000067ed00000] [id=20584]
  0x000001c390062850 GCTaskThread "GC Thread#5" [stack: 0x000000067ed00000,0x000000067ee00000] [id=12140]
  0x000001c38ff9bd00 GCTaskThread "GC Thread#6" [stack: 0x000000067ee00000,0x000000067ef00000] [id=3968]
  0x000001c38ff9bfc0 GCTaskThread "GC Thread#7" [stack: 0x000000067ef00000,0x000000067f000000] [id=24672]
  0x000001c32b6c6ba0 ConcurrentGCThread "G1 Main Marker" [stack: 0x000000067c900000,0x000000067ca00000] [id=20196]
  0x000001c32b6c74c0 ConcurrentGCThread "G1 Conc#0" [stack: 0x000000067ca00000,0x000000067cb00000] [id=21688]
  0x000001c3495220b0 ConcurrentGCThread "G1 Refine#0" [stack: 0x000000067cb00000,0x000000067cc00000] [id=17264]
  0x000001c3495228f0 ConcurrentGCThread "G1 Service" [stack: 0x000000067cc00000,0x000000067cd00000] [id=1960]

Threads with active compile tasks:
C2 CompilerThread0     1427  748   !   4       sun.awt.image.PNGImageDecoder::produceImage (1917 bytes)

VM state: not at safepoint (normal execution)

VM Mutex/Monitor currently owned by a thread:  ([mutex/lock_event])
[0x000001c32b65bf60] Metaspace_lock - owner thread: 0x000001c32b660be0

Heap address: 0x000000008aa00000, size: 1878 MB, Compressed Oops mode: 32-bit

CDS archive(s) mapped at: [0x000001c34a000000-0x000001c34abd0000-0x000001c34abd0000), size 12386304, SharedBaseAddress: 0x000001c34a000000, ArchiveRelocationMode: 1.
Compressed class space mapped at: 0x000001c34b000000-0x000001c38b000000, reserved size: 1073741824
Narrow klass base: 0x000001c34a000000, Narrow klass shift: 0, Narrow klass range: 0x100000000

GC Precious Log:
 CPUs: 12 total, 12 available
 Memory: 7504M
 Large Page Support: Disabled
 NUMA Support: Disabled
 Compressed Oops: Enabled (32-bit)
 Heap Region Size: 1M
 Heap Min Capacity: 8M
 Heap Initial Capacity: 118M
 Heap Max Capacity: 1878M
 Pre-touch: Disabled
 Parallel Workers: 10
 Concurrent Workers: 3
 Concurrent Refinement Workers: 10
 Periodic GC: Disabled

Heap:
 garbage-first heap   total 120832K, used 26150K [0x000000008aa00000, 0x0000000100000000)
  region size 1024K, 21 young (21504K), 1 survivors (1024K)
 Metaspace       used 6113K, committed 6272K, reserved 1114112K
  class space    used 681K, committed 768K, reserved 1048576K

Heap Regions: E=young(eden), S=young(survivor), O=old, HS=humongous(starts), HC=humongous(continues), CS=collection set, F=free, OA=open archive, CA=closed archive, TAMS=top-at-mark-start (previous, next)
|   0|0x000000008aa00000, 0x000000008ab00000, 0x000000008ab00000|100%|HS|  |TAMS 0x000000008aa00000, 0x000000008aa00000| Complete 
|   1|0x000000008ab00000, 0x000000008ac00000, 0x000000008ac00000|100%|HC|  |TAMS 0x000000008ab00000, 0x000000008ab00000| Complete 
|   2|0x000000008ac00000, 0x000000008ad00000, 0x000000008ad00000|100%|HC|  |TAMS 0x000000008ac00000, 0x000000008ac00000| Complete 
|   3|0x000000008ad00000, 0x000000008ae00000, 0x000000008ae00000|100%|HC|  |TAMS 0x000000008ad00000, 0x000000008ad00000| Complete 
|   4|0x000000008ae00000, 0x000000008af00000, 0x000000008af00000|100%| O|  |TAMS 0x000000008ae00000, 0x000000008ae00000| Untracked 
|   5|0x000000008af00000, 0x000000008b000000, 0x000000008b000000|100%| O|  |TAMS 0x000000008af00000, 0x000000008af00000| Untracked 
|   6|0x000000008b000000, 0x000000008b088000, 0x000000008b100000| 53%| O|  |TAMS 0x000000008b000000, 0x000000008b000000| Untracked 
|   7|0x000000008b100000, 0x000000008b100000, 0x000000008b200000|  0%| F|  |TAMS 0x000000008b100000, 0x000000008b100000| Untracked 
|   8|0x000000008b200000, 0x000000008b200000, 0x000000008b300000|  0%| F|  |TAMS 0x000000008b200000, 0x000000008b200000| Untracked 
|   9|0x000000008b300000, 0x000000008b300000, 0x000000008b400000|  0%| F|  |TAMS 0x000000008b300000, 0x000000008b300000| Untracked 
|  10|0x000000008b400000, 0x000000008b400000, 0x000000008b500000|  0%| F|  |TAMS 0x000000008b400000, 0x000000008b400000| Untracked 
|  11|0x000000008b500000, 0x000000008b500000, 0x000000008b600000|  0%| F|  |TAMS 0x000000008b500000, 0x000000008b500000| Untracked 
|  12|0x000000008b600000, 0x000000008b600000, 0x000000008b700000|  0%| F|  |TAMS 0x000000008b600000, 0x000000008b600000| Untracked 
|  13|0x000000008b700000, 0x000000008b700000, 0x000000008b800000|  0%| F|  |TAMS 0x000000008b700000, 0x000000008b700000| Untracked 
|  14|0x000000008b800000, 0x000000008b800000, 0x000000008b900000|  0%| F|  |TAMS 0x000000008b800000, 0x000000008b800000| Untracked 
|  15|0x000000008b900000, 0x000000008b900000, 0x000000008ba00000|  0%| F|  |TAMS 0x000000008b900000, 0x000000008b900000| Untracked 
|  16|0x000000008ba00000, 0x000000008ba00000, 0x000000008bb00000|  0%| F|  |TAMS 0x000000008ba00000, 0x000000008ba00000| Untracked 
|  17|0x000000008bb00000, 0x000000008bb00000, 0x000000008bc00000|  0%| F|  |TAMS 0x000000008bb00000, 0x000000008bb00000| Untracked 
|  18|0x000000008bc00000, 0x000000008bc00000, 0x000000008bd00000|  0%| F|  |TAMS 0x000000008bc00000, 0x000000008bc00000| Untracked 
|  19|0x000000008bd00000, 0x000000008bd00000, 0x000000008be00000|  0%| F|  |TAMS 0x000000008bd00000, 0x000000008bd00000| Untracked 
|  20|0x000000008be00000, 0x000000008be00000, 0x000000008bf00000|  0%| F|  |TAMS 0x000000008be00000, 0x000000008be00000| Untracked 
|  21|0x000000008bf00000, 0x000000008bf00000, 0x000000008c000000|  0%| F|  |TAMS 0x000000008bf00000, 0x000000008bf00000| Untracked 
|  22|0x000000008c000000, 0x000000008c000000, 0x000000008c100000|  0%| F|  |TAMS 0x000000008c000000, 0x000000008c000000| Untracked 
|  23|0x000000008c100000, 0x000000008c100000, 0x000000008c200000|  0%| F|  |TAMS 0x000000008c100000, 0x000000008c100000| Untracked 
|  24|0x000000008c200000, 0x000000008c200000, 0x000000008c300000|  0%| F|  |TAMS 0x000000008c200000, 0x000000008c200000| Untracked 
|  25|0x000000008c300000, 0x000000008c300000, 0x000000008c400000|  0%| F|  |TAMS 0x000000008c300000, 0x000000008c300000| Untracked 
|  26|0x000000008c400000, 0x000000008c400000, 0x000000008c500000|  0%| F|  |TAMS 0x000000008c400000, 0x000000008c400000| Untracked 
|  27|0x000000008c500000, 0x000000008c500000, 0x000000008c600000|  0%| F|  |TAMS 0x000000008c500000, 0x000000008c500000| Untracked 
|  28|0x000000008c600000, 0x000000008c600000, 0x000000008c700000|  0%| F|  |TAMS 0x000000008c600000, 0x000000008c600000| Untracked 
|  29|0x000000008c700000, 0x000000008c700000, 0x000000008c800000|  0%| F|  |TAMS 0x000000008c700000, 0x000000008c700000| Untracked 
|  30|0x000000008c800000, 0x000000008c800000, 0x000000008c900000|  0%| F|  |TAMS 0x000000008c800000, 0x000000008c800000| Untracked 
|  31|0x000000008c900000, 0x000000008c900000, 0x000000008ca00000|  0%| F|  |TAMS 0x000000008c900000, 0x000000008c900000| Untracked 
|  32|0x000000008ca00000, 0x000000008ca00000, 0x000000008cb00000|  0%| F|  |TAMS 0x000000008ca00000, 0x000000008ca00000| Untracked 
|  33|0x000000008cb00000, 0x000000008cb00000, 0x000000008cc00000|  0%| F|  |TAMS 0x000000008cb00000, 0x000000008cb00000| Untracked 
|  34|0x000000008cc00000, 0x000000008cc00000, 0x000000008cd00000|  0%| F|  |TAMS 0x000000008cc00000, 0x000000008cc00000| Untracked 
|  35|0x000000008cd00000, 0x000000008cd00000, 0x000000008ce00000|  0%| F|  |TAMS 0x000000008cd00000, 0x000000008cd00000| Untracked 
|  36|0x000000008ce00000, 0x000000008ce00000, 0x000000008cf00000|  0%| F|  |TAMS 0x000000008ce00000, 0x000000008ce00000| Untracked 
|  37|0x000000008cf00000, 0x000000008cf00000, 0x000000008d000000|  0%| F|  |TAMS 0x000000008cf00000, 0x000000008cf00000| Untracked 
|  38|0x000000008d000000, 0x000000008d000000, 0x000000008d100000|  0%| F|  |TAMS 0x000000008d000000, 0x000000008d000000| Untracked 
|  39|0x000000008d100000, 0x000000008d100000, 0x000000008d200000|  0%| F|  |TAMS 0x000000008d100000, 0x000000008d100000| Untracked 
|  40|0x000000008d200000, 0x000000008d200000, 0x000000008d300000|  0%| F|  |TAMS 0x000000008d200000, 0x000000008d200000| Untracked 
|  41|0x000000008d300000, 0x000000008d300000, 0x000000008d400000|  0%| F|  |TAMS 0x000000008d300000, 0x000000008d300000| Untracked 
|  42|0x000000008d400000, 0x000000008d400000, 0x000000008d500000|  0%| F|  |TAMS 0x000000008d400000, 0x000000008d400000| Untracked 
|  43|0x000000008d500000, 0x000000008d500000, 0x000000008d600000|  0%| F|  |TAMS 0x000000008d500000, 0x000000008d500000| Untracked 
|  44|0x000000008d600000, 0x000000008d600000, 0x000000008d700000|  0%| F|  |TAMS 0x000000008d600000, 0x000000008d600000| Untracked 
|  45|0x000000008d700000, 0x000000008d700000, 0x000000008d800000|  0%| F|  |TAMS 0x000000008d700000, 0x000000008d700000| Untracked 
|  46|0x000000008d800000, 0x000000008d800000, 0x000000008d900000|  0%| F|  |TAMS 0x000000008d800000, 0x000000008d800000| Untracked 
|  47|0x000000008d900000, 0x000000008d901830, 0x000000008da00000|  0%| S|CS|TAMS 0x000000008d900000, 0x000000008d900000| Complete 
|  48|0x000000008da00000, 0x000000008da00000, 0x000000008db00000|  0%| F|  |TAMS 0x000000008da00000, 0x000000008da00000| Untracked 
|  49|0x000000008db00000, 0x000000008db00000, 0x000000008dc00000|  0%| F|  |TAMS 0x000000008db00000, 0x000000008db00000| Untracked 
|  50|0x000000008dc00000, 0x000000008dc00000, 0x000000008dd00000|  0%| F|  |TAMS 0x000000008dc00000, 0x000000008dc00000| Untracked 
|  51|0x000000008dd00000, 0x000000008dd00000, 0x000000008de00000|  0%| F|  |TAMS 0x000000008dd00000, 0x000000008dd00000| Untracked 
|  52|0x000000008de00000, 0x000000008de00000, 0x000000008df00000|  0%| F|  |TAMS 0x000000008de00000, 0x000000008de00000| Untracked 
|  53|0x000000008df00000, 0x000000008df00000, 0x000000008e000000|  0%| F|  |TAMS 0x000000008df00000, 0x000000008df00000| Untracked 
|  54|0x000000008e000000, 0x000000008e000000, 0x000000008e100000|  0%| F|  |TAMS 0x000000008e000000, 0x000000008e000000| Untracked 
|  55|0x000000008e100000, 0x000000008e100000, 0x000000008e200000|  0%| F|  |TAMS 0x000000008e100000, 0x000000008e100000| Untracked 
|  56|0x000000008e200000, 0x000000008e200000, 0x000000008e300000|  0%| F|  |TAMS 0x000000008e200000, 0x000000008e200000| Untracked 
|  57|0x000000008e300000, 0x000000008e300000, 0x000000008e400000|  0%| F|  |TAMS 0x000000008e300000, 0x000000008e300000| Untracked 
|  58|0x000000008e400000, 0x000000008e400000, 0x000000008e500000|  0%| F|  |TAMS 0x000000008e400000, 0x000000008e400000| Untracked 
|  59|0x000000008e500000, 0x000000008e500000, 0x000000008e600000|  0%| F|  |TAMS 0x000000008e500000, 0x000000008e500000| Untracked 
|  60|0x000000008e600000, 0x000000008e600000, 0x000000008e700000|  0%| F|  |TAMS 0x000000008e600000, 0x000000008e600000| Untracked 
|  61|0x000000008e700000, 0x000000008e700000, 0x000000008e800000|  0%| F|  |TAMS 0x000000008e700000, 0x000000008e700000| Untracked 
|  62|0x000000008e800000, 0x000000008e800000, 0x000000008e900000|  0%| F|  |TAMS 0x000000008e800000, 0x000000008e800000| Untracked 
|  63|0x000000008e900000, 0x000000008e900000, 0x000000008ea00000|  0%| F|  |TAMS 0x000000008e900000, 0x000000008e900000| Untracked 
|  64|0x000000008ea00000, 0x000000008ea00000, 0x000000008eb00000|  0%| F|  |TAMS 0x000000008ea00000, 0x000000008ea00000| Untracked 
|  65|0x000000008eb00000, 0x000000008eb00000, 0x000000008ec00000|  0%| F|  |TAMS 0x000000008eb00000, 0x000000008eb00000| Untracked 
|  66|0x000000008ec00000, 0x000000008ec00000, 0x000000008ed00000|  0%| F|  |TAMS 0x000000008ec00000, 0x000000008ec00000| Untracked 
|  67|0x000000008ed00000, 0x000000008ed00000, 0x000000008ee00000|  0%| F|  |TAMS 0x000000008ed00000, 0x000000008ed00000| Untracked 
|  68|0x000000008ee00000, 0x000000008ee00000, 0x000000008ef00000|  0%| F|  |TAMS 0x000000008ee00000, 0x000000008ee00000| Untracked 
|  69|0x000000008ef00000, 0x000000008ef00000, 0x000000008f000000|  0%| F|  |TAMS 0x000000008ef00000, 0x000000008ef00000| Untracked 
|  70|0x000000008f000000, 0x000000008f000000, 0x000000008f100000|  0%| F|  |TAMS 0x000000008f000000, 0x000000008f000000| Untracked 
|  71|0x000000008f100000, 0x000000008f100000, 0x000000008f200000|  0%| F|  |TAMS 0x000000008f100000, 0x000000008f100000| Untracked 
|  72|0x000000008f200000, 0x000000008f200000, 0x000000008f300000|  0%| F|  |TAMS 0x000000008f200000, 0x000000008f200000| Untracked 
|  73|0x000000008f300000, 0x000000008f300000, 0x000000008f400000|  0%| F|  |TAMS 0x000000008f300000, 0x000000008f300000| Untracked 
|  74|0x000000008f400000, 0x000000008f400000, 0x000000008f500000|  0%| F|  |TAMS 0x000000008f400000, 0x000000008f400000| Untracked 
|  75|0x000000008f500000, 0x000000008f500000, 0x000000008f600000|  0%| F|  |TAMS 0x000000008f500000, 0x000000008f500000| Untracked 
|  76|0x000000008f600000, 0x000000008f600000, 0x000000008f700000|  0%| F|  |TAMS 0x000000008f600000, 0x000000008f600000| Untracked 
|  77|0x000000008f700000, 0x000000008f700000, 0x000000008f800000|  0%| F|  |TAMS 0x000000008f700000, 0x000000008f700000| Untracked 
|  78|0x000000008f800000, 0x000000008f800000, 0x000000008f900000|  0%| F|  |TAMS 0x000000008f800000, 0x000000008f800000| Untracked 
|  79|0x000000008f900000, 0x000000008f900000, 0x000000008fa00000|  0%| F|  |TAMS 0x000000008f900000, 0x000000008f900000| Untracked 
|  80|0x000000008fa00000, 0x000000008fa00000, 0x000000008fb00000|  0%| F|  |TAMS 0x000000008fa00000, 0x000000008fa00000| Untracked 
|  81|0x000000008fb00000, 0x000000008fb00000, 0x000000008fc00000|  0%| F|  |TAMS 0x000000008fb00000, 0x000000008fb00000| Untracked 
|  82|0x000000008fc00000, 0x000000008fc00000, 0x000000008fd00000|  0%| F|  |TAMS 0x000000008fc00000, 0x000000008fc00000| Untracked 
|  83|0x000000008fd00000, 0x000000008fd00000, 0x000000008fe00000|  0%| F|  |TAMS 0x000000008fd00000, 0x000000008fd00000| Untracked 
|  84|0x000000008fe00000, 0x000000008fe00000, 0x000000008ff00000|  0%| F|  |TAMS 0x000000008fe00000, 0x000000008fe00000| Untracked 
|  85|0x000000008ff00000, 0x000000008ff00000, 0x0000000090000000|  0%| F|  |TAMS 0x000000008ff00000, 0x000000008ff00000| Untracked 
|  86|0x0000000090000000, 0x0000000090000000, 0x0000000090100000|  0%| F|  |TAMS 0x0000000090000000, 0x0000000090000000| Untracked 
|  87|0x0000000090100000, 0x0000000090100000, 0x0000000090200000|  0%| F|  |TAMS 0x0000000090100000, 0x0000000090100000| Untracked 
|  88|0x0000000090200000, 0x0000000090200000, 0x0000000090300000|  0%| F|  |TAMS 0x0000000090200000, 0x0000000090200000| Untracked 
|  89|0x0000000090300000, 0x0000000090300000, 0x0000000090400000|  0%| F|  |TAMS 0x0000000090300000, 0x0000000090300000| Untracked 
|  90|0x0000000090400000, 0x0000000090400000, 0x0000000090500000|  0%| F|  |TAMS 0x0000000090400000, 0x0000000090400000| Untracked 
|  91|0x0000000090500000, 0x0000000090500000, 0x0000000090600000|  0%| F|  |TAMS 0x0000000090500000, 0x0000000090500000| Untracked 
|  92|0x0000000090600000, 0x0000000090600000, 0x0000000090700000|  0%| F|  |TAMS 0x0000000090600000, 0x0000000090600000| Untracked 
|  93|0x0000000090700000, 0x0000000090700000, 0x0000000090800000|  0%| F|  |TAMS 0x0000000090700000, 0x0000000090700000| Untracked 
|  94|0x0000000090800000, 0x0000000090800000, 0x0000000090900000|  0%| F|  |TAMS 0x0000000090800000, 0x0000000090800000| Untracked 
|  95|0x0000000090900000, 0x0000000090900000, 0x0000000090a00000|  0%| F|  |TAMS 0x0000000090900000, 0x0000000090900000| Untracked 
|  96|0x0000000090a00000, 0x0000000090a00000, 0x0000000090b00000|  0%| F|  |TAMS 0x0000000090a00000, 0x0000000090a00000| Untracked 
|  97|0x0000000090b00000, 0x0000000090b00000, 0x0000000090c00000|  0%| F|  |TAMS 0x0000000090b00000, 0x0000000090b00000| Untracked 
|  98|0x0000000090c00000, 0x0000000090c80800, 0x0000000090d00000| 50%| E|  |TAMS 0x0000000090c00000, 0x0000000090c00000| Complete 
|  99|0x0000000090d00000, 0x0000000090e00000, 0x0000000090e00000|100%| E|CS|TAMS 0x0000000090d00000, 0x0000000090d00000| Complete 
| 100|0x0000000090e00000, 0x0000000090f00000, 0x0000000090f00000|100%| E|CS|TAMS 0x0000000090e00000, 0x0000000090e00000| Complete 
| 101|0x0000000090f00000, 0x0000000091000000, 0x0000000091000000|100%| E|CS|TAMS 0x0000000090f00000, 0x0000000090f00000| Complete 
| 102|0x0000000091000000, 0x0000000091100000, 0x0000000091100000|100%| E|CS|TAMS 0x0000000091000000, 0x0000000091000000| Complete 
| 103|0x0000000091100000, 0x0000000091200000, 0x0000000091200000|100%| E|CS|TAMS 0x0000000091100000, 0x0000000091100000| Complete 
| 104|0x0000000091200000, 0x0000000091300000, 0x0000000091300000|100%| E|CS|TAMS 0x0000000091200000, 0x0000000091200000| Complete 
| 105|0x0000000091300000, 0x0000000091400000, 0x0000000091400000|100%| E|CS|TAMS 0x0000000091300000, 0x0000000091300000| Complete 
| 106|0x0000000091400000, 0x0000000091500000, 0x0000000091500000|100%| E|CS|TAMS 0x0000000091400000, 0x0000000091400000| Complete 
| 107|0x0000000091500000, 0x0000000091600000, 0x0000000091600000|100%| E|CS|TAMS 0x0000000091500000, 0x0000000091500000| Complete 
| 108|0x0000000091600000, 0x0000000091700000, 0x0000000091700000|100%| E|CS|TAMS 0x0000000091600000, 0x0000000091600000| Complete 
| 109|0x0000000091700000, 0x0000000091800000, 0x0000000091800000|100%| E|CS|TAMS 0x0000000091700000, 0x0000000091700000| Complete 
| 110|0x0000000091800000, 0x0000000091900000, 0x0000000091900000|100%| E|CS|TAMS 0x0000000091800000, 0x0000000091800000| Complete 
| 111|0x0000000091900000, 0x0000000091a00000, 0x0000000091a00000|100%| E|CS|TAMS 0x0000000091900000, 0x0000000091900000| Complete 
| 112|0x0000000091a00000, 0x0000000091b00000, 0x0000000091b00000|100%| E|CS|TAMS 0x0000000091a00000, 0x0000000091a00000| Complete 
| 113|0x0000000091b00000, 0x0000000091c00000, 0x0000000091c00000|100%| E|CS|TAMS 0x0000000091b00000, 0x0000000091b00000| Complete 
| 114|0x0000000091c00000, 0x0000000091d00000, 0x0000000091d00000|100%| E|CS|TAMS 0x0000000091c00000, 0x0000000091c00000| Complete 
| 115|0x0000000091d00000, 0x0000000091e00000, 0x0000000091e00000|100%| E|CS|TAMS 0x0000000091d00000, 0x0000000091d00000| Complete 
| 116|0x0000000091e00000, 0x0000000091f00000, 0x0000000091f00000|100%| E|CS|TAMS 0x0000000091e00000, 0x0000000091e00000| Complete 
| 117|0x0000000091f00000, 0x0000000092000000, 0x0000000092000000|100%| E|CS|TAMS 0x0000000091f00000, 0x0000000091f00000| Complete 

Card table byte_map: [0x000001c342820000,0x000001c342bd0000] _byte_map_base: 0x000001c3423cb000

Marking Bits (Prev, Next): (CMBitMap*) 0x000001c32b6b77b0, (CMBitMap*) 0x000001c32b6b77f0
 Prev Bits: [0x000001c342f80000, 0x000001c344cd8000)
 Next Bits: [0x000001c344ce0000, 0x000001c346a38000)

Polling page: 0x000001c3295c0000

Metaspace:

Usage:
  Non-class:      5.30 MB used.
      Class:    681.38 KB used.
       Both:      5.97 MB used.

Virtual space:
  Non-class space:       64.00 MB reserved,       5.38 MB (  8%) committed,  1 nodes.
      Class space:        1.00 GB reserved,     768.00 KB ( <1%) committed,  1 nodes.
             Both:        1.06 GB reserved,       6.12 MB ( <1%) committed. 

Chunk freelists:
   Non-Class:  10.40 MB
       Class:  15.24 MB
        Both:  25.64 MB

MaxMetaspaceSize: unlimited
CompressedClassSpaceSize: 1.00 GB
Initial GC threshold: 21.00 MB
Current GC threshold: 21.00 MB
CDS: on
MetaspaceReclaimPolicy: balanced
 - commit_granule_bytes: 65536.
 - commit_granule_words: 8192.
 - virtual_space_node_default_size: 8388608.
 - enlarge_chunks_in_place: 1.
 - new_chunks_are_fully_committed: 0.
 - uncommit_free_chunks: 1.
 - use_allocation_guard: 0.
 - handle_deallocations: 1.


Internal statistics:

num_allocs_failed_limit: 0.
num_arena_births: 100.
num_arena_deaths: 0.
num_vsnodes_births: 2.
num_vsnodes_deaths: 0.
num_space_committed: 98.
num_space_uncommitted: 0.
num_chunks_returned_to_freelist: 0.
num_chunks_taken_from_freelist: 138.
num_chunk_merges: 0.
num_chunk_splits: 75.
num_chunks_enlarged: 20.
num_inconsistent_stats: 0.

CodeHeap 'non-profiled nmethods': size=120000Kb used=261Kb max_used=261Kb free=119738Kb
 bounds [0x000001c33a9f0000, 0x000001c33ac60000, 0x000001c341f20000]
CodeHeap 'profiled nmethods': size=120000Kb used=1330Kb max_used=1330Kb free=118669Kb
 bounds [0x000001c332f20000, 0x000001c333190000, 0x000001c33a450000]
CodeHeap 'non-nmethods': size=5760Kb used=1221Kb max_used=1243Kb free=4538Kb
 bounds [0x000001c33a450000, 0x000001c33a6c0000, 0x000001c33a9f0000]
 total_blobs=1285 nmethods=753 adapters=445
 compilation: enabled
              stopped_count=0, restarted_count=0
 full_count=0

Compilation events (20 events):
Event: 1.076 Thread 0x000001c349681750 nmethod 741 0x000001c33305f910 code [0x000001c33305fbc0, 0x000001c333060898]
Event: 1.076 Thread 0x000001c349681750  742       3       java.io.BufferedInputStream::getInIfOpen (21 bytes)
Event: 1.077 Thread 0x000001c349681750 nmethod 742 0x000001c333060e10 code [0x000001c333060fc0, 0x000001c3330611c8]
Event: 1.077 Thread 0x000001c349681750  743       3       java.io.BufferedInputStream::fill (203 bytes)
Event: 1.078 Thread 0x000001c349681750 nmethod 743 0x000001c333061290 code [0x000001c333061500, 0x000001c333062168]
Event: 1.080 Thread 0x000001c349681750  744       3       java.util.zip.InflaterInputStream::available (32 bytes)
Event: 1.081 Thread 0x000001c349681750 nmethod 744 0x000001c333062510 code [0x000001c3330626e0, 0x000001c333062b88]
Event: 1.270 Thread 0x000001c349680d90  745   !   4       sun.awt.image.ImageDecoder::nextConsumer (69 bytes)
Event: 1.272 Thread 0x000001c349680d90 nmethod 745 0x000001c33aa30b10 code [0x000001c33aa30c80, 0x000001c33aa30fb8]
Event: 1.357 Thread 0x000001c349680d90  746       4       java.lang.String::indexOf (7 bytes)
Event: 1.358 Thread 0x000001c349680d90 nmethod 746 0x000001c33aa31110 code [0x000001c33aa31280, 0x000001c33aa31458]
Event: 1.358 Thread 0x000001c349681750  747 %     3       sun.awt.image.PNGImageDecoder::update_crc @ 3 (41 bytes)
Event: 1.359 Thread 0x000001c349681750 nmethod 747% 0x000001c333062d10 code [0x000001c333062ec0, 0x000001c333063138]
Event: 1.359 Thread 0x000001c349680d90  748   !   4       sun.awt.image.PNGImageDecoder::produceImage (1917 bytes)
Event: 1.359 Thread 0x000001c349681750  749   !   3       sun.awt.image.ImageRepresentation::setPixels (1058 bytes)
Event: 1.364 Thread 0x000001c349681750 nmethod 749 0x000001c333063290 code [0x000001c333063780, 0x000001c333066df8]
Event: 1.364 Thread 0x000001c349681750  750       3       sun.awt.image.ImageDecoder::setPixels (58 bytes)
Event: 1.364 Thread 0x000001c349681750 nmethod 750 0x000001c333068910 code [0x000001c333068b00, 0x000001c333069288]
Event: 1.364 Thread 0x000001c349681750  751       3       java.awt.image.ReplicateScaleFilter::setPixels (226 bytes)
Event: 1.365 Thread 0x000001c349681750 nmethod 751 0x000001c333069590 code [0x000001c3330697a0, 0x000001c33306a1b8]

GC Heap History (12 events):
Event: 0.789 GC heap before
{Heap before GC invocations=0 (full 0):
 garbage-first heap   total 120832K, used 27648K [0x000000008aa00000, 0x0000000100000000)
  region size 1024K, 23 young (23552K), 0 survivors (0K)
 Metaspace       used 6000K, committed 6208K, reserved 1114112K
  class space    used 667K, committed 768K, reserved 1048576K
}
Event: 0.795 GC heap after
{Heap after GC invocations=1 (full 0):
 garbage-first heap   total 120832K, used 6864K [0x000000008aa00000, 0x0000000100000000)
  region size 1024K, 3 young (3072K), 3 survivors (3072K)
 Metaspace       used 6000K, committed 6208K, reserved 1114112K
  class space    used 667K, committed 768K, reserved 1048576K
}
Event: 0.851 GC heap before
{Heap before GC invocations=1 (full 0):
 garbage-first heap   total 120832K, used 40656K [0x000000008aa00000, 0x0000000100000000)
  region size 1024K, 36 young (36864K), 3 survivors (3072K)
 Metaspace       used 6013K, committed 6208K, reserved 1114112K
  class space    used 667K, committed 768K, reserved 1048576K
}
Event: 0.856 GC heap after
{Heap after GC invocations=2 (full 0):
 garbage-first heap   total 120832K, used 6688K [0x000000008aa00000, 0x0000000100000000)
  region size 1024K, 0 young (0K), 0 survivors (0K)
 Metaspace       used 6013K, committed 6208K, reserved 1114112K
  class space    used 667K, committed 768K, reserved 1048576K
}
Event: 0.991 GC heap before
{Heap before GC invocations=2 (full 0):
 garbage-first heap   total 120832K, used 78368K [0x000000008aa00000, 0x0000000100000000)
  region size 1024K, 70 young (71680K), 0 survivors (0K)
 Metaspace       used 6014K, committed 6208K, reserved 1114112K
  class space    used 667K, committed 768K, reserved 1048576K
}
Event: 0.991 GC heap after
{Heap after GC invocations=3 (full 0):
 garbage-first heap   total 120832K, used 6688K [0x000000008aa00000, 0x0000000100000000)
  region size 1024K, 0 young (0K), 0 survivors (0K)
 Metaspace       used 6014K, committed 6208K, reserved 1114112K
  class space    used 667K, committed 768K, reserved 1048576K
}
Event: 1.090 GC heap before
{Heap before GC invocations=3 (full 0):
 garbage-first heap   total 120832K, used 78368K [0x000000008aa00000, 0x0000000100000000)
  region size 1024K, 70 young (71680K), 0 survivors (0K)
 Metaspace       used 6020K, committed 6208K, reserved 1114112K
  class space    used 667K, committed 768K, reserved 1048576K
}
Event: 1.090 GC heap after
{Heap after GC invocations=4 (full 0):
 garbage-first heap   total 120832K, used 6710K [0x000000008aa00000, 0x0000000100000000)
  region size 1024K, 1 young (1024K), 1 survivors (1024K)
 Metaspace       used 6020K, committed 6208K, reserved 1114112K
  class space    used 667K, committed 768K, reserved 1048576K
}
Event: 1.186 GC heap before
{Heap before GC invocations=4 (full 0):
 garbage-first heap   total 120832K, used 77366K [0x000000008aa00000, 0x0000000100000000)
  region size 1024K, 70 young (71680K), 1 survivors (1024K)
 Metaspace       used 6020K, committed 6208K, reserved 1114112K
  class space    used 667K, committed 768K, reserved 1048576K
}
Event: 1.187 GC heap after
{Heap after GC invocations=5 (full 0):
 garbage-first heap   total 120832K, used 6694K [0x000000008aa00000, 0x0000000100000000)
  region size 1024K, 1 young (1024K), 1 survivors (1024K)
 Metaspace       used 6020K, committed 6208K, reserved 1114112K
  class space    used 667K, committed 768K, reserved 1048576K
}
Event: 1.328 GC heap before
{Heap before GC invocations=5 (full 0):
 garbage-first heap   total 120832K, used 77350K [0x000000008aa00000, 0x0000000100000000)
  region size 1024K, 70 young (71680K), 1 survivors (1024K)
 Metaspace       used 6020K, committed 6208K, reserved 1114112K
  class space    used 667K, committed 768K, reserved 1048576K
}
Event: 1.328 GC heap after
{Heap after GC invocations=6 (full 0):
 garbage-first heap   total 120832K, used 6694K [0x000000008aa00000, 0x0000000100000000)
  region size 1024K, 1 young (1024K), 1 survivors (1024K)
 Metaspace       used 6020K, committed 6208K, reserved 1114112K
  class space    used 667K, committed 768K, reserved 1048576K
}

Deoptimization events (20 events):
Event: 0.783 Thread 0x000001c38fdddfb0 DEOPT PACKING pc=0x000001c33304d7c1 sp=0x000000067e8feb20
Event: 0.783 Thread 0x000001c38fdddfb0 DEOPT UNPACKING pc=0x000001c33a4a2b43 sp=0x000000067e8fe0a0 mode 0
Event: 0.784 Thread 0x000001c38fdddfb0 DEOPT PACKING pc=0x000001c33304d7c1 sp=0x000000067e8feb20
Event: 0.784 Thread 0x000001c38fdddfb0 DEOPT UNPACKING pc=0x000001c33a4a2b43 sp=0x000000067e8fe0a0 mode 0
Event: 0.800 Thread 0x000001c38fdddfb0 DEOPT PACKING pc=0x000001c333034b13 sp=0x000000067e8feea0
Event: 0.800 Thread 0x000001c38fdddfb0 DEOPT UNPACKING pc=0x000001c33a4a2b43 sp=0x000000067e8fe4d0 mode 0
Event: 0.933 Thread 0x000001c38fdddfb0 Uncommon trap: trap_request=0xffffff45 fr.pc=0x000001c33aa23eac relative=0x000000000000030c
Event: 0.933 Thread 0x000001c38fdddfb0 Uncommon trap: reason=unstable_if action=reinterpret pc=0x000001c33aa23eac method=java.awt.image.IndexColorModel.getDataElements(ILjava/lang/Object;)Ljava/lang/Object; @ 70 c2
Event: 0.933 Thread 0x000001c38fdddfb0 DEOPT PACKING pc=0x000001c33aa23eac sp=0x000000067e8fee00
Event: 0.933 Thread 0x000001c38fdddfb0 DEOPT UNPACKING pc=0x000001c33a4a23a3 sp=0x000000067e8fed68 mode 2
Event: 1.359 Thread 0x000001c38fdddfb0 Uncommon trap: trap_request=0xffffff45 fr.pc=0x000001c33aa28aa8 relative=0x0000000000000d08
Event: 1.359 Thread 0x000001c38fdddfb0 Uncommon trap: reason=unstable_if action=reinterpret pc=0x000001c33aa28aa8 method=sun.awt.image.ImageRepresentation.setPixels(IIIILjava/awt/image/ColorModel;[BII)V @ 11 c2
Event: 1.359 Thread 0x000001c38fdddfb0 DEOPT PACKING pc=0x000001c33aa28aa8 sp=0x000000067e8fed60
Event: 1.359 Thread 0x000001c38fdddfb0 DEOPT UNPACKING pc=0x000001c33a4a23a3 sp=0x000000067e8fece8 mode 2
Event: 1.368 Thread 0x000001c38fdddfb0 DEOPT PACKING pc=0x000001c333066931 sp=0x000000067e8fecc0
Event: 1.368 Thread 0x000001c38fdddfb0 DEOPT UNPACKING pc=0x000001c33a4a2b43 sp=0x000000067e8fe1f8 mode 0
Event: 1.376 Thread 0x000001c38fdddfb0 DEOPT PACKING pc=0x000001c333066931 sp=0x000000067e8fecc0
Event: 1.376 Thread 0x000001c38fdddfb0 DEOPT UNPACKING pc=0x000001c33a4a2b43 sp=0x000000067e8fe1f8 mode 0
Event: 1.383 Thread 0x000001c38fdddfb0 DEOPT PACKING pc=0x000001c333066931 sp=0x000000067e8fecc0
Event: 1.383 Thread 0x000001c38fdddfb0 DEOPT UNPACKING pc=0x000001c33a4a2b43 sp=0x000000067e8fe1f8 mode 0

Classes unloaded (0 events):
No events

Classes redefined (0 events):
No events

Internal exceptions (15 events):
Event: 0.097 Thread 0x000001c32b660be0 Exception <a 'sun/nio/fs/WindowsException'{0x0000000091e40498}> (0x0000000091e40498) 
thrown [s\open\src\hotspot\share\prims\jni.cpp, line 516]
Event: 0.098 Thread 0x000001c32b660be0 Exception <a 'sun/nio/fs/WindowsException'{0x0000000091e40a58}> (0x0000000091e40a58) 
thrown [s\open\src\hotspot\share\prims\jni.cpp, line 516]
Event: 0.100 Thread 0x000001c32b660be0 Exception <a 'sun/nio/fs/WindowsException'{0x0000000091e43068}> (0x0000000091e43068) 
thrown [s\open\src\hotspot\share\prims\jni.cpp, line 516]
Event: 0.100 Thread 0x000001c32b660be0 Exception <a 'sun/nio/fs/WindowsException'{0x0000000091e43cc0}> (0x0000000091e43cc0) 
thrown [s\open\src\hotspot\share\prims\jni.cpp, line 516]
Event: 0.150 Thread 0x000001c32b660be0 Exception <a 'java/lang/ClassNotFoundException'{0x0000000091d19978}: sun/awt/resources/spi/awtProvider> (0x0000000091d19978) 
thrown [s\open\src\hotspot\share\classfile\systemDictionary.cpp, line 256]
Event: 0.179 Thread 0x000001c32b660be0 Exception <a 'java/io/FileNotFoundException'{0x0000000091d6be58}> (0x0000000091d6be58) 
thrown [s\open\src\hotspot\share\prims\jni.cpp, line 516]
Event: 0.187 Thread 0x000001c32b660be0 Exception <a 'java/io/FileNotFoundException'{0x0000000091d99280}> (0x0000000091d99280) 
thrown [s\open\src\hotspot\share\prims\jni.cpp, line 516]
Event: 0.235 Thread 0x000001c32b660be0 Exception <a 'java/lang/NoSuchMethodError'{0x0000000091ddd1e0}: 'java.lang.Object java.lang.invoke.DirectMethodHandle$Holder.invokeStaticInit(java.lang.Object)'> (0x0000000091ddd1e0) 
thrown [s\open\src\hotspot\share\interpreter\linkResolver.cpp, line 759]
Event: 0.397 Thread 0x000001c32b660be0 Exception <a 'java/lang/NoSuchMethodError'{0x0000000091c3c8c8}: 'void java.lang.invoke.DirectMethodHandle$Holder.invokeSpecial(java.lang.Object, java.lang.Object, java.lang.Object)'> (0x0000000091c3c8c8) 
thrown [s\open\src\hotspot\share\interpreter\linkResolver.cpp, line 759]
Event: 0.411 Thread 0x000001c32b660be0 Exception <a 'java/lang/NoSuchMethodError'{0x0000000091c66a68}: 'java.lang.Object java.lang.invoke.DirectMethodHandle$Holder.newInvokeSpecial(java.lang.Object, java.lang.Object, java.lang.Object, java.lang.Object, java.lang.Object)'> (0x0000000091c66a68) 
thrown [s\open\src\hotspot\share\interpreter\linkResolver.cpp, line 759]
Event: 0.414 Thread 0x000001c32b660be0 Exception <a 'java/lang/NoSuchMethodError'{0x0000000091c72430}: 'java.lang.Object java.lang.invoke.DirectMethodHandle$Holder.invokeStatic(java.lang.Object, int, java.lang.Object, java.lang.Object, java.lang.Object, java.lang.Object)'> (0x0000000091c72430) 
thrown [s\open\src\hotspot\share\interpreter\linkResolver.cpp, line 759]
Event: 0.420 Thread 0x000001c32b660be0 Exception <a 'java/lang/NoSuchMethodError'{0x0000000091c97e50}: 'java.lang.Object java.lang.invoke.DirectMethodHandle$Holder.invokeStatic(java.lang.Object, int, java.lang.Object)'> (0x0000000091c97e50) 
thrown [s\open\src\hotspot\share\interpreter\linkResolver.cpp, line 759]
Event: 0.468 Thread 0x000001c32b660be0 Exception <a 'java/lang/ClassNotFoundException'{0x0000000091b50098}: com/sun/swing/internal/plaf/metal/resources/spi/metalProvider> (0x0000000091b50098) 
thrown [s\open\src\hotspot\share\classfile\systemDictionary.cpp, line 256]
Event: 0.470 Thread 0x000001c32b660be0 Exception <a 'java/lang/ClassNotFoundException'{0x0000000091b53ef0}: com/sun/swing/internal/plaf/basic/resources/spi/basicProvider> (0x0000000091b53ef0) 
thrown [s\open\src\hotspot\share\classfile\systemDictionary.cpp, line 256]
Event: 0.673 Thread 0x000001c38fdddfb0 Exception <a 'java/lang/NoSuchMethodError'{0x00000000919735b0}: 'java.lang.Object java.lang.invoke.DirectMethodHandle$Holder.newInvokeSpecial(java.lang.Object, java.lang.Object, java.lang.Object, int, int, int, int, int)'> (0x00000000919735b0) 
thrown [s\open\src\hotspot\share\interpreter\linkResolver.cpp, line 759]

VM Operations (18 events):
Event: 0.101 Executing VM operation: HandshakeAllThreads
Event: 0.101 Executing VM operation: HandshakeAllThreads done
Event: 0.531 Executing VM operation: HandshakeAllThreads
Event: 0.531 Executing VM operation: HandshakeAllThreads done
Event: 0.789 Executing VM operation: G1CollectForAllocation
Event: 0.795 Executing VM operation: G1CollectForAllocation done
Event: 0.851 Executing VM operation: G1CollectForAllocation
Event: 0.856 Executing VM operation: G1CollectForAllocation done
Event: 0.990 Executing VM operation: G1CollectForAllocation
Event: 0.991 Executing VM operation: G1CollectForAllocation done
Event: 1.090 Executing VM operation: G1CollectForAllocation
Event: 1.090 Executing VM operation: G1CollectForAllocation done
Event: 1.186 Executing VM operation: G1CollectForAllocation
Event: 1.187 Executing VM operation: G1CollectForAllocation done
Event: 1.328 Executing VM operation: G1CollectForAllocation
Event: 1.328 Executing VM operation: G1CollectForAllocation done
Event: 1.356 Executing VM operation: HandshakeAllThreads
Event: 1.356 Executing VM operation: HandshakeAllThreads done

Events (20 events):
Event: 0.687 loading class java/awt/image/WritableRenderedImage done
Event: 0.688 loading class java/awt/image/BufferedImage done
Event: 0.688 loading class java/awt/image/BufferedImage$1
Event: 0.688 loading class java/awt/image/BufferedImage$1 done
Event: 0.688 loading class sun/awt/image/IntegerComponentRaster
Event: 0.689 loading class sun/awt/image/IntegerComponentRaster done
Event: 0.689 loading class sun/awt/image/ByteComponentRaster
Event: 0.690 loading class sun/awt/image/ByteComponentRaster done
Event: 0.919 Thread 0x000001c349950de0 Thread exited: 0x000001c349950de0
Event: 1.355 loading class java/awt/image/ReplicateScaleFilter
Event: 1.355 loading class java/awt/image/ImageFilter
Event: 1.355 loading class java/awt/image/ImageFilter done
Event: 1.356 loading class java/awt/image/ReplicateScaleFilter done
Event: 1.356 loading class java/awt/image/FilteredImageSource
Event: 1.356 loading class java/awt/image/FilteredImageSource done
Event: 1.372 loading class sun/awt/AppContext$PostShutdownEventRunnable
Event: 1.372 loading class sun/awt/AppContext$PostShutdownEventRunnable done
Event: 1.372 loading class sun/awt/AWTAutoShutdown$1
Event: 1.372 loading class sun/awt/AWTAutoShutdown$1 done
Event: 1.372 Thread 0x000001c349aa4090 Thread exited: 0x000001c349aa4090


Dynamic libraries:
0x00007ff7f4190000 - 0x00007ff7f41a0000 	C:\Program Files\Java\jdk-17\bin\java.exe
0x00007ffb360d0000 - 0x00007ffb362e7000 	C:\WINDOWS\SYSTEM32\ntdll.dll
0x00007ffb347f0000 - 0x00007ffb348b4000 	C:\WINDOWS\System32\KERNEL32.DLL
0x00007ffb33650000 - 0x00007ffb339fd000 	C:\WINDOWS\System32\KERNELBASE.dll
0x00007ffb33b20000 - 0x00007ffb33c31000 	C:\WINDOWS\System32\ucrtbase.dll
0x00007ffb2a620000 - 0x00007ffb2a639000 	C:\Program Files\Java\jdk-17\bin\jli.dll
0x00007ffb1ec70000 - 0x00007ffb1ec8b000 	C:\Program Files\Java\jdk-17\bin\VCRUNTIME140.dll
0x00007ffb34280000 - 0x00007ffb34332000 	C:\WINDOWS\System32\ADVAPI32.dll
0x00007ffb341c0000 - 0x00007ffb34267000 	C:\WINDOWS\System32\msvcrt.dll
0x00007ffb33f50000 - 0x00007ffb33ff9000 	C:\WINDOWS\System32\sechost.dll
0x00007ffb333f0000 - 0x00007ffb33418000 	C:\WINDOWS\System32\bcrypt.dll
0x00007ffb35f60000 - 0x00007ffb36074000 	C:\WINDOWS\System32\RPCRT4.dll
0x00007ffb34ec0000 - 0x00007ffb3506e000 	C:\WINDOWS\System32\USER32.dll
0x00007ffb33d50000 - 0x00007ffb33d76000 	C:\WINDOWS\System32\win32u.dll
0x00007ffb344f0000 - 0x00007ffb34519000 	C:\WINDOWS\System32\GDI32.dll
0x00007ffb33a00000 - 0x00007ffb33b19000 	C:\WINDOWS\System32\gdi32full.dll
0x00007ffb33cb0000 - 0x00007ffb33d4a000 	C:\WINDOWS\System32\msvcp_win.dll
0x00007ffb1b180000 - 0x00007ffb1b413000 	C:\WINDOWS\WinSxS\amd64_microsoft.windows.common-controls_6595b64144ccf1df_6.0.22621.3672_none_2713b9d173822955\COMCTL32.dll
0x00007ffb2bb40000 - 0x00007ffb2bb4a000 	C:\WINDOWS\SYSTEM32\VERSION.dll
0x00007ffb35f20000 - 0x00007ffb35f51000 	C:\WINDOWS\System32\IMM32.DLL
0x00007ffb192a0000 - 0x00007ffb192ac000 	C:\Program Files\Java\jdk-17\bin\vcruntime140_1.dll
0x00007ffaf01d0000 - 0x00007ffaf025e000 	C:\Program Files\Java\jdk-17\bin\msvcp140.dll
0x00007ffa81ba0000 - 0x00007ffa82780000 	C:\Program Files\Java\jdk-17\bin\server\jvm.dll
0x00007ffb344e0000 - 0x00007ffb344e8000 	C:\WINDOWS\System32\PSAPI.DLL
0x00007ffb2dc70000 - 0x00007ffb2dc79000 	C:\WINDOWS\SYSTEM32\WSOCK32.dll
0x00007ffb2efd0000 - 0x00007ffb2f004000 	C:\WINDOWS\SYSTEM32\WINMM.dll
0x00007ffb33ed0000 - 0x00007ffb33f41000 	C:\WINDOWS\System32\WS2_32.dll
0x00007ffb32440000 - 0x00007ffb32458000 	C:\WINDOWS\SYSTEM32\kernel.appcore.dll
0x00007ffb186f0000 - 0x00007ffb186fa000 	C:\Program Files\Java\jdk-17\bin\jimage.dll
0x00007ffb29220000 - 0x00007ffb29452000 	C:\WINDOWS\SYSTEM32\DBGHELP.DLL
0x00007ffb348c0000 - 0x00007ffb34c4e000 	C:\WINDOWS\System32\combase.dll
0x00007ffb343f0000 - 0x00007ffb344c7000 	C:\WINDOWS\System32\OLEAUT32.dll
0x00007ffb26cf0000 - 0x00007ffb26d22000 	C:\WINDOWS\SYSTEM32\dbgcore.DLL
0x00007ffb33d80000 - 0x00007ffb33dfb000 	C:\WINDOWS\System32\bcryptPrimitives.dll
0x00007ffaf1780000 - 0x00007ffaf17a5000 	C:\Program Files\Java\jdk-17\bin\java.dll
0x00007ffab4ed0000 - 0x00007ffab4fa7000 	C:\Program Files\Java\jdk-17\bin\jsvml.dll
0x00007ffb350d0000 - 0x00007ffb35937000 	C:\WINDOWS\System32\SHELL32.dll
0x00007ffb31370000 - 0x00007ffb31c6f000 	C:\WINDOWS\SYSTEM32\windows.storage.dll
0x00007ffb31230000 - 0x00007ffb3136f000 	C:\WINDOWS\SYSTEM32\wintypes.dll
0x00007ffb34540000 - 0x00007ffb34639000 	C:\WINDOWS\System32\SHCORE.dll
0x00007ffb35070000 - 0x00007ffb350ce000 	C:\WINDOWS\System32\shlwapi.dll
0x00007ffb33320000 - 0x00007ffb33347000 	C:\WINDOWS\SYSTEM32\profapi.dll
0x00007ffafe600000 - 0x00007ffafe619000 	C:\Program Files\Java\jdk-17\bin\net.dll
0x00007ffb2fe20000 - 0x00007ffb2ff56000 	C:\WINDOWS\SYSTEM32\WINHTTP.dll
0x00007ffb32920000 - 0x00007ffb32989000 	C:\WINDOWS\system32\mswsock.dll
0x00007ffaf1760000 - 0x00007ffaf1776000 	C:\Program Files\Java\jdk-17\bin\nio.dll
0x00007ffaf1740000 - 0x00007ffaf1758000 	C:\Program Files\Java\jdk-17\bin\zip.dll
0x00007ffab4d30000 - 0x00007ffab4ec1000 	C:\Program Files\Java\jdk-17\bin\awt.dll
0x00007ffb2e7a0000 - 0x00007ffb2e837000 	C:\WINDOWS\SYSTEM32\apphelp.dll
0x00007ffb30bb0000 - 0x00007ffb30bdb000 	C:\WINDOWS\system32\DWMAPI.DLL
0x00007ffb30940000 - 0x00007ffb309f1000 	C:\WINDOWS\system32\uxtheme.dll
0x00007ffa99fe0000 - 0x00007ffa9a0e0000 	C:\WINDOWS\system32\opengl32.dll
0x00007ffa9b520000 - 0x00007ffa9b54d000 	C:\WINDOWS\SYSTEM32\GLU32.dll
0x00007ffb30a50000 - 0x00007ffb30a87000 	C:\WINDOWS\SYSTEM32\dxcore.dll
0x00007ffb35dc0000 - 0x00007ffb35f1e000 	C:\WINDOWS\System32\MSCTF.dll
0x00007ffb34c50000 - 0x00007ffb34df5000 	C:\WINDOWS\System32\ole32.dll
0x00007ffadd2d0000 - 0x00007ffadd478000 	C:\WINDOWS\system32\d3d9.dll
0x00007ffb28f10000 - 0x00007ffb290cb000 	C:\WINDOWS\System32\DriverStore\FileRepository\u0387389.inf_amd64_995be970e30b8c79\B385477\aticfx64.dll
0x00007ffb2ed00000 - 0x00007ffb2ed34000 	C:\WINDOWS\System32\DriverStore\FileRepository\u0387389.inf_amd64_995be970e30b8c79\B385477\atiu9p64.dll
0x00007ffaf38d0000 - 0x00007ffaf4625000 	C:\WINDOWS\System32\DriverStore\FileRepository\u0387389.inf_amd64_995be970e30b8c79\B385477\atiumd64.dll
0x00000000553b0000 - 0x00000000562d7000 	C:\WINDOWS\System32\DriverStore\FileRepository\u0387389.inf_amd64_995be970e30b8c79\B385477\atiumd6a.dll
0x00007ffb35940000 - 0x00007ffb35db4000 	C:\WINDOWS\System32\SETUPAPI.dll
0x00007ffb32c70000 - 0x00007ffb32cbd000 	C:\WINDOWS\SYSTEM32\POWRPROF.dll
0x00007ffb32c50000 - 0x00007ffb32c63000 	C:\WINDOWS\SYSTEM32\UMPDC.dll
0x00007ffb2a670000 - 0x00007ffb2a6a5000 	C:\WINDOWS\SYSTEM32\amdihk64.dll
0x00007ffb2c510000 - 0x00007ffb2c559000 	C:\WINDOWS\SYSTEM32\directxdatabasehelper.dll

dbghelp: loaded successfully - version: 4.0.5 - missing functions: none
symbol engine: initialized successfully - sym options: 0x614 - pdb path: .;C:\Program Files\Java\jdk-17\bin;C:\WINDOWS\SYSTEM32;C:\WINDOWS\WinSxS\amd64_microsoft.windows.common-controls_6595b64144ccf1df_6.0.22621.3672_none_2713b9d173822955;C:\Program Files\Java\jdk-17\bin\server;C:\WINDOWS\System32\DriverStore\FileRepository\u0387389.inf_amd64_995be970e30b8c79\B385477

VM Arguments:
jvm_args: -Dfile.encoding=UTF-8 --module-path=C:\Users\lalita\OneDrive\Documents\NetBeansProjects\Airline Management System\build\classes 
java_command: airlinemanagementsystem.BoardingPass
java_class_path (initial): C:\Users\lalita\Downloads\mysql-connector-java-8.0.28 (2).jar;C:\Users\lalita\Downloads\rs2xml.jar;C:\Users\lalita\Downloads\jcalendar-tz-1.3.3-4 (1).jar;C:\Users\lalita\OneDrive\Documents\NetBeansProjects\Airline Management System\build\classes
Launcher Type: SUN_STANDARD

[Global flags]
     intx CICompilerCount                          = 4                                         {product} {ergonomic}
     uint ConcGCThreads                            = 3                                         {product} {ergonomic}
     uint G1ConcRefinementThreads                  = 10                                        {product} {ergonomic}
   size_t G1HeapRegionSize                         = 1048576                                   {product} {ergonomic}
    uintx GCDrainStackTargetSize                   = 64                                        {product} {ergonomic}
   size_t InitialHeapSize                          = 123731968                                 {product} {ergonomic}
   size_t MarkStackSize                            = 4194304                                   {product} {ergonomic}
   size_t MaxHeapSize                              = 1969225728                                {product} {ergonomic}
   size_t MaxNewSize                               = 1180696576                                {product} {ergonomic}
   size_t MinHeapDeltaBytes                        = 1048576                                   {product} {ergonomic}
   size_t MinHeapSize                              = 8388608                                   {product} {ergonomic}
    uintx NonNMethodCodeHeapSize                   = 5839372                                {pd product} {ergonomic}
    uintx NonProfiledCodeHeapSize                  = 122909434                              {pd product} {ergonomic}
    uintx ProfiledCodeHeapSize                     = 122909434                              {pd product} {ergonomic}
    uintx ReservedCodeCacheSize                    = 251658240                              {pd product} {ergonomic}
     bool SegmentedCodeCache                       = true                                      {product} {ergonomic}
   size_t SoftMaxHeapSize                          = 1969225728                             {manageable} {ergonomic}
     bool UseCompressedClassPointers               = true                           {product lp64_product} {ergonomic}
     bool UseCompressedOops                        = true                           {product lp64_product} {ergonomic}
     bool UseG1GC                                  = true                                      {product} {ergonomic}
     bool UseLargePagesIndividualAllocation        = false                                  {pd product} {ergonomic}

Logging:
Log output configuration:
 #0: stdout all=warning uptime,level,tags
 #1: stderr all=off uptime,level,tags

Environment Variables:
PATH=C:\Program Files\Common Files\Oracle\Java\javapath;C:\Program Files (x86)\Common Files\Oracle\Java\javapath;C:\WINDOWS\system32;C:\WINDOWS;C:\WINDOWS\System32\Wbem;C:\WINDOWS\System32\WindowsPowerShell\v1.0\;C:\WINDOWS\System32\OpenSSH\;C:\MinGW\bin;D:\Git\cmd;C:\Program Files\Java\jdk-17\bin;C:\Program Files\MySQL\MySQL Shell 8.0\bin\;C:\Program Files\nodejs\;C:\Users\lalita\AppData\Local\Programs\Microsoft VS Code\bin;
USERNAME=lalita
OS=Windows_NT
PROCESSOR_IDENTIFIER=AMD64 Family 23 Model 104 Stepping 1, AuthenticAMD



---------------  S Y S T E M  ---------------

OS:
 Windows 11 , 64 bit Build 22621 (10.0.22621.3958)
OS uptime: 0 days 6:29 hours

CPU: total 12 (initial active 12) (12 cores per cpu, 2 threads per core) family 23 model 104 stepping 1 microcode 0x0, cx8, cmov, fxsr, ht, mmx, 3dnowpref, sse, sse2, sse3, ssse3, sse4a, sse4.1, sse4.2, popcnt, lzcnt, tsc, tscinvbit, avx, avx2, aes, clmul, bmi1, bmi2, adx, sha, fma, vzeroupper, clflush, clflushopt

Memory: 4k page, system-wide physical 7504M (493M free)
TotalPageFile size 25729M (AvailPageFile size 3M)
current process WorkingSet (physical memory assigned to process): 140M, peak: 140M
current process commit charge ("private bytes"): 233M, peak: 233M

vm_info: Java HotSpot(TM) 64-Bit Server VM (17.0.11+7-LTS-207) for windows-amd64 JRE (17.0.11+7-LTS-207), built on Mar 11 2024 19:01:50 by "mach5one" with MS VC++ 17.6 (VS2022)

END.
