#
# There is insufficient memory for the Java Runtime Environment to continue.
# Native memory allocation (malloc) failed to allocate 225456 bytes for Chunk::new
# Possible reasons:
#   The system is out of physical RAM or swap space
#   The process is running with CompressedOops enabled, and the Java Heap may be blocking the growth of the native heap
# Possible solutions:
#   Reduce memory load on the system
#   Increase physical memory or swap space
#   Check if swap backing store is full
#   Decrease Java heap size (-Xmx/-Xms)
#   Decrease number of Java threads
#   Decrease Java thread stack sizes (-Xss)
#   Set larger code cache with -XX:ReservedCodeCacheSize=
#   JVM is running with Unscaled Compressed Oops mode in which the Java heap is
#     placed in the first 4GB address space. The Java Heap base address is the
#     maximum limit for the native heap growth. Please use -XX:HeapBaseMinAddress
#     to set the Java Heap base and to place the Java Heap above 4GB virtual address.
# This output file may be truncated or incomplete.
#
#  Out of Memory Error (arena.cpp:189), pid=20592, tid=19184
#
# JRE version: Java(TM) SE Runtime Environment (17.0.11+7) (build 17.0.11+7-LTS-207)
# Java VM: Java HotSpot(TM) 64-Bit Server VM (17.0.11+7-LTS-207, mixed mode, sharing, tiered, compressed oops, compressed class ptrs, g1 gc, windows-amd64)
# No core dump will be written. Minidumps are not enabled by default on client versions of Windows
#

---------------  S U M M A R Y ------------

Command Line: -Dfile.encoding=UTF-8 --module-path=C:\Users\lalita\OneDrive\Documents\NetBeansProjects\Airline Management System\build\classes airlinemanagementsystem.BoardingPass

Host: AMD Ryzen 5 5500U with Radeon Graphics         , 12 cores, 7G,  Windows 11 , 64 bit Build 22621 (10.0.22621.3958)
Time: Mon Oct 21 12:57:11 2024 India Standard Time elapsed time: 0.782525 seconds (0d 0h 0m 0s)

---------------  T H R E A D  ---------------

Current thread (0x000001f6b72c2990):  JavaThread "C2 CompilerThread0" daemon [_thread_in_native, id=19184, stack(0x000000a1c5400000,0x000000a1c5500000)]


Current CompileTask:
C2:    782  732  s    4       java.awt.image.IndexColorModel::getDataElements (683 bytes)

Stack: [0x000000a1c5400000,0x000000a1c5500000]
Native frames: (J=compiled Java code, j=interpreted, Vv=VM code, C=native code)
V  [jvm.dll+0x679cca]
V  [jvm.dll+0x7da13d]
V  [jvm.dll+0x7dba83]
V  [jvm.dll+0x7dc0f3]
V  [jvm.dll+0x2449af]
V  [jvm.dll+0xab83b]
V  [jvm.dll+0xabe1c]
V  [jvm.dll+0x36155f]
V  [jvm.dll+0x32bd61]
V  [jvm.dll+0x32b1fa]
V  [jvm.dll+0x2161df]
V  [jvm.dll+0x21560f]
V  [jvm.dll+0x1a2040]
V  [jvm.dll+0x225a2b]
V  [jvm.dll+0x223bcb]
V  [jvm.dll+0x7903ec]
V  [jvm.dll+0x78a85a]
V  [jvm.dll+0x678bb5]
C  [ucrtbase.dll+0x29333]
C  [KERNEL32.DLL+0x1257d]
C  [ntdll.dll+0x5af28]


---------------  P R O C E S S  ---------------

Threads class SMR info:
_java_thread_list=0x000001f6fdbef180, length=16, elements={
0x000001f6992af4a0, 0x000001f6b72a5380, 0x000001f6b72a6000, 0x000001f6b72bb910,
0x000001f6b72bc2d0, 0x000001f6b72bcc90, 0x000001f6b72bf010, 0x000001f6b72c2990,
0x000001f6b72c8e20, 0x000001f6b72cdad0, 0x000001f6b72cfe40, 0x000001f6b72d0350,
0x000001f6b72cf930, 0x000001f6b72ccba0, 0x000001f6b72cd0b0, 0x000001f6b72ce4f0
}

Java Threads: ( => current thread )
  0x000001f6992af4a0 JavaThread "main" [_thread_blocked, id=18100, stack(0x000000a1c4700000,0x000000a1c4800000)]
  0x000001f6b72a5380 JavaThread "Reference Handler" daemon [_thread_blocked, id=25236, stack(0x000000a1c4e00000,0x000000a1c4f00000)]
  0x000001f6b72a6000 JavaThread "Finalizer" daemon [_thread_blocked, id=21088, stack(0x000000a1c4f00000,0x000000a1c5000000)]
  0x000001f6b72bb910 JavaThread "Signal Dispatcher" daemon [_thread_blocked, id=14724, stack(0x000000a1c5000000,0x000000a1c5100000)]
  0x000001f6b72bc2d0 JavaThread "Attach Listener" daemon [_thread_blocked, id=2060, stack(0x000000a1c5100000,0x000000a1c5200000)]
  0x000001f6b72bcc90 JavaThread "Service Thread" daemon [_thread_blocked, id=23288, stack(0x000000a1c5200000,0x000000a1c5300000)]
  0x000001f6b72bf010 JavaThread "Monitor Deflation Thread" daemon [_thread_blocked, id=21480, stack(0x000000a1c5300000,0x000000a1c5400000)]
=>0x000001f6b72c2990 JavaThread "C2 CompilerThread0" daemon [_thread_in_native, id=19184, stack(0x000000a1c5400000,0x000000a1c5500000)]
  0x000001f6b72c8e20 JavaThread "C1 CompilerThread0" daemon [_thread_blocked, id=14304, stack(0x000000a1c5500000,0x000000a1c5600000)]
  0x000001f6b72cdad0 JavaThread "Sweeper thread" daemon [_thread_blocked, id=24312, stack(0x000000a1c5600000,0x000000a1c5700000)]
  0x000001f6b72cfe40 JavaThread "Common-Cleaner" daemon [_thread_blocked, id=21852, stack(0x000000a1c5700000,0x000000a1c5800000)]
  0x000001f6b72d0350 JavaThread "Notification Thread" daemon [_thread_blocked, id=5036, stack(0x000000a1c5800000,0x000000a1c5900000)]
  0x000001f6b72cf930 JavaThread "Java2D Disposer" daemon [_thread_blocked, id=24168, stack(0x000000a1c5b00000,0x000000a1c5c00000)]
  0x000001f6b72ccba0 JavaThread "AWT-Shutdown" [_thread_blocked, id=13280, stack(0x000000a1c5c00000,0x000000a1c5d00000)]
  0x000001f6b72cd0b0 JavaThread "AWT-Windows" daemon [_thread_in_native, id=996, stack(0x000000a1c5d00000,0x000000a1c5e00000)]
  0x000001f6b72ce4f0 JavaThread "Image Fetcher 0" daemon [_thread_in_Java, id=25552, stack(0x000000a1c5a00000,0x000000a1c5b00000)]

Other Threads:
  0x000001f6b729ecd0 VMThread "VM Thread" [stack: 0x000000a1c4d00000,0x000000a1c4e00000] [id=24548]
  0x000001f6b75c4b10 WatcherThread [stack: 0x000000a1c5900000,0x000000a1c5a00000] [id=11224]
  0x000001f6993064c0 GCTaskThread "GC Thread#0" [stack: 0x000000a1c4800000,0x000000a1c4900000] [id=13840]
  0x000001f6fdeaa9a0 GCTaskThread "GC Thread#1" [stack: 0x000000a1c6900000,0x000000a1c6a00000] [id=24720]
  0x000001f6fdcaaff0 GCTaskThread "GC Thread#2" [stack: 0x000000a1c6a00000,0x000000a1c6b00000] [id=22004]
  0x000001f6fdcabad0 GCTaskThread "GC Thread#3" [stack: 0x000000a1c6b00000,0x000000a1c6c00000] [id=21448]
  0x000001f6fdca5520 GCTaskThread "GC Thread#4" [stack: 0x000000a1c6c00000,0x000000a1c6d00000] [id=20852]
  0x000001f6fdca57e0 GCTaskThread "GC Thread#5" [stack: 0x000000a1c6d00000,0x000000a1c6e00000] [id=592]
  0x000001f6fdc4a080 GCTaskThread "GC Thread#6" [stack: 0x000000a1c6e00000,0x000000a1c6f00000] [id=764]
  0x000001f6fdc4a340 GCTaskThread "GC Thread#7" [stack: 0x000000a1c6f00000,0x000000a1c7000000] [id=22296]
  0x000001f699315ed0 ConcurrentGCThread "G1 Main Marker" [stack: 0x000000a1c4900000,0x000000a1c4a00000] [id=5264]
  0x000001f699317080 ConcurrentGCThread "G1 Conc#0" [stack: 0x000000a1c4a00000,0x000000a1c4b00000] [id=23076]
  0x000001f6b71624b0 ConcurrentGCThread "G1 Refine#0" [stack: 0x000000a1c4b00000,0x000000a1c4c00000] [id=24252]
  0x000001f699378b90 ConcurrentGCThread "G1 Service" [stack: 0x000000a1c4c00000,0x000000a1c4d00000] [id=9220]

Threads with active compile tasks:
C2 CompilerThread0      810  732  s    4       java.awt.image.IndexColorModel::getDataElements (683 bytes)

VM state: not at safepoint (normal execution)

VM Mutex/Monitor currently owned by a thread: None

Heap address: 0x000000008aa00000, size: 1878 MB, Compressed Oops mode: 32-bit

CDS archive(s) mapped at: [0x000001f6b8000000-0x000001f6b8bd0000-0x000001f6b8bd0000), size 12386304, SharedBaseAddress: 0x000001f6b8000000, ArchiveRelocationMode: 1.
Compressed class space mapped at: 0x000001f6b9000000-0x000001f6f9000000, reserved size: 1073741824
Narrow klass base: 0x000001f6b8000000, Narrow klass shift: 0, Narrow klass range: 0x100000000

GC Precious Log:
 CPUs: 12 total, 12 available
 Memory: 7504M
 Large Page Support: Disabled
 NUMA Support: Disabled
 Compressed Oops: Enabled (32-bit)
 Heap Region Size: 1M
 Heap Min Capacity: 8M
 Heap Initial Capacity: 118M
 Heap Max Capacity: 1878M
 Pre-touch: Disabled
 Parallel Workers: 10
 Concurrent Workers: 3
 Concurrent Refinement Workers: 10
 Periodic GC: Disabled

Heap:
 garbage-first heap   total 120832K, used 61983K [0x000000008aa00000, 0x0000000100000000)
  region size 1024K, 55 young (56320K), 0 survivors (0K)
 Metaspace       used 6011K, committed 6208K, reserved 1114112K
  class space    used 668K, committed 768K, reserved 1048576K

Heap Regions: E=young(eden), S=young(survivor), O=old, HS=humongous(starts), HC=humongous(continues), CS=collection set, F=free, OA=open archive, CA=closed archive, TAMS=top-at-mark-start (previous, next)
|   0|0x000000008aa00000, 0x000000008ab00000, 0x000000008ab00000|100%|HS|  |TAMS 0x000000008aa00000, 0x000000008aa00000| Complete 
|   1|0x000000008ab00000, 0x000000008ac00000, 0x000000008ac00000|100%|HC|  |TAMS 0x000000008ab00000, 0x000000008ab00000| Complete 
|   2|0x000000008ac00000, 0x000000008ad00000, 0x000000008ad00000|100%|HC|  |TAMS 0x000000008ac00000, 0x000000008ac00000| Complete 
|   3|0x000000008ad00000, 0x000000008ae00000, 0x000000008ae00000|100%|HC|  |TAMS 0x000000008ad00000, 0x000000008ad00000| Complete 
|   4|0x000000008ae00000, 0x000000008af00000, 0x000000008af00000|100%| O|  |TAMS 0x000000008ae00000, 0x000000008ae00000| Untracked 
|   5|0x000000008af00000, 0x000000008b000000, 0x000000008b000000|100%| O|  |TAMS 0x000000008af00000, 0x000000008af00000| Untracked 
|   6|0x000000008b000000, 0x000000008b087c00, 0x000000008b100000| 53%| O|  |TAMS 0x000000008b000000, 0x000000008b000000| Untracked 
|   7|0x000000008b100000, 0x000000008b100000, 0x000000008b200000|  0%| F|  |TAMS 0x000000008b100000, 0x000000008b100000| Untracked 
|   8|0x000000008b200000, 0x000000008b200000, 0x000000008b300000|  0%| F|  |TAMS 0x000000008b200000, 0x000000008b200000| Untracked 
|   9|0x000000008b300000, 0x000000008b300000, 0x000000008b400000|  0%| F|  |TAMS 0x000000008b300000, 0x000000008b300000| Untracked 
|  10|0x000000008b400000, 0x000000008b400000, 0x000000008b500000|  0%| F|  |TAMS 0x000000008b400000, 0x000000008b400000| Untracked 
|  11|0x000000008b500000, 0x000000008b500000, 0x000000008b600000|  0%| F|  |TAMS 0x000000008b500000, 0x000000008b500000| Untracked 
|  12|0x000000008b600000, 0x000000008b600000, 0x000000008b700000|  0%| F|  |TAMS 0x000000008b600000, 0x000000008b600000| Untracked 
|  13|0x000000008b700000, 0x000000008b700000, 0x000000008b800000|  0%| F|  |TAMS 0x000000008b700000, 0x000000008b700000| Untracked 
|  14|0x000000008b800000, 0x000000008b800000, 0x000000008b900000|  0%| F|  |TAMS 0x000000008b800000, 0x000000008b800000| Untracked 
|  15|0x000000008b900000, 0x000000008b900000, 0x000000008ba00000|  0%| F|  |TAMS 0x000000008b900000, 0x000000008b900000| Untracked 
|  16|0x000000008ba00000, 0x000000008ba00000, 0x000000008bb00000|  0%| F|  |TAMS 0x000000008ba00000, 0x000000008ba00000| Untracked 
|  17|0x000000008bb00000, 0x000000008bb00000, 0x000000008bc00000|  0%| F|  |TAMS 0x000000008bb00000, 0x000000008bb00000| Untracked 
|  18|0x000000008bc00000, 0x000000008bc00000, 0x000000008bd00000|  0%| F|  |TAMS 0x000000008bc00000, 0x000000008bc00000| Untracked 
|  19|0x000000008bd00000, 0x000000008bd00000, 0x000000008be00000|  0%| F|  |TAMS 0x000000008bd00000, 0x000000008bd00000| Untracked 
|  20|0x000000008be00000, 0x000000008be00000, 0x000000008bf00000|  0%| F|  |TAMS 0x000000008be00000, 0x000000008be00000| Untracked 
|  21|0x000000008bf00000, 0x000000008bf00000, 0x000000008c000000|  0%| F|  |TAMS 0x000000008bf00000, 0x000000008bf00000| Untracked 
|  22|0x000000008c000000, 0x000000008c000000, 0x000000008c100000|  0%| F|  |TAMS 0x000000008c000000, 0x000000008c000000| Untracked 
|  23|0x000000008c100000, 0x000000008c100000, 0x000000008c200000|  0%| F|  |TAMS 0x000000008c100000, 0x000000008c100000| Untracked 
|  24|0x000000008c200000, 0x000000008c200000, 0x000000008c300000|  0%| F|  |TAMS 0x000000008c200000, 0x000000008c200000| Untracked 
|  25|0x000000008c300000, 0x000000008c300000, 0x000000008c400000|  0%| F|  |TAMS 0x000000008c300000, 0x000000008c300000| Untracked 
|  26|0x000000008c400000, 0x000000008c400000, 0x000000008c500000|  0%| F|  |TAMS 0x000000008c400000, 0x000000008c400000| Untracked 
|  27|0x000000008c500000, 0x000000008c500000, 0x000000008c600000|  0%| F|  |TAMS 0x000000008c500000, 0x000000008c500000| Untracked 
|  28|0x000000008c600000, 0x000000008c600000, 0x000000008c700000|  0%| F|  |TAMS 0x000000008c600000, 0x000000008c600000| Untracked 
|  29|0x000000008c700000, 0x000000008c700000, 0x000000008c800000|  0%| F|  |TAMS 0x000000008c700000, 0x000000008c700000| Untracked 
|  30|0x000000008c800000, 0x000000008c800000, 0x000000008c900000|  0%| F|  |TAMS 0x000000008c800000, 0x000000008c800000| Untracked 
|  31|0x000000008c900000, 0x000000008c900000, 0x000000008ca00000|  0%| F|  |TAMS 0x000000008c900000, 0x000000008c900000| Untracked 
|  32|0x000000008ca00000, 0x000000008ca00000, 0x000000008cb00000|  0%| F|  |TAMS 0x000000008ca00000, 0x000000008ca00000| Untracked 
|  33|0x000000008cb00000, 0x000000008cb00000, 0x000000008cc00000|  0%| F|  |TAMS 0x000000008cb00000, 0x000000008cb00000| Untracked 
|  34|0x000000008cc00000, 0x000000008cc00000, 0x000000008cd00000|  0%| F|  |TAMS 0x000000008cc00000, 0x000000008cc00000| Untracked 
|  35|0x000000008cd00000, 0x000000008cd00000, 0x000000008ce00000|  0%| F|  |TAMS 0x000000008cd00000, 0x000000008cd00000| Untracked 
|  36|0x000000008ce00000, 0x000000008ce00000, 0x000000008cf00000|  0%| F|  |TAMS 0x000000008ce00000, 0x000000008ce00000| Untracked 
|  37|0x000000008cf00000, 0x000000008cf00000, 0x000000008d000000|  0%| F|  |TAMS 0x000000008cf00000, 0x000000008cf00000| Untracked 
|  38|0x000000008d000000, 0x000000008d000000, 0x000000008d100000|  0%| F|  |TAMS 0x000000008d000000, 0x000000008d000000| Untracked 
|  39|0x000000008d100000, 0x000000008d100000, 0x000000008d200000|  0%| F|  |TAMS 0x000000008d100000, 0x000000008d100000| Untracked 
|  40|0x000000008d200000, 0x000000008d200000, 0x000000008d300000|  0%| F|  |TAMS 0x000000008d200000, 0x000000008d200000| Untracked 
|  41|0x000000008d300000, 0x000000008d300000, 0x000000008d400000|  0%| F|  |TAMS 0x000000008d300000, 0x000000008d300000| Untracked 
|  42|0x000000008d400000, 0x000000008d400000, 0x000000008d500000|  0%| F|  |TAMS 0x000000008d400000, 0x000000008d400000| Untracked 
|  43|0x000000008d500000, 0x000000008d500000, 0x000000008d600000|  0%| F|  |TAMS 0x000000008d500000, 0x000000008d500000| Untracked 
|  44|0x000000008d600000, 0x000000008d600000, 0x000000008d700000|  0%| F|  |TAMS 0x000000008d600000, 0x000000008d600000| Untracked 
|  45|0x000000008d700000, 0x000000008d700000, 0x000000008d800000|  0%| F|  |TAMS 0x000000008d700000, 0x000000008d700000| Untracked 
|  46|0x000000008d800000, 0x000000008d800000, 0x000000008d900000|  0%| F|  |TAMS 0x000000008d800000, 0x000000008d800000| Untracked 
|  47|0x000000008d900000, 0x000000008d900000, 0x000000008da00000|  0%| F|  |TAMS 0x000000008d900000, 0x000000008d900000| Untracked 
|  48|0x000000008da00000, 0x000000008da00000, 0x000000008db00000|  0%| F|  |TAMS 0x000000008da00000, 0x000000008da00000| Untracked 
|  49|0x000000008db00000, 0x000000008db00000, 0x000000008dc00000|  0%| F|  |TAMS 0x000000008db00000, 0x000000008db00000| Untracked 
|  50|0x000000008dc00000, 0x000000008dc00000, 0x000000008dd00000|  0%| F|  |TAMS 0x000000008dc00000, 0x000000008dc00000| Untracked 
|  51|0x000000008dd00000, 0x000000008dd00000, 0x000000008de00000|  0%| F|  |TAMS 0x000000008dd00000, 0x000000008dd00000| Untracked 
|  52|0x000000008de00000, 0x000000008de00000, 0x000000008df00000|  0%| F|  |TAMS 0x000000008de00000, 0x000000008de00000| Untracked 
|  53|0x000000008df00000, 0x000000008df00000, 0x000000008e000000|  0%| F|  |TAMS 0x000000008df00000, 0x000000008df00000| Untracked 
|  54|0x000000008e000000, 0x000000008e000000, 0x000000008e100000|  0%| F|  |TAMS 0x000000008e000000, 0x000000008e000000| Untracked 
|  55|0x000000008e100000, 0x000000008e100000, 0x000000008e200000|  0%| F|  |TAMS 0x000000008e100000, 0x000000008e100000| Untracked 
|  56|0x000000008e200000, 0x000000008e200000, 0x000000008e300000|  0%| F|  |TAMS 0x000000008e200000, 0x000000008e200000| Untracked 
|  57|0x000000008e300000, 0x000000008e300000, 0x000000008e400000|  0%| F|  |TAMS 0x000000008e300000, 0x000000008e300000| Untracked 
|  58|0x000000008e400000, 0x000000008e400000, 0x000000008e500000|  0%| F|  |TAMS 0x000000008e400000, 0x000000008e400000| Untracked 
|  59|0x000000008e500000, 0x000000008e500000, 0x000000008e600000|  0%| F|  |TAMS 0x000000008e500000, 0x000000008e500000| Untracked 
|  60|0x000000008e600000, 0x000000008e600000, 0x000000008e700000|  0%| F|  |TAMS 0x000000008e600000, 0x000000008e600000| Untracked 
|  61|0x000000008e700000, 0x000000008e700000, 0x000000008e800000|  0%| F|  |TAMS 0x000000008e700000, 0x000000008e700000| Untracked 
|  62|0x000000008e800000, 0x000000008e800000, 0x000000008e900000|  0%| F|  |TAMS 0x000000008e800000, 0x000000008e800000| Untracked 
|  63|0x000000008e900000, 0x000000008e980800, 0x000000008ea00000| 50%| E|  |TAMS 0x000000008e900000, 0x000000008e900000| Complete 
|  64|0x000000008ea00000, 0x000000008eb00000, 0x000000008eb00000|100%| E|CS|TAMS 0x000000008ea00000, 0x000000008ea00000| Complete 
|  65|0x000000008eb00000, 0x000000008ec00000, 0x000000008ec00000|100%| E|CS|TAMS 0x000000008eb00000, 0x000000008eb00000| Complete 
|  66|0x000000008ec00000, 0x000000008ed00000, 0x000000008ed00000|100%| E|CS|TAMS 0x000000008ec00000, 0x000000008ec00000| Complete 
|  67|0x000000008ed00000, 0x000000008ee00000, 0x000000008ee00000|100%| E|CS|TAMS 0x000000008ed00000, 0x000000008ed00000| Complete 
|  68|0x000000008ee00000, 0x000000008ef00000, 0x000000008ef00000|100%| E|CS|TAMS 0x000000008ee00000, 0x000000008ee00000| Complete 
|  69|0x000000008ef00000, 0x000000008f000000, 0x000000008f000000|100%| E|CS|TAMS 0x000000008ef00000, 0x000000008ef00000| Complete 
|  70|0x000000008f000000, 0x000000008f100000, 0x000000008f100000|100%| E|CS|TAMS 0x000000008f000000, 0x000000008f000000| Complete 
|  71|0x000000008f100000, 0x000000008f200000, 0x000000008f200000|100%| E|CS|TAMS 0x000000008f100000, 0x000000008f100000| Complete 
|  72|0x000000008f200000, 0x000000008f300000, 0x000000008f300000|100%| E|CS|TAMS 0x000000008f200000, 0x000000008f200000| Complete 
|  73|0x000000008f300000, 0x000000008f400000, 0x000000008f400000|100%| E|CS|TAMS 0x000000008f300000, 0x000000008f300000| Complete 
|  74|0x000000008f400000, 0x000000008f500000, 0x000000008f500000|100%| E|CS|TAMS 0x000000008f400000, 0x000000008f400000| Complete 
|  75|0x000000008f500000, 0x000000008f600000, 0x000000008f600000|100%| E|CS|TAMS 0x000000008f500000, 0x000000008f500000| Complete 
|  76|0x000000008f600000, 0x000000008f700000, 0x000000008f700000|100%| E|CS|TAMS 0x000000008f600000, 0x000000008f600000| Complete 
|  77|0x000000008f700000, 0x000000008f800000, 0x000000008f800000|100%| E|CS|TAMS 0x000000008f700000, 0x000000008f700000| Complete 
|  78|0x000000008f800000, 0x000000008f900000, 0x000000008f900000|100%| E|CS|TAMS 0x000000008f800000, 0x000000008f800000| Complete 
|  79|0x000000008f900000, 0x000000008fa00000, 0x000000008fa00000|100%| E|CS|TAMS 0x000000008f900000, 0x000000008f900000| Complete 
|  80|0x000000008fa00000, 0x000000008fb00000, 0x000000008fb00000|100%| E|CS|TAMS 0x000000008fa00000, 0x000000008fa00000| Complete 
|  81|0x000000008fb00000, 0x000000008fc00000, 0x000000008fc00000|100%| E|CS|TAMS 0x000000008fb00000, 0x000000008fb00000| Complete 
|  82|0x000000008fc00000, 0x000000008fd00000, 0x000000008fd00000|100%| E|CS|TAMS 0x000000008fc00000, 0x000000008fc00000| Complete 
|  83|0x000000008fd00000, 0x000000008fe00000, 0x000000008fe00000|100%| E|CS|TAMS 0x000000008fd00000, 0x000000008fd00000| Complete 
|  84|0x000000008fe00000, 0x000000008ff00000, 0x000000008ff00000|100%| E|CS|TAMS 0x000000008fe00000, 0x000000008fe00000| Complete 
|  85|0x000000008ff00000, 0x0000000090000000, 0x0000000090000000|100%| E|CS|TAMS 0x000000008ff00000, 0x000000008ff00000| Complete 
|  86|0x0000000090000000, 0x0000000090100000, 0x0000000090100000|100%| E|CS|TAMS 0x0000000090000000, 0x0000000090000000| Complete 
|  87|0x0000000090100000, 0x0000000090200000, 0x0000000090200000|100%| E|CS|TAMS 0x0000000090100000, 0x0000000090100000| Complete 
|  88|0x0000000090200000, 0x0000000090300000, 0x0000000090300000|100%| E|CS|TAMS 0x0000000090200000, 0x0000000090200000| Complete 
|  89|0x0000000090300000, 0x0000000090400000, 0x0000000090400000|100%| E|CS|TAMS 0x0000000090300000, 0x0000000090300000| Complete 
|  90|0x0000000090400000, 0x0000000090500000, 0x0000000090500000|100%| E|CS|TAMS 0x0000000090400000, 0x0000000090400000| Complete 
|  91|0x0000000090500000, 0x0000000090600000, 0x0000000090600000|100%| E|CS|TAMS 0x0000000090500000, 0x0000000090500000| Complete 
|  92|0x0000000090600000, 0x0000000090700000, 0x0000000090700000|100%| E|CS|TAMS 0x0000000090600000, 0x0000000090600000| Complete 
|  93|0x0000000090700000, 0x0000000090800000, 0x0000000090800000|100%| E|CS|TAMS 0x0000000090700000, 0x0000000090700000| Complete 
|  94|0x0000000090800000, 0x0000000090900000, 0x0000000090900000|100%| E|CS|TAMS 0x0000000090800000, 0x0000000090800000| Complete 
|  95|0x0000000090900000, 0x0000000090a00000, 0x0000000090a00000|100%| E|CS|TAMS 0x0000000090900000, 0x0000000090900000| Complete 
|  96|0x0000000090a00000, 0x0000000090b00000, 0x0000000090b00000|100%| E|CS|TAMS 0x0000000090a00000, 0x0000000090a00000| Complete 
|  97|0x0000000090b00000, 0x0000000090c00000, 0x0000000090c00000|100%| E|CS|TAMS 0x0000000090b00000, 0x0000000090b00000| Complete 
|  98|0x0000000090c00000, 0x0000000090d00000, 0x0000000090d00000|100%| E|CS|TAMS 0x0000000090c00000, 0x0000000090c00000| Complete 
|  99|0x0000000090d00000, 0x0000000090e00000, 0x0000000090e00000|100%| E|CS|TAMS 0x0000000090d00000, 0x0000000090d00000| Complete 
| 100|0x0000000090e00000, 0x0000000090f00000, 0x0000000090f00000|100%| E|CS|TAMS 0x0000000090e00000, 0x0000000090e00000| Complete 
| 101|0x0000000090f00000, 0x0000000091000000, 0x0000000091000000|100%| E|CS|TAMS 0x0000000090f00000, 0x0000000090f00000| Complete 
| 102|0x0000000091000000, 0x0000000091100000, 0x0000000091100000|100%| E|CS|TAMS 0x0000000091000000, 0x0000000091000000| Complete 
| 103|0x0000000091100000, 0x0000000091200000, 0x0000000091200000|100%| E|CS|TAMS 0x0000000091100000, 0x0000000091100000| Complete 
| 104|0x0000000091200000, 0x0000000091300000, 0x0000000091300000|100%| E|CS|TAMS 0x0000000091200000, 0x0000000091200000| Complete 
| 105|0x0000000091300000, 0x0000000091400000, 0x0000000091400000|100%| E|CS|TAMS 0x0000000091300000, 0x0000000091300000| Complete 
| 106|0x0000000091400000, 0x0000000091500000, 0x0000000091500000|100%| E|CS|TAMS 0x0000000091400000, 0x0000000091400000| Complete 
| 107|0x0000000091500000, 0x0000000091600000, 0x0000000091600000|100%| E|CS|TAMS 0x0000000091500000, 0x0000000091500000| Complete 
| 108|0x0000000091600000, 0x0000000091700000, 0x0000000091700000|100%| E|CS|TAMS 0x0000000091600000, 0x0000000091600000| Complete 
| 109|0x0000000091700000, 0x0000000091800000, 0x0000000091800000|100%| E|CS|TAMS 0x0000000091700000, 0x0000000091700000| Complete 
| 110|0x0000000091800000, 0x0000000091900000, 0x0000000091900000|100%| E|CS|TAMS 0x0000000091800000, 0x0000000091800000| Complete 
| 111|0x0000000091900000, 0x0000000091a00000, 0x0000000091a00000|100%| E|CS|TAMS 0x0000000091900000, 0x0000000091900000| Complete 
| 112|0x0000000091a00000, 0x0000000091b00000, 0x0000000091b00000|100%| E|CS|TAMS 0x0000000091a00000, 0x0000000091a00000| Complete 
| 113|0x0000000091b00000, 0x0000000091c00000, 0x0000000091c00000|100%| E|CS|TAMS 0x0000000091b00000, 0x0000000091b00000| Complete 
| 114|0x0000000091c00000, 0x0000000091d00000, 0x0000000091d00000|100%| E|CS|TAMS 0x0000000091c00000, 0x0000000091c00000| Complete 
| 115|0x0000000091d00000, 0x0000000091e00000, 0x0000000091e00000|100%| E|CS|TAMS 0x0000000091d00000, 0x0000000091d00000| Complete 
| 116|0x0000000091e00000, 0x0000000091f00000, 0x0000000091f00000|100%| E|CS|TAMS 0x0000000091e00000, 0x0000000091e00000| Complete 
| 117|0x0000000091f00000, 0x0000000092000000, 0x0000000092000000|100%| E|CS|TAMS 0x0000000091f00000, 0x0000000091f00000| Complete 

Card table byte_map: [0x000001f6b0480000,0x000001f6b0830000] _byte_map_base: 0x000001f6b002b000

Marking Bits (Prev, Next): (CMBitMap*) 0x000001f699306ae0, (CMBitMap*) 0x000001f699306b20
 Prev Bits: [0x000001f6b0be0000, 0x000001f6b2938000)
 Next Bits: [0x000001f6b2940000, 0x000001f6b4698000)

Polling page: 0x000001f697260000

Metaspace:

Usage:
  Non-class:      5.22 MB used.
      Class:    668.18 KB used.
       Both:      5.87 MB used.

Virtual space:
  Non-class space:       64.00 MB reserved,       5.31 MB (  8%) committed,  1 nodes.
      Class space:        1.00 GB reserved,     768.00 KB ( <1%) committed,  1 nodes.
             Both:        1.06 GB reserved,       6.06 MB ( <1%) committed. 

Chunk freelists:
   Non-Class:  10.39 MB
       Class:  15.24 MB
        Both:  25.64 MB

MaxMetaspaceSize: unlimited
CompressedClassSpaceSize: 1.00 GB
Initial GC threshold: 21.00 MB
Current GC threshold: 21.00 MB
CDS: on
MetaspaceReclaimPolicy: balanced
 - commit_granule_bytes: 65536.
 - commit_granule_words: 8192.
 - virtual_space_node_default_size: 8388608.
 - enlarge_chunks_in_place: 1.
 - new_chunks_are_fully_committed: 0.
 - uncommit_free_chunks: 1.
 - use_allocation_guard: 0.
 - handle_deallocations: 1.


Internal statistics:

num_allocs_failed_limit: 0.
num_arena_births: 100.
num_arena_deaths: 0.
num_vsnodes_births: 2.
num_vsnodes_deaths: 0.
num_space_committed: 97.
num_space_uncommitted: 0.
num_chunks_returned_to_freelist: 0.
num_chunks_taken_from_freelist: 139.
num_chunk_merges: 0.
num_chunk_splits: 76.
num_chunks_enlarged: 20.
num_inconsistent_stats: 0.

CodeHeap 'non-profiled nmethods': size=120000Kb used=253Kb max_used=253Kb free=119746Kb
 bounds [0x000001f6a8640000, 0x000001f6a88b0000, 0x000001f6afb70000]
CodeHeap 'profiled nmethods': size=120000Kb used=1207Kb max_used=1207Kb free=118792Kb
 bounds [0x000001f6a0b70000, 0x000001f6a0de0000, 0x000001f6a80a0000]
CodeHeap 'non-nmethods': size=5760Kb used=1221Kb max_used=1250Kb free=4538Kb
 bounds [0x000001f6a80a0000, 0x000001f6a8310000, 0x000001f6a8640000]
 total_blobs=1262 nmethods=731 adapters=444
 compilation: enabled
              stopped_count=0, restarted_count=0
 full_count=0

Compilation events (20 events):
Event: 0.632 Thread 0x000001f6b72c2990 nmethod 721 0x000001f6a867ee90 code [0x000001f6a867f020, 0x000001f6a867f3e8]
Event: 0.647 Thread 0x000001f6b72c8e20  723       3       sun.awt.image.ImageWatched$WeakLink$$Lambda$148/0x000001f6b90a9788::run (32 bytes)
Event: 0.647 Thread 0x000001f6b72c8e20 nmethod 723 0x000001f6a0c98f90 code [0x000001f6a0c99120, 0x000001f6a0c99288]
Event: 0.647 Thread 0x000001f6b72c8e20  724       3       sun.awt.image.ImageWatched$WeakLink::lambda$update$0 (19 bytes)
Event: 0.647 Thread 0x000001f6b72c8e20 nmethod 724 0x000001f6a0c99310 code [0x000001f6a0c994c0, 0x000001f6a0c99768]
Event: 0.647 Thread 0x000001f6b72c8e20  725       3       java.awt.ImageMediaEntry::imageUpdate (51 bytes)
Event: 0.648 Thread 0x000001f6b72c8e20 nmethod 725 0x000001f6a0c99890 code [0x000001f6a0c99a80, 0x000001f6a0c9a168]
Event: 0.648 Thread 0x000001f6b72c8e20  726       3       sun.awt.image.InputStreamImageSource::latchConsumers (6 bytes)
Event: 0.648 Thread 0x000001f6b72c8e20 nmethod 726 0x000001f6a0c9a390 code [0x000001f6a0c9a540, 0x000001f6a0c9a8e8]
Event: 0.648 Thread 0x000001f6b72c8e20  727  s    3       sun.awt.image.InputStreamImageSource::doneDecoding (25 bytes)
Event: 0.648 Thread 0x000001f6b72c8e20 nmethod 727 0x000001f6a0c9aa10 code [0x000001f6a0c9abc0, 0x000001f6a0c9ae48]
Event: 0.648 Thread 0x000001f6b72c8e20  728       3       sun.awt.image.ImageWatched$WeakLink$$Lambda$148/0x000001f6b90a9788::<init> (44 bytes)
Event: 0.649 Thread 0x000001f6b72c8e20 nmethod 728 0x000001f6a0c9af10 code [0x000001f6a0c9b0c0, 0x000001f6a0c9b2f8]
Event: 0.652 Thread 0x000001f6b72c8e20  729       3       sun.awt.image.ImageDecoder::setPixels (58 bytes)
Event: 0.653 Thread 0x000001f6b72c8e20 nmethod 729 0x000001f6a0c9b410 code [0x000001f6a0c9b600, 0x000001f6a0c9bd48]
Event: 0.743 Thread 0x000001f6b72c8e20  730       3       java.util.zip.InflaterInputStream::ensureOpen (18 bytes)
Event: 0.743 Thread 0x000001f6b72c8e20 nmethod 730 0x000001f6a0c9c090 code [0x000001f6a0c9c240, 0x000001f6a0c9c448]
Event: 0.760 Thread 0x000001f6b72c8e20  731  s    3       java.awt.image.IndexColorModel::getDataElements (683 bytes)
Event: 0.762 Thread 0x000001f6b72c8e20 nmethod 731 0x000001f6a0c9c510 code [0x000001f6a0c9c7a0, 0x000001f6a0c9d928]
Event: 0.762 Thread 0x000001f6b72c2990  732  s    4       java.awt.image.IndexColorModel::getDataElements (683 bytes)

GC Heap History (4 events):
Event: 0.596 GC heap before
{Heap before GC invocations=0 (full 0):
 garbage-first heap   total 120832K, used 27648K [0x000000008aa00000, 0x0000000100000000)
  region size 1024K, 23 young (23552K), 0 survivors (0K)
 Metaspace       used 5998K, committed 6208K, reserved 1114112K
  class space    used 668K, committed 768K, reserved 1048576K
}
Event: 0.601 GC heap after
{Heap after GC invocations=1 (full 0):
 garbage-first heap   total 120832K, used 6784K [0x000000008aa00000, 0x0000000100000000)
  region size 1024K, 3 young (3072K), 3 survivors (3072K)
 Metaspace       used 5998K, committed 6208K, reserved 1114112K
  class space    used 668K, committed 768K, reserved 1048576K
}
Event: 0.663 GC heap before
{Heap before GC invocations=1 (full 0):
 garbage-first heap   total 120832K, used 40576K [0x000000008aa00000, 0x0000000100000000)
  region size 1024K, 36 young (36864K), 3 survivors (3072K)
 Metaspace       used 6011K, committed 6208K, reserved 1114112K
  class space    used 668K, committed 768K, reserved 1048576K
}
Event: 0.667 GC heap after
{Heap after GC invocations=2 (full 0):
 garbage-first heap   total 120832K, used 6687K [0x000000008aa00000, 0x0000000100000000)
  region size 1024K, 0 young (0K), 0 survivors (0K)
 Metaspace       used 6011K, committed 6208K, reserved 1114112K
  class space    used 668K, committed 768K, reserved 1048576K
}

Deoptimization events (20 events):
Event: 0.589 Thread 0x000001f6b72ce4f0 DEOPT PACKING pc=0x000001f6a0c8eb41 sp=0x000000a1c5aff1a0
Event: 0.589 Thread 0x000001f6b72ce4f0 DEOPT UNPACKING pc=0x000001f6a80f2b43 sp=0x000000a1c5afe720 mode 0
Event: 0.590 Thread 0x000001f6b72ce4f0 DEOPT PACKING pc=0x000001f6a0c8eb41 sp=0x000000a1c5aff1a0
Event: 0.590 Thread 0x000001f6b72ce4f0 DEOPT UNPACKING pc=0x000001f6a80f2b43 sp=0x000000a1c5afe720 mode 0
Event: 0.591 Thread 0x000001f6b72ce4f0 DEOPT PACKING pc=0x000001f6a0c8eb41 sp=0x000000a1c5aff1a0
Event: 0.591 Thread 0x000001f6b72ce4f0 DEOPT UNPACKING pc=0x000001f6a80f2b43 sp=0x000000a1c5afe720 mode 0
Event: 0.592 Thread 0x000001f6b72ce4f0 DEOPT PACKING pc=0x000001f6a0c8eb41 sp=0x000000a1c5aff1a0
Event: 0.592 Thread 0x000001f6b72ce4f0 DEOPT UNPACKING pc=0x000001f6a80f2b43 sp=0x000000a1c5afe720 mode 0
Event: 0.592 Thread 0x000001f6b72ce4f0 DEOPT PACKING pc=0x000001f6a0c8eb41 sp=0x000000a1c5aff1a0
Event: 0.592 Thread 0x000001f6b72ce4f0 DEOPT UNPACKING pc=0x000001f6a80f2b43 sp=0x000000a1c5afe720 mode 0
Event: 0.593 Thread 0x000001f6b72ce4f0 DEOPT PACKING pc=0x000001f6a0c8eb41 sp=0x000000a1c5aff1a0
Event: 0.593 Thread 0x000001f6b72ce4f0 DEOPT UNPACKING pc=0x000001f6a80f2b43 sp=0x000000a1c5afe720 mode 0
Event: 0.594 Thread 0x000001f6b72ce4f0 DEOPT PACKING pc=0x000001f6a0c8eb41 sp=0x000000a1c5aff1a0
Event: 0.594 Thread 0x000001f6b72ce4f0 DEOPT UNPACKING pc=0x000001f6a80f2b43 sp=0x000000a1c5afe720 mode 0
Event: 0.595 Thread 0x000001f6b72ce4f0 DEOPT PACKING pc=0x000001f6a0c8eb41 sp=0x000000a1c5aff1a0
Event: 0.595 Thread 0x000001f6b72ce4f0 DEOPT UNPACKING pc=0x000001f6a80f2b43 sp=0x000000a1c5afe720 mode 0
Event: 0.760 Thread 0x000001f6b72ce4f0 Uncommon trap: trap_request=0xffffff45 fr.pc=0x000001f6a86739ac relative=0x000000000000030c
Event: 0.760 Thread 0x000001f6b72ce4f0 Uncommon trap: reason=unstable_if action=reinterpret pc=0x000001f6a86739ac method=java.awt.image.IndexColorModel.getDataElements(ILjava/lang/Object;)Ljava/lang/Object; @ 70 c2
Event: 0.760 Thread 0x000001f6b72ce4f0 DEOPT PACKING pc=0x000001f6a86739ac sp=0x000000a1c5aff2b0
Event: 0.760 Thread 0x000001f6b72ce4f0 DEOPT UNPACKING pc=0x000001f6a80f23a3 sp=0x000000a1c5aff218 mode 2

Classes unloaded (0 events):
No events

Classes redefined (0 events):
No events

Internal exceptions (15 events):
Event: 0.087 Thread 0x000001f6992af4a0 Exception <a 'sun/nio/fs/WindowsException'{0x0000000091e40498}> (0x0000000091e40498) 
thrown [s\open\src\hotspot\share\prims\jni.cpp, line 516]
Event: 0.088 Thread 0x000001f6992af4a0 Exception <a 'sun/nio/fs/WindowsException'{0x0000000091e40a58}> (0x0000000091e40a58) 
thrown [s\open\src\hotspot\share\prims\jni.cpp, line 516]
Event: 0.090 Thread 0x000001f6992af4a0 Exception <a 'sun/nio/fs/WindowsException'{0x0000000091e43068}> (0x0000000091e43068) 
thrown [s\open\src\hotspot\share\prims\jni.cpp, line 516]
Event: 0.090 Thread 0x000001f6992af4a0 Exception <a 'sun/nio/fs/WindowsException'{0x0000000091e43cc0}> (0x0000000091e43cc0) 
thrown [s\open\src\hotspot\share\prims\jni.cpp, line 516]
Event: 0.143 Thread 0x000001f6992af4a0 Exception <a 'java/lang/ClassNotFoundException'{0x0000000091d19cf8}: sun/awt/resources/spi/awtProvider> (0x0000000091d19cf8) 
thrown [s\open\src\hotspot\share\classfile\systemDictionary.cpp, line 256]
Event: 0.170 Thread 0x000001f6992af4a0 Exception <a 'java/io/FileNotFoundException'{0x0000000091d6c238}> (0x0000000091d6c238) 
thrown [s\open\src\hotspot\share\prims\jni.cpp, line 516]
Event: 0.179 Thread 0x000001f6992af4a0 Exception <a 'java/io/FileNotFoundException'{0x0000000091d99390}> (0x0000000091d99390) 
thrown [s\open\src\hotspot\share\prims\jni.cpp, line 516]
Event: 0.224 Thread 0x000001f6992af4a0 Exception <a 'java/lang/NoSuchMethodError'{0x0000000091ddd418}: 'java.lang.Object java.lang.invoke.DirectMethodHandle$Holder.invokeStaticInit(java.lang.Object)'> (0x0000000091ddd418) 
thrown [s\open\src\hotspot\share\interpreter\linkResolver.cpp, line 759]
Event: 0.331 Thread 0x000001f6992af4a0 Exception <a 'java/lang/NoSuchMethodError'{0x0000000091c3ce58}: 'void java.lang.invoke.DirectMethodHandle$Holder.invokeSpecial(java.lang.Object, java.lang.Object, java.lang.Object)'> (0x0000000091c3ce58) 
thrown [s\open\src\hotspot\share\interpreter\linkResolver.cpp, line 759]
Event: 0.341 Thread 0x000001f6992af4a0 Exception <a 'java/lang/NoSuchMethodError'{0x0000000091c66ff8}: 'java.lang.Object java.lang.invoke.DirectMethodHandle$Holder.newInvokeSpecial(java.lang.Object, java.lang.Object, java.lang.Object, java.lang.Object, java.lang.Object)'> (0x0000000091c66ff8) 
thrown [s\open\src\hotspot\share\interpreter\linkResolver.cpp, line 759]
Event: 0.343 Thread 0x000001f6992af4a0 Exception <a 'java/lang/NoSuchMethodError'{0x0000000091c729c0}: 'java.lang.Object java.lang.invoke.DirectMethodHandle$Holder.invokeStatic(java.lang.Object, int, java.lang.Object, java.lang.Object, java.lang.Object, java.lang.Object)'> (0x0000000091c729c0) 
thrown [s\open\src\hotspot\share\interpreter\linkResolver.cpp, line 759]
Event: 0.349 Thread 0x000001f6992af4a0 Exception <a 'java/lang/NoSuchMethodError'{0x0000000091c98758}: 'java.lang.Object java.lang.invoke.DirectMethodHandle$Holder.invokeStatic(java.lang.Object, int, java.lang.Object)'> (0x0000000091c98758) 
thrown [s\open\src\hotspot\share\interpreter\linkResolver.cpp, line 759]
Event: 0.380 Thread 0x000001f6992af4a0 Exception <a 'java/lang/ClassNotFoundException'{0x0000000091b505a0}: com/sun/swing/internal/plaf/metal/resources/spi/metalProvider> (0x0000000091b505a0) 
thrown [s\open\src\hotspot\share\classfile\systemDictionary.cpp, line 256]
Event: 0.381 Thread 0x000001f6992af4a0 Exception <a 'java/lang/ClassNotFoundException'{0x0000000091b543f8}: com/sun/swing/internal/plaf/basic/resources/spi/basicProvider> (0x0000000091b543f8) 
thrown [s\open\src\hotspot\share\classfile\systemDictionary.cpp, line 256]
Event: 0.508 Thread 0x000001f6b72ce4f0 Exception <a 'java/lang/NoSuchMethodError'{0x0000000091973b38}: 'java.lang.Object java.lang.invoke.DirectMethodHandle$Holder.newInvokeSpecial(java.lang.Object, java.lang.Object, java.lang.Object, int, int, int, int, int)'> (0x0000000091973b38) 
thrown [s\open\src\hotspot\share\interpreter\linkResolver.cpp, line 759]

VM Operations (8 events):
Event: 0.092 Executing VM operation: HandshakeAllThreads
Event: 0.092 Executing VM operation: HandshakeAllThreads done
Event: 0.419 Executing VM operation: HandshakeAllThreads
Event: 0.419 Executing VM operation: HandshakeAllThreads done
Event: 0.596 Executing VM operation: G1CollectForAllocation
Event: 0.601 Executing VM operation: G1CollectForAllocation done
Event: 0.663 Executing VM operation: G1CollectForAllocation
Event: 0.667 Executing VM operation: G1CollectForAllocation done

Events (20 events):
Event: 0.512 loading class java/lang/StrictMath done
Event: 0.514 loading class java/awt/image/MultiPixelPackedSampleModel
Event: 0.514 loading class java/awt/image/SampleModel
Event: 0.514 loading class java/awt/image/SampleModel done
Event: 0.514 loading class java/awt/image/MultiPixelPackedSampleModel done
Event: 0.515 loading class sun/awt/image/BytePackedRaster
Event: 0.515 loading class sun/awt/image/BytePackedRaster done
Event: 0.516 loading class java/awt/image/BufferedImage
Event: 0.516 loading class java/awt/image/WritableRenderedImage
Event: 0.516 loading class java/awt/image/RenderedImage
Event: 0.516 loading class java/awt/image/RenderedImage done
Event: 0.516 loading class java/awt/image/WritableRenderedImage done
Event: 0.516 loading class java/awt/image/BufferedImage done
Event: 0.517 loading class java/awt/image/BufferedImage$1
Event: 0.517 loading class java/awt/image/BufferedImage$1 done
Event: 0.517 loading class sun/awt/image/IntegerComponentRaster
Event: 0.517 loading class sun/awt/image/IntegerComponentRaster done
Event: 0.517 loading class sun/awt/image/ByteComponentRaster
Event: 0.517 loading class sun/awt/image/ByteComponentRaster done
Event: 0.743 Thread 0x000001f6fdc5dcb0 Thread exited: 0x000001f6fdc5dcb0


Dynamic libraries:
0x00007ff7f4190000 - 0x00007ff7f41a0000 	C:\Program Files\Java\jdk-17\bin\java.exe
0x00007ffb360d0000 - 0x00007ffb362e7000 	C:\WINDOWS\SYSTEM32\ntdll.dll
0x00007ffb347f0000 - 0x00007ffb348b4000 	C:\WINDOWS\System32\KERNEL32.DLL
0x00007ffb33650000 - 0x00007ffb339fd000 	C:\WINDOWS\System32\KERNELBASE.dll
0x00007ffb33b20000 - 0x00007ffb33c31000 	C:\WINDOWS\System32\ucrtbase.dll
0x00007ffb1ec70000 - 0x00007ffb1ec8b000 	C:\Program Files\Java\jdk-17\bin\VCRUNTIME140.dll
0x00007ffb2a620000 - 0x00007ffb2a639000 	C:\Program Files\Java\jdk-17\bin\jli.dll
0x00007ffb34280000 - 0x00007ffb34332000 	C:\WINDOWS\System32\ADVAPI32.dll
0x00007ffb341c0000 - 0x00007ffb34267000 	C:\WINDOWS\System32\msvcrt.dll
0x00007ffb33f50000 - 0x00007ffb33ff9000 	C:\WINDOWS\System32\sechost.dll
0x00007ffb333f0000 - 0x00007ffb33418000 	C:\WINDOWS\System32\bcrypt.dll
0x00007ffb35f60000 - 0x00007ffb36074000 	C:\WINDOWS\System32\RPCRT4.dll
0x00007ffb34ec0000 - 0x00007ffb3506e000 	C:\WINDOWS\System32\USER32.dll
0x00007ffb33d50000 - 0x00007ffb33d76000 	C:\WINDOWS\System32\win32u.dll
0x00007ffb1b180000 - 0x00007ffb1b413000 	C:\WINDOWS\WinSxS\amd64_microsoft.windows.common-controls_6595b64144ccf1df_6.0.22621.3672_none_2713b9d173822955\COMCTL32.dll
0x00007ffb344f0000 - 0x00007ffb34519000 	C:\WINDOWS\System32\GDI32.dll
0x00007ffb33a00000 - 0x00007ffb33b19000 	C:\WINDOWS\System32\gdi32full.dll
0x00007ffb33cb0000 - 0x00007ffb33d4a000 	C:\WINDOWS\System32\msvcp_win.dll
0x00007ffb2bb40000 - 0x00007ffb2bb4a000 	C:\WINDOWS\SYSTEM32\VERSION.dll
0x00007ffb35f20000 - 0x00007ffb35f51000 	C:\WINDOWS\System32\IMM32.DLL
0x00007ffb192a0000 - 0x00007ffb192ac000 	C:\Program Files\Java\jdk-17\bin\vcruntime140_1.dll
0x00007ffaf01d0000 - 0x00007ffaf025e000 	C:\Program Files\Java\jdk-17\bin\msvcp140.dll
0x00007ffa81ba0000 - 0x00007ffa82780000 	C:\Program Files\Java\jdk-17\bin\server\jvm.dll
0x00007ffb344e0000 - 0x00007ffb344e8000 	C:\WINDOWS\System32\PSAPI.DLL
0x00007ffb2dc70000 - 0x00007ffb2dc79000 	C:\WINDOWS\SYSTEM32\WSOCK32.dll
0x00007ffb33ed0000 - 0x00007ffb33f41000 	C:\WINDOWS\System32\WS2_32.dll
0x00007ffb2efd0000 - 0x00007ffb2f004000 	C:\WINDOWS\SYSTEM32\WINMM.dll
0x00007ffb32440000 - 0x00007ffb32458000 	C:\WINDOWS\SYSTEM32\kernel.appcore.dll
0x00007ffb186f0000 - 0x00007ffb186fa000 	C:\Program Files\Java\jdk-17\bin\jimage.dll
0x00007ffb29220000 - 0x00007ffb29452000 	C:\WINDOWS\SYSTEM32\DBGHELP.DLL
0x00007ffb348c0000 - 0x00007ffb34c4e000 	C:\WINDOWS\System32\combase.dll
0x00007ffb343f0000 - 0x00007ffb344c7000 	C:\WINDOWS\System32\OLEAUT32.dll
0x00007ffb26cf0000 - 0x00007ffb26d22000 	C:\WINDOWS\SYSTEM32\dbgcore.DLL
0x00007ffb33d80000 - 0x00007ffb33dfb000 	C:\WINDOWS\System32\bcryptPrimitives.dll
0x00007ffaf1780000 - 0x00007ffaf17a5000 	C:\Program Files\Java\jdk-17\bin\java.dll
0x00007ffab4ed0000 - 0x00007ffab4fa7000 	C:\Program Files\Java\jdk-17\bin\jsvml.dll
0x00007ffb350d0000 - 0x00007ffb35937000 	C:\WINDOWS\System32\SHELL32.dll
0x00007ffb31370000 - 0x00007ffb31c6f000 	C:\WINDOWS\SYSTEM32\windows.storage.dll
0x00007ffb31230000 - 0x00007ffb3136f000 	C:\WINDOWS\SYSTEM32\wintypes.dll
0x00007ffb34540000 - 0x00007ffb34639000 	C:\WINDOWS\System32\SHCORE.dll
0x00007ffb35070000 - 0x00007ffb350ce000 	C:\WINDOWS\System32\shlwapi.dll
0x00007ffb33320000 - 0x00007ffb33347000 	C:\WINDOWS\SYSTEM32\profapi.dll
0x00007ffafe600000 - 0x00007ffafe619000 	C:\Program Files\Java\jdk-17\bin\net.dll
0x00007ffb2fe20000 - 0x00007ffb2ff56000 	C:\WINDOWS\SYSTEM32\WINHTTP.dll
0x00007ffb32920000 - 0x00007ffb32989000 	C:\WINDOWS\system32\mswsock.dll
0x00007ffaf1760000 - 0x00007ffaf1776000 	C:\Program Files\Java\jdk-17\bin\nio.dll
0x00007ffaf1740000 - 0x00007ffaf1758000 	C:\Program Files\Java\jdk-17\bin\zip.dll
0x00007ffab4d30000 - 0x00007ffab4ec1000 	C:\Program Files\Java\jdk-17\bin\awt.dll
0x00007ffb2e7a0000 - 0x00007ffb2e837000 	C:\WINDOWS\SYSTEM32\apphelp.dll
0x00007ffb30bb0000 - 0x00007ffb30bdb000 	C:\WINDOWS\system32\DWMAPI.DLL
0x00007ffb30940000 - 0x00007ffb309f1000 	C:\WINDOWS\system32\uxtheme.dll
0x00007ffa99fe0000 - 0x00007ffa9a0e0000 	C:\WINDOWS\system32\opengl32.dll
0x00007ffa9b520000 - 0x00007ffa9b54d000 	C:\WINDOWS\SYSTEM32\GLU32.dll
0x00007ffb30a50000 - 0x00007ffb30a87000 	C:\WINDOWS\SYSTEM32\dxcore.dll
0x00007ffb35dc0000 - 0x00007ffb35f1e000 	C:\WINDOWS\System32\MSCTF.dll
0x00007ffb34c50000 - 0x00007ffb34df5000 	C:\WINDOWS\System32\ole32.dll
0x00007ffadd2d0000 - 0x00007ffadd478000 	C:\WINDOWS\system32\d3d9.dll
0x00007ffb28f10000 - 0x00007ffb290cb000 	C:\WINDOWS\System32\DriverStore\FileRepository\u0387389.inf_amd64_995be970e30b8c79\B385477\aticfx64.dll
0x00007ffb2ed00000 - 0x00007ffb2ed34000 	C:\WINDOWS\System32\DriverStore\FileRepository\u0387389.inf_amd64_995be970e30b8c79\B385477\atiu9p64.dll
0x00007ffaf38d0000 - 0x00007ffaf4625000 	C:\WINDOWS\System32\DriverStore\FileRepository\u0387389.inf_amd64_995be970e30b8c79\B385477\atiumd64.dll
0x00000000553b0000 - 0x00000000562d7000 	C:\WINDOWS\System32\DriverStore\FileRepository\u0387389.inf_amd64_995be970e30b8c79\B385477\atiumd6a.dll
0x00007ffb35940000 - 0x00007ffb35db4000 	C:\WINDOWS\System32\SETUPAPI.dll
0x00007ffb32c70000 - 0x00007ffb32cbd000 	C:\WINDOWS\SYSTEM32\POWRPROF.dll
0x00007ffb32c50000 - 0x00007ffb32c63000 	C:\WINDOWS\SYSTEM32\UMPDC.dll
0x00007ffb2a670000 - 0x00007ffb2a6a5000 	C:\WINDOWS\SYSTEM32\amdihk64.dll
0x00007ffb2c510000 - 0x00007ffb2c559000 	C:\WINDOWS\SYSTEM32\directxdatabasehelper.dll

dbghelp: loaded successfully - version: 4.0.5 - missing functions: none
symbol engine: initialized successfully - sym options: 0x614 - pdb path: .;C:\Program Files\Java\jdk-17\bin;C:\WINDOWS\SYSTEM32;C:\WINDOWS\WinSxS\amd64_microsoft.windows.common-controls_6595b64144ccf1df_6.0.22621.3672_none_2713b9d173822955;C:\Program Files\Java\jdk-17\bin\server;C:\WINDOWS\System32\DriverStore\FileRepository\u0387389.inf_amd64_995be970e30b8c79\B385477

VM Arguments:
jvm_args: -Dfile.encoding=UTF-8 --module-path=C:\Users\lalita\OneDrive\Documents\NetBeansProjects\Airline Management System\build\classes 
java_command: airlinemanagementsystem.BoardingPass
java_class_path (initial): C:\Users\lalita\Downloads\mysql-connector-java-8.0.28 (2).jar;C:\Users\lalita\Downloads\rs2xml.jar;C:\Users\lalita\Downloads\jcalendar-tz-1.3.3-4 (1).jar;C:\Users\lalita\OneDrive\Documents\NetBeansProjects\Airline Management System\build\classes
Launcher Type: SUN_STANDARD

[Global flags]
     intx CICompilerCount                          = 4                                         {product} {ergonomic}
     uint ConcGCThreads                            = 3                                         {product} {ergonomic}
     uint G1ConcRefinementThreads                  = 10                                        {product} {ergonomic}
   size_t G1HeapRegionSize                         = 1048576                                   {product} {ergonomic}
    uintx GCDrainStackTargetSize                   = 64                                        {product} {ergonomic}
   size_t InitialHeapSize                          = 123731968                                 {product} {ergonomic}
   size_t MarkStackSize                            = 4194304                                   {product} {ergonomic}
   size_t MaxHeapSize                              = 1969225728                                {product} {ergonomic}
   size_t MaxNewSize                               = 1180696576                                {product} {ergonomic}
   size_t MinHeapDeltaBytes                        = 1048576                                   {product} {ergonomic}
   size_t MinHeapSize                              = 8388608                                   {product} {ergonomic}
    uintx NonNMethodCodeHeapSize                   = 5839372                                {pd product} {ergonomic}
    uintx NonProfiledCodeHeapSize                  = 122909434                              {pd product} {ergonomic}
    uintx ProfiledCodeHeapSize                     = 122909434                              {pd product} {ergonomic}
    uintx ReservedCodeCacheSize                    = 251658240                              {pd product} {ergonomic}
     bool SegmentedCodeCache                       = true                                      {product} {ergonomic}
   size_t SoftMaxHeapSize                          = 1969225728                             {manageable} {ergonomic}
     bool UseCompressedClassPointers               = true                           {product lp64_product} {ergonomic}
     bool UseCompressedOops                        = true                           {product lp64_product} {ergonomic}
     bool UseG1GC                                  = true                                      {product} {ergonomic}
     bool UseLargePagesIndividualAllocation        = false                                  {pd product} {ergonomic}

Logging:
Log output configuration:
 #0: stdout all=warning uptime,level,tags
 #1: stderr all=off uptime,level,tags

Environment Variables:
PATH=C:\Program Files\Common Files\Oracle\Java\javapath;C:\Program Files (x86)\Common Files\Oracle\Java\javapath;C:\WINDOWS\system32;C:\WINDOWS;C:\WINDOWS\System32\Wbem;C:\WINDOWS\System32\WindowsPowerShell\v1.0\;C:\WINDOWS\System32\OpenSSH\;C:\MinGW\bin;D:\Git\cmd;C:\Program Files\Java\jdk-17\bin;C:\Program Files\MySQL\MySQL Shell 8.0\bin\;C:\Program Files\nodejs\;C:\Users\lalita\AppData\Local\Programs\Microsoft VS Code\bin;
USERNAME=lalita
OS=Windows_NT
PROCESSOR_IDENTIFIER=AMD64 Family 23 Model 104 Stepping 1, AuthenticAMD



---------------  S Y S T E M  ---------------

OS:
 Windows 11 , 64 bit Build 22621 (10.0.22621.3958)
OS uptime: 0 days 6:29 hours

CPU: total 12 (initial active 12) (12 cores per cpu, 2 threads per core) family 23 model 104 stepping 1 microcode 0x0, cx8, cmov, fxsr, ht, mmx, 3dnowpref, sse, sse2, sse3, ssse3, sse4a, sse4.1, sse4.2, popcnt, lzcnt, tsc, tscinvbit, avx, avx2, aes, clmul, bmi1, bmi2, adx, sha, fma, vzeroupper, clflush, clflushopt

Memory: 4k page, system-wide physical 7504M (516M free)
TotalPageFile size 25729M (AvailPageFile size 0M)
current process WorkingSet (physical memory assigned to process): 124M, peak: 124M
current process commit charge ("private bytes"): 231M, peak: 232M

vm_info: Java HotSpot(TM) 64-Bit Server VM (17.0.11+7-LTS-207) for windows-amd64 JRE (17.0.11+7-LTS-207), built on Mar 11 2024 19:01:50 by "mach5one" with MS VC++ 17.6 (VS2022)

END.
