#
# There is insufficient memory for the Java Runtime Environment to continue.
# Native memory allocation (malloc) failed to allocate 56432 bytes for Chunk::new
# Possible reasons:
#   The system is out of physical RAM or swap space
#   The process is running with CompressedOops enabled, and the Java Heap may be blocking the growth of the native heap
# Possible solutions:
#   Reduce memory load on the system
#   Increase physical memory or swap space
#   Check if swap backing store is full
#   Decrease Java heap size (-Xmx/-Xms)
#   Decrease number of Java threads
#   Decrease Java thread stack sizes (-Xss)
#   Set larger code cache with -XX:ReservedCodeCacheSize=
#   JVM is running with Unscaled Compressed Oops mode in which the Java heap is
#     placed in the first 4GB address space. The Java Heap base address is the
#     maximum limit for the native heap growth. Please use -XX:HeapBaseMinAddress
#     to set the Java Heap base and to place the Java Heap above 4GB virtual address.
# This output file may be truncated or incomplete.
#
#  Out of Memory Error (arena.cpp:189), pid=24424, tid=10172
#
# JRE version: Java(TM) SE Runtime Environment (17.0.11+7) (build 17.0.11+7-LTS-207)
# Java VM: Java HotSpot(TM) 64-Bit Server VM (17.0.11+7-LTS-207, mixed mode, sharing, tiered, compressed oops, compressed class ptrs, g1 gc, windows-amd64)
# No core dump will be written. Minidumps are not enabled by default on client versions of Windows
#

---------------  S U M M A R Y ------------

Command Line: -Dfile.encoding=UTF-8 --module-path=C:\Users\lalita\OneDrive\Documents\NetBeansProjects\Airline Management System\build\classes airlinemanagementsystem.JourneyDetails

Host: AMD Ryzen 5 5500U with Radeon Graphics         , 12 cores, 7G,  Windows 11 , 64 bit Build 22621 (10.0.22621.3958)
Time: Mon Oct 21 12:45:35 2024 India Standard Time elapsed time: 2.742297 seconds (0d 0h 0m 2s)

---------------  T H R E A D  ---------------

Current thread (0x000001c56eaa3620):  JavaThread "C2 CompilerThread0" daemon [_thread_in_native, id=10172, stack(0x000000601df00000,0x000000601e000000)]


Current CompileTask:
C2:   2742  903       4       java.util.HashMap::put (13 bytes)

Stack: [0x000000601df00000,0x000000601e000000]
Native frames: (J=compiled Java code, j=interpreted, Vv=VM code, C=native code)
V  [jvm.dll+0x679cca]
V  [jvm.dll+0x7da13d]
V  [jvm.dll+0x7dba83]
V  [jvm.dll+0x7dc0f3]
V  [jvm.dll+0x2449af]
V  [jvm.dll+0xab83b]
V  [jvm.dll+0xabe1c]
V  [jvm.dll+0x11d9d4]
V  [jvm.dll+0x6081a2]
V  [jvm.dll+0x60c115]
V  [jvm.dll+0x21605e]
V  [jvm.dll+0x21560f]
V  [jvm.dll+0x1a2040]
V  [jvm.dll+0x225a2b]
V  [jvm.dll+0x223bcb]
V  [jvm.dll+0x7903ec]
V  [jvm.dll+0x78a85a]
V  [jvm.dll+0x678bb5]
C  [ucrtbase.dll+0x29333]
C  [KERNEL32.DLL+0x1257d]
C  [ntdll.dll+0x5af28]


---------------  P R O C E S S  ---------------

Threads class SMR info:
_java_thread_list=0x000001c57426bdc0, length=19, elements={
0x000001c56ea89190, 0x000001c56ea89e10, 0x000001c56ea9e810, 0x000001c56ea9f1d0,
0x000001c56ea9fb90, 0x000001c56eaa1560, 0x000001c56eaa3620, 0x000001c56eaa3fe0,
0x000001c56eaae910, 0x000001c573091d00, 0x000001c5730912e0, 0x000001c573093650,
0x000001c573093140, 0x000001c573092210, 0x000001c5730917f0, 0x000001c573093b60,
0x000001c5740ede10, 0x000001c574107e10, 0x000001c57426b640
}

Java Threads: ( => current thread )
  0x000001c56ea89190 JavaThread "Reference Handler" daemon [_thread_blocked, id=21480, stack(0x000000601d900000,0x000000601da00000)]
  0x000001c56ea89e10 JavaThread "Finalizer" daemon [_thread_blocked, id=11052, stack(0x000000601da00000,0x000000601db00000)]
  0x000001c56ea9e810 JavaThread "Signal Dispatcher" daemon [_thread_blocked, id=22296, stack(0x000000601db00000,0x000000601dc00000)]
  0x000001c56ea9f1d0 JavaThread "Attach Listener" daemon [_thread_blocked, id=17620, stack(0x000000601dc00000,0x000000601dd00000)]
  0x000001c56ea9fb90 JavaThread "Service Thread" daemon [_thread_blocked, id=13196, stack(0x000000601dd00000,0x000000601de00000)]
  0x000001c56eaa1560 JavaThread "Monitor Deflation Thread" daemon [_thread_blocked, id=24376, stack(0x000000601de00000,0x000000601df00000)]
=>0x000001c56eaa3620 JavaThread "C2 CompilerThread0" daemon [_thread_in_native, id=10172, stack(0x000000601df00000,0x000000601e000000)]
  0x000001c56eaa3fe0 JavaThread "C1 CompilerThread0" daemon [_thread_in_native, id=23484, stack(0x000000601e000000,0x000000601e100000)]
  0x000001c56eaae910 JavaThread "Sweeper thread" daemon [_thread_blocked, id=25512, stack(0x000000601e100000,0x000000601e200000)]
  0x000001c573091d00 JavaThread "Common-Cleaner" daemon [_thread_blocked, id=19708, stack(0x000000601e200000,0x000000601e300000)]
  0x000001c5730912e0 JavaThread "Notification Thread" daemon [_thread_blocked, id=11816, stack(0x000000601e400000,0x000000601e500000)]
  0x000001c573093650 JavaThread "Java2D Disposer" daemon [_thread_blocked, id=21828, stack(0x000000601e600000,0x000000601e700000)]
  0x000001c573093140 JavaThread "AWT-Shutdown" [_thread_blocked, id=18756, stack(0x000000601e700000,0x000000601e800000)]
  0x000001c573092210 JavaThread "AWT-Windows" daemon [_thread_in_native, id=22716, stack(0x000000601e800000,0x000000601e900000)]
  0x000001c5730917f0 JavaThread "AWT-EventQueue-0" [_thread_in_Java, id=22276, stack(0x000000601e300000,0x000000601e400000)]
  0x000001c573093b60 JavaThread "DestroyJavaVM" [_thread_blocked, id=16492, stack(0x000000601d200000,0x000000601d300000)]
  0x000001c5740ede10 JavaThread "TimerQueue" daemon [_thread_blocked, id=23480, stack(0x000000601ec00000,0x000000601ed00000)]
  0x000001c574107e10 JavaThread "C2 CompilerThread1" daemon [_thread_in_native, id=21408, stack(0x000000601ed00000,0x000000601ee00000)]
  0x000001c57426b640 JavaThread "C2 CompilerThread2" daemon [_thread_in_native, id=13128, stack(0x000000601ee00000,0x000000601ef00000)]

Other Threads:
  0x000001c56ea81270 VMThread "VM Thread" [stack: 0x000000601d800000,0x000000601d900000] [id=17516]
  0x000001c550b28170 WatcherThread [stack: 0x000000601e500000,0x000000601e600000] [id=23436]
  0x000001c550af6650 GCTaskThread "GC Thread#0" [stack: 0x000000601d300000,0x000000601d400000] [id=24828]
  0x000001c550b06060 ConcurrentGCThread "G1 Main Marker" [stack: 0x000000601d400000,0x000000601d500000] [id=24968]
  0x000001c550b07a80 ConcurrentGCThread "G1 Conc#0" [stack: 0x000000601d500000,0x000000601d600000] [id=2240]
  0x000001c56e9424b0 ConcurrentGCThread "G1 Refine#0" [stack: 0x000000601d600000,0x000000601d700000] [id=18596]
  0x000001c550b6bee0 ConcurrentGCThread "G1 Service" [stack: 0x000000601d700000,0x000000601d800000] [id=23784]

Threads with active compile tasks:
C2 CompilerThread0     2780  903       4       java.util.HashMap::put (13 bytes)
C2 CompilerThread1     2780  904       4       java.lang.String::substring (58 bytes)
C2 CompilerThread2     2780  932       4       java.awt.datatransfer.MimeTypeParameterList::parse (425 bytes)

VM state: not at safepoint (normal execution)

VM Mutex/Monitor currently owned by a thread: None

Heap address: 0x000000008aa00000, size: 1878 MB, Compressed Oops mode: 32-bit

CDS archive(s) mapped at: [0x000001c500000000-0x000001c500bd0000-0x000001c500bd0000), size 12386304, SharedBaseAddress: 0x000001c500000000, ArchiveRelocationMode: 1.
Compressed class space mapped at: 0x000001c501000000-0x000001c541000000, reserved size: 1073741824
Narrow klass base: 0x000001c500000000, Narrow klass shift: 0, Narrow klass range: 0x100000000

GC Precious Log:
 CPUs: 12 total, 12 available
 Memory: 7504M
 Large Page Support: Disabled
 NUMA Support: Disabled
 Compressed Oops: Enabled (32-bit)
 Heap Region Size: 1M
 Heap Min Capacity: 8M
 Heap Initial Capacity: 118M
 Heap Max Capacity: 1878M
 Pre-touch: Disabled
 Parallel Workers: 10
 Concurrent Workers: 3
 Concurrent Refinement Workers: 10
 Periodic GC: Disabled

Heap:
 garbage-first heap   total 120832K, used 14336K [0x000000008aa00000, 0x0000000100000000)
  region size 1024K, 11 young (11264K), 0 survivors (0K)
 Metaspace       used 8658K, committed 8896K, reserved 1114112K
  class space    used 1017K, committed 1152K, reserved 1048576K

Heap Regions: E=young(eden), S=young(survivor), O=old, HS=humongous(starts), HC=humongous(continues), CS=collection set, F=free, OA=open archive, CA=closed archive, TAMS=top-at-mark-start (previous, next)
|   0|0x000000008aa00000, 0x000000008ab00000, 0x000000008ab00000|100%|HS|  |TAMS 0x000000008aa00000, 0x000000008aa00000| Complete 
|   1|0x000000008ab00000, 0x000000008ac00000, 0x000000008ac00000|100%|HC|  |TAMS 0x000000008ab00000, 0x000000008ab00000| Complete 
|   2|0x000000008ac00000, 0x000000008ad00000, 0x000000008ad00000|100%|HC|  |TAMS 0x000000008ac00000, 0x000000008ac00000| Complete 
|   3|0x000000008ad00000, 0x000000008ae00000, 0x000000008ae00000|100%|HC|  |TAMS 0x000000008ad00000, 0x000000008ad00000| Complete 
|   4|0x000000008ae00000, 0x000000008ae00000, 0x000000008af00000|  0%| F|  |TAMS 0x000000008ae00000, 0x000000008ae00000| Untracked 
|   5|0x000000008af00000, 0x000000008af00000, 0x000000008b000000|  0%| F|  |TAMS 0x000000008af00000, 0x000000008af00000| Untracked 
|   6|0x000000008b000000, 0x000000008b000000, 0x000000008b100000|  0%| F|  |TAMS 0x000000008b000000, 0x000000008b000000| Untracked 
|   7|0x000000008b100000, 0x000000008b100000, 0x000000008b200000|  0%| F|  |TAMS 0x000000008b100000, 0x000000008b100000| Untracked 
|   8|0x000000008b200000, 0x000000008b200000, 0x000000008b300000|  0%| F|  |TAMS 0x000000008b200000, 0x000000008b200000| Untracked 
|   9|0x000000008b300000, 0x000000008b300000, 0x000000008b400000|  0%| F|  |TAMS 0x000000008b300000, 0x000000008b300000| Untracked 
|  10|0x000000008b400000, 0x000000008b400000, 0x000000008b500000|  0%| F|  |TAMS 0x000000008b400000, 0x000000008b400000| Untracked 
|  11|0x000000008b500000, 0x000000008b500000, 0x000000008b600000|  0%| F|  |TAMS 0x000000008b500000, 0x000000008b500000| Untracked 
|  12|0x000000008b600000, 0x000000008b600000, 0x000000008b700000|  0%| F|  |TAMS 0x000000008b600000, 0x000000008b600000| Untracked 
|  13|0x000000008b700000, 0x000000008b700000, 0x000000008b800000|  0%| F|  |TAMS 0x000000008b700000, 0x000000008b700000| Untracked 
|  14|0x000000008b800000, 0x000000008b800000, 0x000000008b900000|  0%| F|  |TAMS 0x000000008b800000, 0x000000008b800000| Untracked 
|  15|0x000000008b900000, 0x000000008b900000, 0x000000008ba00000|  0%| F|  |TAMS 0x000000008b900000, 0x000000008b900000| Untracked 
|  16|0x000000008ba00000, 0x000000008ba00000, 0x000000008bb00000|  0%| F|  |TAMS 0x000000008ba00000, 0x000000008ba00000| Untracked 
|  17|0x000000008bb00000, 0x000000008bb00000, 0x000000008bc00000|  0%| F|  |TAMS 0x000000008bb00000, 0x000000008bb00000| Untracked 
|  18|0x000000008bc00000, 0x000000008bc00000, 0x000000008bd00000|  0%| F|  |TAMS 0x000000008bc00000, 0x000000008bc00000| Untracked 
|  19|0x000000008bd00000, 0x000000008bd00000, 0x000000008be00000|  0%| F|  |TAMS 0x000000008bd00000, 0x000000008bd00000| Untracked 
|  20|0x000000008be00000, 0x000000008be00000, 0x000000008bf00000|  0%| F|  |TAMS 0x000000008be00000, 0x000000008be00000| Untracked 
|  21|0x000000008bf00000, 0x000000008bf00000, 0x000000008c000000|  0%| F|  |TAMS 0x000000008bf00000, 0x000000008bf00000| Untracked 
|  22|0x000000008c000000, 0x000000008c000000, 0x000000008c100000|  0%| F|  |TAMS 0x000000008c000000, 0x000000008c000000| Untracked 
|  23|0x000000008c100000, 0x000000008c100000, 0x000000008c200000|  0%| F|  |TAMS 0x000000008c100000, 0x000000008c100000| Untracked 
|  24|0x000000008c200000, 0x000000008c200000, 0x000000008c300000|  0%| F|  |TAMS 0x000000008c200000, 0x000000008c200000| Untracked 
|  25|0x000000008c300000, 0x000000008c300000, 0x000000008c400000|  0%| F|  |TAMS 0x000000008c300000, 0x000000008c300000| Untracked 
|  26|0x000000008c400000, 0x000000008c400000, 0x000000008c500000|  0%| F|  |TAMS 0x000000008c400000, 0x000000008c400000| Untracked 
|  27|0x000000008c500000, 0x000000008c500000, 0x000000008c600000|  0%| F|  |TAMS 0x000000008c500000, 0x000000008c500000| Untracked 
|  28|0x000000008c600000, 0x000000008c600000, 0x000000008c700000|  0%| F|  |TAMS 0x000000008c600000, 0x000000008c600000| Untracked 
|  29|0x000000008c700000, 0x000000008c700000, 0x000000008c800000|  0%| F|  |TAMS 0x000000008c700000, 0x000000008c700000| Untracked 
|  30|0x000000008c800000, 0x000000008c800000, 0x000000008c900000|  0%| F|  |TAMS 0x000000008c800000, 0x000000008c800000| Untracked 
|  31|0x000000008c900000, 0x000000008c900000, 0x000000008ca00000|  0%| F|  |TAMS 0x000000008c900000, 0x000000008c900000| Untracked 
|  32|0x000000008ca00000, 0x000000008ca00000, 0x000000008cb00000|  0%| F|  |TAMS 0x000000008ca00000, 0x000000008ca00000| Untracked 
|  33|0x000000008cb00000, 0x000000008cb00000, 0x000000008cc00000|  0%| F|  |TAMS 0x000000008cb00000, 0x000000008cb00000| Untracked 
|  34|0x000000008cc00000, 0x000000008cc00000, 0x000000008cd00000|  0%| F|  |TAMS 0x000000008cc00000, 0x000000008cc00000| Untracked 
|  35|0x000000008cd00000, 0x000000008cd00000, 0x000000008ce00000|  0%| F|  |TAMS 0x000000008cd00000, 0x000000008cd00000| Untracked 
|  36|0x000000008ce00000, 0x000000008ce00000, 0x000000008cf00000|  0%| F|  |TAMS 0x000000008ce00000, 0x000000008ce00000| Untracked 
|  37|0x000000008cf00000, 0x000000008cf00000, 0x000000008d000000|  0%| F|  |TAMS 0x000000008cf00000, 0x000000008cf00000| Untracked 
|  38|0x000000008d000000, 0x000000008d000000, 0x000000008d100000|  0%| F|  |TAMS 0x000000008d000000, 0x000000008d000000| Untracked 
|  39|0x000000008d100000, 0x000000008d100000, 0x000000008d200000|  0%| F|  |TAMS 0x000000008d100000, 0x000000008d100000| Untracked 
|  40|0x000000008d200000, 0x000000008d200000, 0x000000008d300000|  0%| F|  |TAMS 0x000000008d200000, 0x000000008d200000| Untracked 
|  41|0x000000008d300000, 0x000000008d300000, 0x000000008d400000|  0%| F|  |TAMS 0x000000008d300000, 0x000000008d300000| Untracked 
|  42|0x000000008d400000, 0x000000008d400000, 0x000000008d500000|  0%| F|  |TAMS 0x000000008d400000, 0x000000008d400000| Untracked 
|  43|0x000000008d500000, 0x000000008d500000, 0x000000008d600000|  0%| F|  |TAMS 0x000000008d500000, 0x000000008d500000| Untracked 
|  44|0x000000008d600000, 0x000000008d600000, 0x000000008d700000|  0%| F|  |TAMS 0x000000008d600000, 0x000000008d600000| Untracked 
|  45|0x000000008d700000, 0x000000008d700000, 0x000000008d800000|  0%| F|  |TAMS 0x000000008d700000, 0x000000008d700000| Untracked 
|  46|0x000000008d800000, 0x000000008d800000, 0x000000008d900000|  0%| F|  |TAMS 0x000000008d800000, 0x000000008d800000| Untracked 
|  47|0x000000008d900000, 0x000000008d900000, 0x000000008da00000|  0%| F|  |TAMS 0x000000008d900000, 0x000000008d900000| Untracked 
|  48|0x000000008da00000, 0x000000008da00000, 0x000000008db00000|  0%| F|  |TAMS 0x000000008da00000, 0x000000008da00000| Untracked 
|  49|0x000000008db00000, 0x000000008db00000, 0x000000008dc00000|  0%| F|  |TAMS 0x000000008db00000, 0x000000008db00000| Untracked 
|  50|0x000000008dc00000, 0x000000008dc00000, 0x000000008dd00000|  0%| F|  |TAMS 0x000000008dc00000, 0x000000008dc00000| Untracked 
|  51|0x000000008dd00000, 0x000000008dd00000, 0x000000008de00000|  0%| F|  |TAMS 0x000000008dd00000, 0x000000008dd00000| Untracked 
|  52|0x000000008de00000, 0x000000008de00000, 0x000000008df00000|  0%| F|  |TAMS 0x000000008de00000, 0x000000008de00000| Untracked 
|  53|0x000000008df00000, 0x000000008df00000, 0x000000008e000000|  0%| F|  |TAMS 0x000000008df00000, 0x000000008df00000| Untracked 
|  54|0x000000008e000000, 0x000000008e000000, 0x000000008e100000|  0%| F|  |TAMS 0x000000008e000000, 0x000000008e000000| Untracked 
|  55|0x000000008e100000, 0x000000008e100000, 0x000000008e200000|  0%| F|  |TAMS 0x000000008e100000, 0x000000008e100000| Untracked 
|  56|0x000000008e200000, 0x000000008e200000, 0x000000008e300000|  0%| F|  |TAMS 0x000000008e200000, 0x000000008e200000| Untracked 
|  57|0x000000008e300000, 0x000000008e300000, 0x000000008e400000|  0%| F|  |TAMS 0x000000008e300000, 0x000000008e300000| Untracked 
|  58|0x000000008e400000, 0x000000008e400000, 0x000000008e500000|  0%| F|  |TAMS 0x000000008e400000, 0x000000008e400000| Untracked 
|  59|0x000000008e500000, 0x000000008e500000, 0x000000008e600000|  0%| F|  |TAMS 0x000000008e500000, 0x000000008e500000| Untracked 
|  60|0x000000008e600000, 0x000000008e600000, 0x000000008e700000|  0%| F|  |TAMS 0x000000008e600000, 0x000000008e600000| Untracked 
|  61|0x000000008e700000, 0x000000008e700000, 0x000000008e800000|  0%| F|  |TAMS 0x000000008e700000, 0x000000008e700000| Untracked 
|  62|0x000000008e800000, 0x000000008e800000, 0x000000008e900000|  0%| F|  |TAMS 0x000000008e800000, 0x000000008e800000| Untracked 
|  63|0x000000008e900000, 0x000000008e900000, 0x000000008ea00000|  0%| F|  |TAMS 0x000000008e900000, 0x000000008e900000| Untracked 
|  64|0x000000008ea00000, 0x000000008ea00000, 0x000000008eb00000|  0%| F|  |TAMS 0x000000008ea00000, 0x000000008ea00000| Untracked 
|  65|0x000000008eb00000, 0x000000008eb00000, 0x000000008ec00000|  0%| F|  |TAMS 0x000000008eb00000, 0x000000008eb00000| Untracked 
|  66|0x000000008ec00000, 0x000000008ec00000, 0x000000008ed00000|  0%| F|  |TAMS 0x000000008ec00000, 0x000000008ec00000| Untracked 
|  67|0x000000008ed00000, 0x000000008ed00000, 0x000000008ee00000|  0%| F|  |TAMS 0x000000008ed00000, 0x000000008ed00000| Untracked 
|  68|0x000000008ee00000, 0x000000008ee00000, 0x000000008ef00000|  0%| F|  |TAMS 0x000000008ee00000, 0x000000008ee00000| Untracked 
|  69|0x000000008ef00000, 0x000000008ef00000, 0x000000008f000000|  0%| F|  |TAMS 0x000000008ef00000, 0x000000008ef00000| Untracked 
|  70|0x000000008f000000, 0x000000008f000000, 0x000000008f100000|  0%| F|  |TAMS 0x000000008f000000, 0x000000008f000000| Untracked 
|  71|0x000000008f100000, 0x000000008f100000, 0x000000008f200000|  0%| F|  |TAMS 0x000000008f100000, 0x000000008f100000| Untracked 
|  72|0x000000008f200000, 0x000000008f200000, 0x000000008f300000|  0%| F|  |TAMS 0x000000008f200000, 0x000000008f200000| Untracked 
|  73|0x000000008f300000, 0x000000008f300000, 0x000000008f400000|  0%| F|  |TAMS 0x000000008f300000, 0x000000008f300000| Untracked 
|  74|0x000000008f400000, 0x000000008f400000, 0x000000008f500000|  0%| F|  |TAMS 0x000000008f400000, 0x000000008f400000| Untracked 
|  75|0x000000008f500000, 0x000000008f500000, 0x000000008f600000|  0%| F|  |TAMS 0x000000008f500000, 0x000000008f500000| Untracked 
|  76|0x000000008f600000, 0x000000008f600000, 0x000000008f700000|  0%| F|  |TAMS 0x000000008f600000, 0x000000008f600000| Untracked 
|  77|0x000000008f700000, 0x000000008f700000, 0x000000008f800000|  0%| F|  |TAMS 0x000000008f700000, 0x000000008f700000| Untracked 
|  78|0x000000008f800000, 0x000000008f800000, 0x000000008f900000|  0%| F|  |TAMS 0x000000008f800000, 0x000000008f800000| Untracked 
|  79|0x000000008f900000, 0x000000008f900000, 0x000000008fa00000|  0%| F|  |TAMS 0x000000008f900000, 0x000000008f900000| Untracked 
|  80|0x000000008fa00000, 0x000000008fa00000, 0x000000008fb00000|  0%| F|  |TAMS 0x000000008fa00000, 0x000000008fa00000| Untracked 
|  81|0x000000008fb00000, 0x000000008fb00000, 0x000000008fc00000|  0%| F|  |TAMS 0x000000008fb00000, 0x000000008fb00000| Untracked 
|  82|0x000000008fc00000, 0x000000008fc00000, 0x000000008fd00000|  0%| F|  |TAMS 0x000000008fc00000, 0x000000008fc00000| Untracked 
|  83|0x000000008fd00000, 0x000000008fd00000, 0x000000008fe00000|  0%| F|  |TAMS 0x000000008fd00000, 0x000000008fd00000| Untracked 
|  84|0x000000008fe00000, 0x000000008fe00000, 0x000000008ff00000|  0%| F|  |TAMS 0x000000008fe00000, 0x000000008fe00000| Untracked 
|  85|0x000000008ff00000, 0x000000008ff00000, 0x0000000090000000|  0%| F|  |TAMS 0x000000008ff00000, 0x000000008ff00000| Untracked 
|  86|0x0000000090000000, 0x0000000090000000, 0x0000000090100000|  0%| F|  |TAMS 0x0000000090000000, 0x0000000090000000| Untracked 
|  87|0x0000000090100000, 0x0000000090100000, 0x0000000090200000|  0%| F|  |TAMS 0x0000000090100000, 0x0000000090100000| Untracked 
|  88|0x0000000090200000, 0x0000000090200000, 0x0000000090300000|  0%| F|  |TAMS 0x0000000090200000, 0x0000000090200000| Untracked 
|  89|0x0000000090300000, 0x0000000090300000, 0x0000000090400000|  0%| F|  |TAMS 0x0000000090300000, 0x0000000090300000| Untracked 
|  90|0x0000000090400000, 0x0000000090400000, 0x0000000090500000|  0%| F|  |TAMS 0x0000000090400000, 0x0000000090400000| Untracked 
|  91|0x0000000090500000, 0x0000000090500000, 0x0000000090600000|  0%| F|  |TAMS 0x0000000090500000, 0x0000000090500000| Untracked 
|  92|0x0000000090600000, 0x0000000090600000, 0x0000000090700000|  0%| F|  |TAMS 0x0000000090600000, 0x0000000090600000| Untracked 
|  93|0x0000000090700000, 0x0000000090700000, 0x0000000090800000|  0%| F|  |TAMS 0x0000000090700000, 0x0000000090700000| Untracked 
|  94|0x0000000090800000, 0x0000000090800000, 0x0000000090900000|  0%| F|  |TAMS 0x0000000090800000, 0x0000000090800000| Untracked 
|  95|0x0000000090900000, 0x0000000090900000, 0x0000000090a00000|  0%| F|  |TAMS 0x0000000090900000, 0x0000000090900000| Untracked 
|  96|0x0000000090a00000, 0x0000000090a00000, 0x0000000090b00000|  0%| F|  |TAMS 0x0000000090a00000, 0x0000000090a00000| Untracked 
|  97|0x0000000090b00000, 0x0000000090b00000, 0x0000000090c00000|  0%| F|  |TAMS 0x0000000090b00000, 0x0000000090b00000| Untracked 
|  98|0x0000000090c00000, 0x0000000090c00000, 0x0000000090d00000|  0%| F|  |TAMS 0x0000000090c00000, 0x0000000090c00000| Untracked 
|  99|0x0000000090d00000, 0x0000000090d00000, 0x0000000090e00000|  0%| F|  |TAMS 0x0000000090d00000, 0x0000000090d00000| Untracked 
| 100|0x0000000090e00000, 0x0000000090e00000, 0x0000000090f00000|  0%| F|  |TAMS 0x0000000090e00000, 0x0000000090e00000| Untracked 
| 101|0x0000000090f00000, 0x0000000090f00000, 0x0000000091000000|  0%| F|  |TAMS 0x0000000090f00000, 0x0000000090f00000| Untracked 
| 102|0x0000000091000000, 0x0000000091000000, 0x0000000091100000|  0%| F|  |TAMS 0x0000000091000000, 0x0000000091000000| Untracked 
| 103|0x0000000091100000, 0x0000000091100000, 0x0000000091200000|  0%| F|  |TAMS 0x0000000091100000, 0x0000000091100000| Untracked 
| 104|0x0000000091200000, 0x0000000091200000, 0x0000000091300000|  0%| F|  |TAMS 0x0000000091200000, 0x0000000091200000| Untracked 
| 105|0x0000000091300000, 0x0000000091300000, 0x0000000091400000|  0%| F|  |TAMS 0x0000000091300000, 0x0000000091300000| Untracked 
| 106|0x0000000091400000, 0x0000000091400000, 0x0000000091500000|  0%| F|  |TAMS 0x0000000091400000, 0x0000000091400000| Untracked 
| 107|0x0000000091500000, 0x0000000091600000, 0x0000000091600000|100%| E|  |TAMS 0x0000000091500000, 0x0000000091500000| Complete 
| 108|0x0000000091600000, 0x0000000091700000, 0x0000000091700000|100%| E|CS|TAMS 0x0000000091600000, 0x0000000091600000| Complete 
| 109|0x0000000091700000, 0x0000000091800000, 0x0000000091800000|100%| E|CS|TAMS 0x0000000091700000, 0x0000000091700000| Complete 
| 110|0x0000000091800000, 0x0000000091900000, 0x0000000091900000|100%| E|CS|TAMS 0x0000000091800000, 0x0000000091800000| Complete 
| 111|0x0000000091900000, 0x0000000091a00000, 0x0000000091a00000|100%| E|CS|TAMS 0x0000000091900000, 0x0000000091900000| Complete 
| 112|0x0000000091a00000, 0x0000000091b00000, 0x0000000091b00000|100%| E|CS|TAMS 0x0000000091a00000, 0x0000000091a00000| Complete 
| 113|0x0000000091b00000, 0x0000000091c00000, 0x0000000091c00000|100%| E|CS|TAMS 0x0000000091b00000, 0x0000000091b00000| Complete 
| 114|0x0000000091c00000, 0x0000000091d00000, 0x0000000091d00000|100%| E|CS|TAMS 0x0000000091c00000, 0x0000000091c00000| Complete 
| 115|0x0000000091d00000, 0x0000000091e00000, 0x0000000091e00000|100%| E|CS|TAMS 0x0000000091d00000, 0x0000000091d00000| Complete 
| 116|0x0000000091e00000, 0x0000000091f00000, 0x0000000091f00000|100%| E|CS|TAMS 0x0000000091e00000, 0x0000000091e00000| Complete 
| 117|0x0000000091f00000, 0x0000000092000000, 0x0000000092000000|100%| E|CS|TAMS 0x0000000091f00000, 0x0000000091f00000| Complete 

Card table byte_map: [0x000001c567c60000,0x000001c568010000] _byte_map_base: 0x000001c56780b000

Marking Bits (Prev, Next): (CMBitMap*) 0x000001c550af6c70, (CMBitMap*) 0x000001c550af6cb0
 Prev Bits: [0x000001c5683c0000, 0x000001c56a118000)
 Next Bits: [0x000001c56a120000, 0x000001c56be78000)

Polling page: 0x000001c54e9d0000

Metaspace:

Usage:
  Non-class:      7.46 MB used.
      Class:   1017.57 KB used.
       Both:      8.46 MB used.

Virtual space:
  Non-class space:       64.00 MB reserved,       7.56 MB ( 12%) committed,  1 nodes.
      Class space:        1.00 GB reserved,       1.12 MB ( <1%) committed,  1 nodes.
             Both:        1.06 GB reserved,       8.69 MB ( <1%) committed. 

Chunk freelists:
   Non-Class:  8.47 MB
       Class:  14.74 MB
        Both:  23.21 MB

MaxMetaspaceSize: unlimited
CompressedClassSpaceSize: 1.00 GB
Initial GC threshold: 21.00 MB
Current GC threshold: 21.00 MB
CDS: on
MetaspaceReclaimPolicy: balanced
 - commit_granule_bytes: 65536.
 - commit_granule_words: 8192.
 - virtual_space_node_default_size: 8388608.
 - enlarge_chunks_in_place: 1.
 - new_chunks_are_fully_committed: 0.
 - uncommit_free_chunks: 1.
 - use_allocation_guard: 0.
 - handle_deallocations: 1.


Internal statistics:

num_allocs_failed_limit: 0.
num_arena_births: 118.
num_arena_deaths: 0.
num_vsnodes_births: 2.
num_vsnodes_deaths: 0.
num_space_committed: 139.
num_space_uncommitted: 0.
num_chunks_returned_to_freelist: 0.
num_chunks_taken_from_freelist: 172.
num_chunk_merges: 0.
num_chunk_splits: 92.
num_chunks_enlarged: 27.
num_inconsistent_stats: 0.

CodeHeap 'non-profiled nmethods': size=120000Kb used=260Kb max_used=260Kb free=119740Kb
 bounds [0x000001c55fe30000, 0x000001c5600a0000, 0x000001c567360000]
CodeHeap 'profiled nmethods': size=120000Kb used=1481Kb max_used=1481Kb free=118518Kb
 bounds [0x000001c558360000, 0x000001c5585d0000, 0x000001c55f890000]
CodeHeap 'non-nmethods': size=5760Kb used=1267Kb max_used=1283Kb free=4492Kb
 bounds [0x000001c55f890000, 0x000001c55fb00000, 0x000001c55fe30000]
 total_blobs=1531 nmethods=938 adapters=506
 compilation: enabled
              stopped_count=0, restarted_count=0
 full_count=0

Compilation events (20 events):
Event: 2.731 Thread 0x000001c56eaa3fe0  906       3       sun.reflect.misc.ReflectUtil::checkPackageAccess (77 bytes)
Event: 2.732 Thread 0x000001c56eaa3fe0 nmethod 906 0x000001c5584b1810 code [0x000001c5584b1b00, 0x000001c5584b2968]
Event: 2.732 Thread 0x000001c56eaa3fe0  917   !   3       java.awt.datatransfer.DataFlavor::<init> (50 bytes)
Event: 2.733 Thread 0x000001c56eaa3fe0 nmethod 917 0x000001c5584b2e90 code [0x000001c5584b3120, 0x000001c5584b3ed8]
Event: 2.733 Thread 0x000001c56eaa3fe0  909       3       java.awt.datatransfer.MimeTypeParameterList::<init> (21 bytes)
Event: 2.734 Thread 0x000001c57426b640  919       4       java.lang.StringLatin1::trim (76 bytes)
Event: 2.734 Thread 0x000001c56eaa3fe0 nmethod 909 0x000001c5584b4410 code [0x000001c5584b4600, 0x000001c5584b4918]
Event: 2.734 Thread 0x000001c56eaa3fe0  907       3       java.awt.datatransfer.MimeType::removeParameter (9 bytes)
Event: 2.734 Thread 0x000001c56eaa3fe0 nmethod 907 0x000001c5584b4a90 code [0x000001c5584b4c60, 0x000001c5584b4fe8]
Event: 2.734 Thread 0x000001c56eaa3fe0  908       3       java.awt.datatransfer.MimeTypeParameterList::remove (16 bytes)
Event: 2.735 Thread 0x000001c56eaa3fe0 nmethod 908 0x000001c5584b5190 code [0x000001c5584b53c0, 0x000001c5584b5ac8]
Event: 2.735 Thread 0x000001c56eaa3fe0  895       3       java.awt.datatransfer.MimeTypeParameterList::set (17 bytes)
Event: 2.736 Thread 0x000001c56eaa3fe0 nmethod 895 0x000001c5584b5d10 code [0x000001c5584b5f40, 0x000001c5584b6648]
Event: 2.736 Thread 0x000001c56eaa3fe0  921       3       java.awt.datatransfer.DataFlavor::equals (24 bytes)
Event: 2.736 Thread 0x000001c56eaa3fe0 nmethod 921 0x000001c5584b6890 code [0x000001c5584b6a40, 0x000001c5584b6e08]
Event: 2.736 Thread 0x000001c56eaa3fe0  911       3       java.awt.datatransfer.DataFlavor::initialize (156 bytes)
Event: 2.736 Thread 0x000001c57426b640 nmethod 919 0x000001c55fe6e590 code [0x000001c55fe6e720, 0x000001c55fe6e8a8]
Event: 2.736 Thread 0x000001c57426b640  920       4       java.awt.datatransfer.MimeTypeParameterList::skipWhiteSpace (42 bytes)
Event: 2.739 Thread 0x000001c574107e10 nmethod 890 0x000001c55fe6ea10 code [0x000001c55fe6ebe0, 0x000001c55fe6f598]
Event: 2.739 Thread 0x000001c574107e10  928  s    4       java.util.Hashtable::get (69 bytes)

GC Heap History (0 events):
No events

Deoptimization events (20 events):
Event: 2.693 Thread 0x000001c5730917f0 DEOPT PACKING pc=0x000001c558366f51 sp=0x000000601e3fd580
Event: 2.693 Thread 0x000001c5730917f0 DEOPT UNPACKING pc=0x000001c55f8e2b43 sp=0x000000601e3fc9f8 mode 0
Event: 2.693 Thread 0x000001c5730917f0 DEOPT PACKING pc=0x000001c558366f51 sp=0x000000601e3fd580
Event: 2.693 Thread 0x000001c5730917f0 DEOPT UNPACKING pc=0x000001c55f8e2b43 sp=0x000000601e3fc9f8 mode 0
Event: 2.694 Thread 0x000001c5730917f0 Uncommon trap: trap_request=0xffffffde fr.pc=0x000001c55fe5eec4 relative=0x00000000000009c4
Event: 2.694 Thread 0x000001c5730917f0 Uncommon trap: reason=class_check action=maybe_recompile pc=0x000001c55fe5eec4 method=java.util.HashMap.putVal(ILjava/lang/Object;Ljava/lang/Object;ZZ)Ljava/lang/Object; @ 253 c2
Event: 2.694 Thread 0x000001c5730917f0 DEOPT PACKING pc=0x000001c55fe5eec4 sp=0x000000601e3fd8d0
Event: 2.694 Thread 0x000001c5730917f0 DEOPT UNPACKING pc=0x000001c55f8e23a3 sp=0x000000601e3fd7f0 mode 2
Event: 2.698 Thread 0x000001c5730917f0 Uncommon trap: trap_request=0xffffffde fr.pc=0x000001c55fe5eef8 relative=0x00000000000009f8
Event: 2.698 Thread 0x000001c5730917f0 Uncommon trap: reason=class_check action=maybe_recompile pc=0x000001c55fe5eef8 method=java.util.HashMap.putVal(ILjava/lang/Object;Ljava/lang/Object;ZZ)Ljava/lang/Object; @ 91 c2
Event: 2.698 Thread 0x000001c5730917f0 DEOPT PACKING pc=0x000001c55fe5eef8 sp=0x000000601e3fd960
Event: 2.698 Thread 0x000001c5730917f0 DEOPT UNPACKING pc=0x000001c55f8e23a3 sp=0x000000601e3fd898 mode 2
Event: 2.700 Thread 0x000001c5730917f0 Uncommon trap: trap_request=0xffffffde fr.pc=0x000001c55fe5eef8 relative=0x00000000000009f8
Event: 2.700 Thread 0x000001c5730917f0 Uncommon trap: reason=class_check action=maybe_recompile pc=0x000001c55fe5eef8 method=java.util.HashMap.putVal(ILjava/lang/Object;Ljava/lang/Object;ZZ)Ljava/lang/Object; @ 91 c2
Event: 2.700 Thread 0x000001c5730917f0 DEOPT PACKING pc=0x000001c55fe5eef8 sp=0x000000601e3fd920
Event: 2.700 Thread 0x000001c5730917f0 DEOPT UNPACKING pc=0x000001c55f8e23a3 sp=0x000000601e3fd840 mode 2
Event: 2.705 Thread 0x000001c5730917f0 Uncommon trap: trap_request=0xffffff45 fr.pc=0x000001c55fe6a1c0 relative=0x0000000000000300
Event: 2.705 Thread 0x000001c5730917f0 Uncommon trap: reason=unstable_if action=reinterpret pc=0x000001c55fe6a1c0 method=java.util.HashMap.getNode(Ljava/lang/Object;)Ljava/util/HashMap$Node; @ 66 c2
Event: 2.705 Thread 0x000001c5730917f0 DEOPT PACKING pc=0x000001c55fe6a1c0 sp=0x000000601e3fd960
Event: 2.705 Thread 0x000001c5730917f0 DEOPT UNPACKING pc=0x000001c55f8e23a3 sp=0x000000601e3fd8e0 mode 2

Classes unloaded (0 events):
No events

Classes redefined (0 events):
No events

Internal exceptions (16 events):
Event: 0.098 Thread 0x000001c550a9fec0 Exception <a 'sun/nio/fs/WindowsException'{0x0000000091e40498}> (0x0000000091e40498) 
thrown [s\open\src\hotspot\share\prims\jni.cpp, line 516]
Event: 0.098 Thread 0x000001c550a9fec0 Exception <a 'sun/nio/fs/WindowsException'{0x0000000091e40a58}> (0x0000000091e40a58) 
thrown [s\open\src\hotspot\share\prims\jni.cpp, line 516]
Event: 0.100 Thread 0x000001c550a9fec0 Exception <a 'sun/nio/fs/WindowsException'{0x0000000091e43068}> (0x0000000091e43068) 
thrown [s\open\src\hotspot\share\prims\jni.cpp, line 516]
Event: 0.100 Thread 0x000001c550a9fec0 Exception <a 'sun/nio/fs/WindowsException'{0x0000000091e43cc0}> (0x0000000091e43cc0) 
thrown [s\open\src\hotspot\share\prims\jni.cpp, line 516]
Event: 0.153 Thread 0x000001c550a9fec0 Exception <a 'java/lang/ClassNotFoundException'{0x0000000091d19e38}: sun/awt/resources/spi/awtProvider> (0x0000000091d19e38) 
thrown [s\open\src\hotspot\share\classfile\systemDictionary.cpp, line 256]
Event: 0.180 Thread 0x000001c550a9fec0 Exception <a 'java/io/FileNotFoundException'{0x0000000091d6c318}> (0x0000000091d6c318) 
thrown [s\open\src\hotspot\share\prims\jni.cpp, line 516]
Event: 0.190 Thread 0x000001c550a9fec0 Exception <a 'java/io/FileNotFoundException'{0x0000000091d99460}> (0x0000000091d99460) 
thrown [s\open\src\hotspot\share\prims\jni.cpp, line 516]
Event: 0.238 Thread 0x000001c550a9fec0 Exception <a 'java/lang/NoSuchMethodError'{0x0000000091ddd548}: 'java.lang.Object java.lang.invoke.DirectMethodHandle$Holder.invokeStaticInit(java.lang.Object)'> (0x0000000091ddd548) 
thrown [s\open\src\hotspot\share\interpreter\linkResolver.cpp, line 759]
Event: 0.351 Thread 0x000001c550a9fec0 Exception <a 'java/lang/NoSuchMethodError'{0x0000000091c3c058}: 'void java.lang.invoke.DirectMethodHandle$Holder.invokeSpecial(java.lang.Object, java.lang.Object, java.lang.Object)'> (0x0000000091c3c058) 
thrown [s\open\src\hotspot\share\interpreter\linkResolver.cpp, line 759]
Event: 0.366 Thread 0x000001c550a9fec0 Exception <a 'java/lang/NoSuchMethodError'{0x0000000091c66190}: 'java.lang.Object java.lang.invoke.DirectMethodHandle$Holder.newInvokeSpecial(java.lang.Object, java.lang.Object, java.lang.Object, java.lang.Object, java.lang.Object)'> (0x0000000091c66190) 
thrown [s\open\src\hotspot\share\interpreter\linkResolver.cpp, line 759]
Event: 0.368 Thread 0x000001c550a9fec0 Exception <a 'java/lang/NoSuchMethodError'{0x0000000091c71b58}: 'java.lang.Object java.lang.invoke.DirectMethodHandle$Holder.invokeStatic(java.lang.Object, int, java.lang.Object, java.lang.Object, java.lang.Object, java.lang.Object)'> (0x0000000091c71b58) 
thrown [s\open\src\hotspot\share\interpreter\linkResolver.cpp, line 759]
Event: 0.374 Thread 0x000001c550a9fec0 Exception <a 'java/lang/NoSuchMethodError'{0x0000000091c97730}: 'java.lang.Object java.lang.invoke.DirectMethodHandle$Holder.invokeStatic(java.lang.Object, int, java.lang.Object)'> (0x0000000091c97730) 
thrown [s\open\src\hotspot\share\interpreter\linkResolver.cpp, line 759]
Event: 0.408 Thread 0x000001c550a9fec0 Exception <a 'java/lang/ClassNotFoundException'{0x0000000091b4f718}: com/sun/swing/internal/plaf/metal/resources/spi/metalProvider> (0x0000000091b4f718) 
thrown [s\open\src\hotspot\share\classfile\systemDictionary.cpp, line 256]
Event: 0.409 Thread 0x000001c550a9fec0 Exception <a 'java/lang/ClassNotFoundException'{0x0000000091b53570}: com/sun/swing/internal/plaf/basic/resources/spi/basicProvider> (0x0000000091b53570) 
thrown [s\open\src\hotspot\share\classfile\systemDictionary.cpp, line 256]
Event: 0.492 Thread 0x000001c573092210 Exception <a 'java/lang/NoSuchMethodError'{0x0000000091dfd6c8}: 'void java.lang.invoke.DirectMethodHandle$Holder.invokeVirtual(java.lang.Object, java.lang.Object)'> (0x0000000091dfd6c8) 
thrown [s\open\src\hotspot\share\interpreter\linkResolver.cpp, line 759]
Event: 0.513 Thread 0x000001c550a9fec0 Exception <a 'java/lang/NoSuchMethodError'{0x0000000091be1498}: 'void java.lang.invoke.DirectMethodHandle$Holder.invokeStaticInit(java.lang.Object)'> (0x0000000091be1498) 
thrown [s\open\src\hotspot\share\interpreter\linkResolver.cpp, line 759]

VM Operations (10 events):
Event: 0.102 Executing VM operation: HandshakeAllThreads
Event: 0.102 Executing VM operation: HandshakeAllThreads done
Event: 0.443 Executing VM operation: HandshakeAllThreads
Event: 0.443 Executing VM operation: HandshakeAllThreads done
Event: 0.547 Executing VM operation: HandshakeAllThreads
Event: 0.547 Executing VM operation: HandshakeAllThreads done
Event: 0.633 Executing VM operation: HandshakeAllThreads
Event: 0.633 Executing VM operation: HandshakeAllThreads done
Event: 1.638 Executing VM operation: Cleanup
Event: 1.638 Executing VM operation: Cleanup done

Events (20 events):
Event: 2.686 loading class sun/awt/datatransfer/ToolkitThreadBlockedHandler done
Event: 2.686 loading class sun/awt/Mutex
Event: 2.686 loading class sun/awt/Mutex done
Event: 2.686 loading class sun/awt/windows/WToolkitThreadBlockedHandler done
Event: 2.689 loading class sun/datatransfer/DataFlavorUtil$StandardEncodingsHolder
Event: 2.689 loading class sun/datatransfer/DataFlavorUtil$StandardEncodingsHolder done
Event: 2.689 loading class sun/datatransfer/DataFlavorUtil$CharsetComparator
Event: 2.689 loading class sun/datatransfer/DataFlavorUtil$CharsetComparator done
Event: 2.689 loading class java/util/Collections$ReverseComparator
Event: 2.690 loading class java/util/Collections$ReverseComparator done
Event: 2.690 loading class java/util/Comparators$NaturalOrderComparator
Event: 2.690 loading class java/util/Comparators$NaturalOrderComparator done
Event: 2.690 loading class java/util/Collections$ReverseComparator2
Event: 2.690 loading class java/util/Collections$ReverseComparator2 done
Event: 2.690 loading class java/util/Collections$UnmodifiableSortedSet
Event: 2.690 loading class java/util/Collections$UnmodifiableSortedSet done
Event: 2.698 Thread 0x000001c574107e10 Thread added: 0x000001c574107e10
Event: 2.728 loading class java/util/AbstractMap$SimpleEntry
Event: 2.728 loading class java/util/AbstractMap$SimpleEntry done
Event: 2.733 Thread 0x000001c57426b640 Thread added: 0x000001c57426b640


Dynamic libraries:
0x00007ff7f4190000 - 0x00007ff7f41a0000 	C:\Program Files\Java\jdk-17\bin\java.exe
0x00007ffb360d0000 - 0x00007ffb362e7000 	C:\WINDOWS\SYSTEM32\ntdll.dll
0x00007ffb347f0000 - 0x00007ffb348b4000 	C:\WINDOWS\System32\KERNEL32.DLL
0x00007ffb33650000 - 0x00007ffb339fd000 	C:\WINDOWS\System32\KERNELBASE.dll
0x00007ffb33b20000 - 0x00007ffb33c31000 	C:\WINDOWS\System32\ucrtbase.dll
0x00007ffb2a620000 - 0x00007ffb2a639000 	C:\Program Files\Java\jdk-17\bin\jli.dll
0x00007ffb34280000 - 0x00007ffb34332000 	C:\WINDOWS\System32\ADVAPI32.dll
0x00007ffb1ec70000 - 0x00007ffb1ec8b000 	C:\Program Files\Java\jdk-17\bin\VCRUNTIME140.dll
0x00007ffb341c0000 - 0x00007ffb34267000 	C:\WINDOWS\System32\msvcrt.dll
0x00007ffb33f50000 - 0x00007ffb33ff9000 	C:\WINDOWS\System32\sechost.dll
0x00007ffb333f0000 - 0x00007ffb33418000 	C:\WINDOWS\System32\bcrypt.dll
0x00007ffb35f60000 - 0x00007ffb36074000 	C:\WINDOWS\System32\RPCRT4.dll
0x00007ffb34ec0000 - 0x00007ffb3506e000 	C:\WINDOWS\System32\USER32.dll
0x00007ffb33d50000 - 0x00007ffb33d76000 	C:\WINDOWS\System32\win32u.dll
0x00007ffb1b180000 - 0x00007ffb1b413000 	C:\WINDOWS\WinSxS\amd64_microsoft.windows.common-controls_6595b64144ccf1df_6.0.22621.3672_none_2713b9d173822955\COMCTL32.dll
0x00007ffb344f0000 - 0x00007ffb34519000 	C:\WINDOWS\System32\GDI32.dll
0x00007ffb33a00000 - 0x00007ffb33b19000 	C:\WINDOWS\System32\gdi32full.dll
0x00007ffb33cb0000 - 0x00007ffb33d4a000 	C:\WINDOWS\System32\msvcp_win.dll
0x00007ffb2bb40000 - 0x00007ffb2bb4a000 	C:\WINDOWS\SYSTEM32\VERSION.dll
0x00007ffb35f20000 - 0x00007ffb35f51000 	C:\WINDOWS\System32\IMM32.DLL
0x00007ffb192a0000 - 0x00007ffb192ac000 	C:\Program Files\Java\jdk-17\bin\vcruntime140_1.dll
0x00007ffaf01d0000 - 0x00007ffaf025e000 	C:\Program Files\Java\jdk-17\bin\msvcp140.dll
0x00007ffa81ba0000 - 0x00007ffa82780000 	C:\Program Files\Java\jdk-17\bin\server\jvm.dll
0x00007ffb344e0000 - 0x00007ffb344e8000 	C:\WINDOWS\System32\PSAPI.DLL
0x00007ffb2dc70000 - 0x00007ffb2dc79000 	C:\WINDOWS\SYSTEM32\WSOCK32.dll
0x00007ffb33ed0000 - 0x00007ffb33f41000 	C:\WINDOWS\System32\WS2_32.dll
0x00007ffb2efd0000 - 0x00007ffb2f004000 	C:\WINDOWS\SYSTEM32\WINMM.dll
0x00007ffb32440000 - 0x00007ffb32458000 	C:\WINDOWS\SYSTEM32\kernel.appcore.dll
0x00007ffb186f0000 - 0x00007ffb186fa000 	C:\Program Files\Java\jdk-17\bin\jimage.dll
0x00007ffb29220000 - 0x00007ffb29452000 	C:\WINDOWS\SYSTEM32\DBGHELP.DLL
0x00007ffb348c0000 - 0x00007ffb34c4e000 	C:\WINDOWS\System32\combase.dll
0x00007ffb343f0000 - 0x00007ffb344c7000 	C:\WINDOWS\System32\OLEAUT32.dll
0x00007ffb26cf0000 - 0x00007ffb26d22000 	C:\WINDOWS\SYSTEM32\dbgcore.DLL
0x00007ffb33d80000 - 0x00007ffb33dfb000 	C:\WINDOWS\System32\bcryptPrimitives.dll
0x00007ffaf1780000 - 0x00007ffaf17a5000 	C:\Program Files\Java\jdk-17\bin\java.dll
0x00007ffab4ed0000 - 0x00007ffab4fa7000 	C:\Program Files\Java\jdk-17\bin\jsvml.dll
0x00007ffb350d0000 - 0x00007ffb35937000 	C:\WINDOWS\System32\SHELL32.dll
0x00007ffb31370000 - 0x00007ffb31c6f000 	C:\WINDOWS\SYSTEM32\windows.storage.dll
0x00007ffb31230000 - 0x00007ffb3136f000 	C:\WINDOWS\SYSTEM32\wintypes.dll
0x00007ffb34540000 - 0x00007ffb34639000 	C:\WINDOWS\System32\SHCORE.dll
0x00007ffb35070000 - 0x00007ffb350ce000 	C:\WINDOWS\System32\shlwapi.dll
0x00007ffb33320000 - 0x00007ffb33347000 	C:\WINDOWS\SYSTEM32\profapi.dll
0x00007ffafe600000 - 0x00007ffafe619000 	C:\Program Files\Java\jdk-17\bin\net.dll
0x00007ffb2fe20000 - 0x00007ffb2ff56000 	C:\WINDOWS\SYSTEM32\WINHTTP.dll
0x00007ffb32920000 - 0x00007ffb32989000 	C:\WINDOWS\system32\mswsock.dll
0x00007ffaf1760000 - 0x00007ffaf1776000 	C:\Program Files\Java\jdk-17\bin\nio.dll
0x00007ffaf1740000 - 0x00007ffaf1758000 	C:\Program Files\Java\jdk-17\bin\zip.dll
0x00007ffab4d30000 - 0x00007ffab4ec1000 	C:\Program Files\Java\jdk-17\bin\awt.dll
0x00007ffb2e7a0000 - 0x00007ffb2e837000 	C:\WINDOWS\SYSTEM32\apphelp.dll
0x00007ffb30bb0000 - 0x00007ffb30bdb000 	C:\WINDOWS\system32\DWMAPI.DLL
0x00007ffb30940000 - 0x00007ffb309f1000 	C:\WINDOWS\system32\uxtheme.dll
0x00007ffa99fe0000 - 0x00007ffa9a0e0000 	C:\WINDOWS\system32\opengl32.dll
0x00007ffa9b520000 - 0x00007ffa9b54d000 	C:\WINDOWS\SYSTEM32\GLU32.dll
0x00007ffb30a50000 - 0x00007ffb30a87000 	C:\WINDOWS\SYSTEM32\dxcore.dll
0x00007ffb35dc0000 - 0x00007ffb35f1e000 	C:\WINDOWS\System32\MSCTF.dll
0x00007ffb34c50000 - 0x00007ffb34df5000 	C:\WINDOWS\System32\ole32.dll
0x00007ffadd2d0000 - 0x00007ffadd478000 	C:\WINDOWS\system32\d3d9.dll
0x00007ffb28f10000 - 0x00007ffb290cb000 	C:\WINDOWS\System32\DriverStore\FileRepository\u0387389.inf_amd64_995be970e30b8c79\B385477\aticfx64.dll
0x00007ffb2ed00000 - 0x00007ffb2ed34000 	C:\WINDOWS\System32\DriverStore\FileRepository\u0387389.inf_amd64_995be970e30b8c79\B385477\atiu9p64.dll
0x00007ffaf38d0000 - 0x00007ffaf4625000 	C:\WINDOWS\System32\DriverStore\FileRepository\u0387389.inf_amd64_995be970e30b8c79\B385477\atiumd64.dll
0x00000000553b0000 - 0x00000000562d7000 	C:\WINDOWS\System32\DriverStore\FileRepository\u0387389.inf_amd64_995be970e30b8c79\B385477\atiumd6a.dll
0x00007ffb35940000 - 0x00007ffb35db4000 	C:\WINDOWS\System32\SETUPAPI.dll
0x00007ffb32c70000 - 0x00007ffb32cbd000 	C:\WINDOWS\SYSTEM32\POWRPROF.dll
0x00007ffb32c50000 - 0x00007ffb32c63000 	C:\WINDOWS\SYSTEM32\UMPDC.dll
0x00007ffb2a670000 - 0x00007ffb2a6a5000 	C:\WINDOWS\SYSTEM32\amdihk64.dll
0x00007ffb2c510000 - 0x00007ffb2c559000 	C:\WINDOWS\SYSTEM32\directxdatabasehelper.dll
0x00007ffaf0140000 - 0x00007ffaf01c7000 	C:\Program Files\Java\jdk-17\bin\freetype.dll
0x00007ffa81ab0000 - 0x00007ffa81b91000 	C:\Program Files\Java\jdk-17\bin\fontmanager.dll
0x00007ffb34640000 - 0x00007ffb346f0000 	C:\WINDOWS\System32\clbcatq.dll
0x00007ffb30730000 - 0x00007ffb308e1000 	C:\WINDOWS\SYSTEM32\WindowsCodecs.dll
0x00007ffb04450000 - 0x00007ffb044ae000 	C:\WINDOWS\system32\dataexchange.dll
0x00007ffb2c280000 - 0x00007ffb2c50a000 	C:\WINDOWS\system32\twinapi.appcore.dll
0x00007ffb1ed30000 - 0x00007ffb1ee73000 	C:\WINDOWS\SYSTEM32\textinputframework.dll
0x00007ffb2e180000 - 0x00007ffb2e2b3000 	C:\WINDOWS\SYSTEM32\CoreMessaging.dll
0x00007ffb2bc30000 - 0x00007ffb2bf9d000 	C:\WINDOWS\SYSTEM32\CoreUIComponents.dll
0x00007ffb32b70000 - 0x00007ffb32b7c000 	C:\WINDOWS\SYSTEM32\CRYPTBASE.DLL

dbghelp: loaded successfully - version: 4.0.5 - missing functions: none
symbol engine: initialized successfully - sym options: 0x614 - pdb path: .;C:\Program Files\Java\jdk-17\bin;C:\WINDOWS\SYSTEM32;C:\WINDOWS\WinSxS\amd64_microsoft.windows.common-controls_6595b64144ccf1df_6.0.22621.3672_none_2713b9d173822955;C:\Program Files\Java\jdk-17\bin\server;C:\WINDOWS\System32\DriverStore\FileRepository\u0387389.inf_amd64_995be970e30b8c79\B385477

VM Arguments:
jvm_args: -Dfile.encoding=UTF-8 --module-path=C:\Users\lalita\OneDrive\Documents\NetBeansProjects\Airline Management System\build\classes 
java_command: airlinemanagementsystem.JourneyDetails
java_class_path (initial): C:\Users\lalita\Downloads\mysql-connector-java-8.0.28 (2).jar;C:\Users\lalita\Downloads\rs2xml.jar;C:\Users\lalita\Downloads\jcalendar-tz-1.3.3-4 (1).jar;C:\Users\lalita\OneDrive\Documents\NetBeansProjects\Airline Management System\build\classes
Launcher Type: SUN_STANDARD

[Global flags]
     intx CICompilerCount                          = 4                                         {product} {ergonomic}
     uint ConcGCThreads                            = 3                                         {product} {ergonomic}
     uint G1ConcRefinementThreads                  = 10                                        {product} {ergonomic}
   size_t G1HeapRegionSize                         = 1048576                                   {product} {ergonomic}
    uintx GCDrainStackTargetSize                   = 64                                        {product} {ergonomic}
   size_t InitialHeapSize                          = 123731968                                 {product} {ergonomic}
   size_t MarkStackSize                            = 4194304                                   {product} {ergonomic}
   size_t MaxHeapSize                              = 1969225728                                {product} {ergonomic}
   size_t MaxNewSize                               = 1180696576                                {product} {ergonomic}
   size_t MinHeapDeltaBytes                        = 1048576                                   {product} {ergonomic}
   size_t MinHeapSize                              = 8388608                                   {product} {ergonomic}
    uintx NonNMethodCodeHeapSize                   = 5839372                                {pd product} {ergonomic}
    uintx NonProfiledCodeHeapSize                  = 122909434                              {pd product} {ergonomic}
    uintx ProfiledCodeHeapSize                     = 122909434                              {pd product} {ergonomic}
    uintx ReservedCodeCacheSize                    = 251658240                              {pd product} {ergonomic}
     bool SegmentedCodeCache                       = true                                      {product} {ergonomic}
   size_t SoftMaxHeapSize                          = 1969225728                             {manageable} {ergonomic}
     bool UseCompressedClassPointers               = true                           {product lp64_product} {ergonomic}
     bool UseCompressedOops                        = true                           {product lp64_product} {ergonomic}
     bool UseG1GC                                  = true                                      {product} {ergonomic}
     bool UseLargePagesIndividualAllocation        = false                                  {pd product} {ergonomic}

Logging:
Log output configuration:
 #0: stdout all=warning uptime,level,tags
 #1: stderr all=off uptime,level,tags

Environment Variables:
PATH=C:\Program Files\Common Files\Oracle\Java\javapath;C:\Program Files (x86)\Common Files\Oracle\Java\javapath;C:\WINDOWS\system32;C:\WINDOWS;C:\WINDOWS\System32\Wbem;C:\WINDOWS\System32\WindowsPowerShell\v1.0\;C:\WINDOWS\System32\OpenSSH\;C:\MinGW\bin;D:\Git\cmd;C:\Program Files\Java\jdk-17\bin;C:\Program Files\MySQL\MySQL Shell 8.0\bin\;C:\Program Files\nodejs\;C:\Users\lalita\AppData\Local\Programs\Microsoft VS Code\bin;
USERNAME=lalita
OS=Windows_NT
PROCESSOR_IDENTIFIER=AMD64 Family 23 Model 104 Stepping 1, AuthenticAMD



---------------  S Y S T E M  ---------------

OS:
 Windows 11 , 64 bit Build 22621 (10.0.22621.3958)
OS uptime: 0 days 6:18 hours

CPU: total 12 (initial active 12) (12 cores per cpu, 2 threads per core) family 23 model 104 stepping 1 microcode 0x0, cx8, cmov, fxsr, ht, mmx, 3dnowpref, sse, sse2, sse3, ssse3, sse4a, sse4.1, sse4.2, popcnt, lzcnt, tsc, tscinvbit, avx, avx2, aes, clmul, bmi1, bmi2, adx, sha, fma, vzeroupper, clflush, clflushopt

Memory: 4k page, system-wide physical 7504M (761M free)
TotalPageFile size 25615M (AvailPageFile size 0M)
current process WorkingSet (physical memory assigned to process): 85M, peak: 85M
current process commit charge ("private bytes"): 237M, peak: 237M

vm_info: Java HotSpot(TM) 64-Bit Server VM (17.0.11+7-LTS-207) for windows-amd64 JRE (17.0.11+7-LTS-207), built on Mar 11 2024 19:01:50 by "mach5one" with MS VC++ 17.6 (VS2022)

END.
